---------------------------------------------
Log D:\DayZServers\TheCommunity_enochTest\TheCommunityServer\crash_2020-04-25_12-03-12.log started at 25.04. 13:50:41



------------------------------------
R16RK4U17-3, 25.04 2020 13:50:41
NULL pointer to instance
Class:      'ActionDismantlePart'
Function: 'OnFinishProgressServer'
Stack trace:
BaseBuildingLogs/scripts/4_World/classes\useractionscomponent\actions\continuous\actiondismantlepart.c:12
scripts/4_World/classes\useractionscomponent\actions\actioncontinuousbase.c:203
scripts/4_World/classes\useractionscomponent\actioncomponents\cacontinuousbase.c:12
scripts/4_World/classes\useractionscomponent\actioncomponents\cacontinuoustime.c:53
scripts/4_World/classes\useractionscomponent\animatedactionbase.c:60
scripts/4_World/classes\useractionscomponent\animatedactionbase.c:339
scripts/4_World/classes\useractionscomponent\actions\actioncontinuousbase.c:28

Runtime mode
CLI params: port 2442 mod @CF;@Community-Online-Tools;@BuildAnywhere;@BaseBuildingLogs;@Trader;@BaseBuildingPlus;@Durable_Suppressors;@VPPMap;@Ear-Plugs;@Catch_Rain;@DayZ-Expansion-Notifications;@DayZ-Expansion-Chat;@No_Shoe_Damage;@Airdrop-Upgraded;@Ammo_Making;@Banking;@BuilderItems;@Camosplus;@CannabisPlus;@CheckIdentity;@Code_Lock;@Dayz_Navigation;@FIDOv4;@FlipTransport;@GoreZ;@IRP;@KillFeed;@NoVehicleDamage;@PartyMe;@Modular_Vest_System;@MuchStuffPack;@SWP;@BreachingCharge;@BBPBreachCharge;@MunghardsItempack;@NDVPPM;@Next_Days;@Notes;@SQUAD_MSF-C;@Zeroy-FishingZ;@OP_BaseItems;@Base_Storage;@Unlimited_Stamina;@SIX-DayZ-Auto-Run; config D:\DayZServers\TheCommunity_enochTest\TheCommunityDZTest.cfg profiles TheCommunityServer BEPath D:\DayZServers\TheCommunity_enochTest\battleye filePatching  adminlog  netlog  freezecheck  scrAllowFileWrite  


------------------------------------
R16RK4U17-3, 25.04 2020 13:50:51
NULL pointer to instance
Class:      'ActionDismantlePart'
Function: 'OnFinishProgressServer'
Stack trace:
BaseBuildingLogs/scripts/4_World/classes\useractionscomponent\actions\continuous\actiondismantlepart.c:12
scripts/4_World/classes\useractionscomponent\actions\actioncontinuousbase.c:203
scripts/4_World/classes\useractionscomponent\actioncomponents\cacontinuousbase.c:12
scripts/4_World/classes\useractionscomponent\actioncomponents\cacontinuoustime.c:53
scripts/4_World/classes\useractionscomponent\animatedactionbase.c:60
scripts/4_World/classes\useractionscomponent\animatedactionbase.c:339
scripts/4_World/classes\useractionscomponent\actions\actioncontinuousbase.c:28

Runtime mode
CLI params: port 2442 mod @CF;@Community-Online-Tools;@BuildAnywhere;@BaseBuildingLogs;@Trader;@BaseBuildingPlus;@Durable_Suppressors;@VPPMap;@Ear-Plugs;@Catch_Rain;@DayZ-Expansion-Notifications;@DayZ-Expansion-Chat;@No_Shoe_Damage;@Airdrop-Upgraded;@Ammo_Making;@Banking;@BuilderItems;@Camosplus;@CannabisPlus;@CheckIdentity;@Code_Lock;@Dayz_Navigation;@FIDOv4;@FlipTransport;@GoreZ;@IRP;@KillFeed;@NoVehicleDamage;@PartyMe;@Modular_Vest_System;@MuchStuffPack;@SWP;@BreachingCharge;@BBPBreachCharge;@MunghardsItempack;@NDVPPM;@Next_Days;@Notes;@SQUAD_MSF-C;@Zeroy-FishingZ;@OP_BaseItems;@Base_Storage;@Unlimited_Stamina;@SIX-DayZ-Auto-Run; config D:\DayZServers\TheCommunity_enochTest\TheCommunityDZTest.cfg profiles TheCommunityServer BEPath D:\DayZServers\TheCommunity_enochTest\battleye filePatching  adminlog  netlog  freezecheck  scrAllowFileWrite  


------------------------------------
R16RK4U17-3, 25.04 2020 13:56:47
NULL pointer to instance
Class:      'ActionDismantlePart'
Function: 'OnFinishProgressServer'
Stack trace:
BaseBuildingLogs/scripts/4_World/classes\useractionscomponent\actions\continuous\actiondismantlepart.c:12
scripts/4_World/classes\useractionscomponent\actions\actioncontinuousbase.c:203
scripts/4_World/classes\useractionscomponent\actioncomponents\cacontinuousbase.c:12
scripts/4_World/classes\useractionscomponent\actioncomponents\cacontinuoustime.c:53
scripts/4_World/classes\useractionscomponent\animatedactionbase.c:60
scripts/4_World/classes\useractionscomponent\animatedactionbase.c:339
scripts/4_World/classes\useractionscomponent\actions\actioncontinuousbase.c:28

Runtime mode
CLI params: port 2442 mod @CF;@Community-Online-Tools;@BuildAnywhere;@BaseBuildingLogs;@Trader;@BaseBuildingPlus;@Durable_Suppressors;@VPPMap;@Ear-Plugs;@Catch_Rain;@DayZ-Expansion-Notifications;@DayZ-Expansion-Chat;@No_Shoe_Damage;@Airdrop-Upgraded;@Ammo_Making;@Banking;@BuilderItems;@Camosplus;@CannabisPlus;@CheckIdentity;@Code_Lock;@Dayz_Navigation;@FIDOv4;@FlipTransport;@GoreZ;@IRP;@KillFeed;@NoVehicleDamage;@PartyMe;@Modular_Vest_System;@MuchStuffPack;@SWP;@BreachingCharge;@BBPBreachCharge;@MunghardsItempack;@NDVPPM;@Next_Days;@Notes;@SQUAD_MSF-C;@Zeroy-FishingZ;@OP_BaseItems;@Base_Storage;@Unlimited_Stamina;@SIX-DayZ-Auto-Run; config D:\DayZServers\TheCommunity_enochTest\TheCommunityDZTest.cfg profiles TheCommunityServer BEPath D:\DayZServers\TheCommunity_enochTest\battleye filePatching  adminlog  netlog  freezecheck  scrAllowFileWrite  


------------------------------------
R16RK4U17-3, 25.04 2020 14:07:54
NULL pointer to instance
Class:      'DayZPlayerInventory'
Function: 'HandleInputData'
Stack trace:
scripts/4_World/systems\inventory\dayzplayerinventory.c:542
scripts/4_World/systems\inventory\dayzplayerinventory.c:357

Runtime mode
CLI params: port 2442 mod @CF;@Community-Online-Tools;@BuildAnywhere;@BaseBuildingLogs;@Trader;@BaseBuildingPlus;@Durable_Suppressors;@VPPMap;@Ear-Plugs;@Catch_Rain;@DayZ-Expansion-Notifications;@DayZ-Expansion-Chat;@No_Shoe_Damage;@Airdrop-Upgraded;@Ammo_Making;@Banking;@BuilderItems;@Camosplus;@CannabisPlus;@CheckIdentity;@Code_Lock;@Dayz_Navigation;@FIDOv4;@FlipTransport;@GoreZ;@IRP;@KillFeed;@NoVehicleDamage;@PartyMe;@Modular_Vest_System;@MuchStuffPack;@SWP;@BreachingCharge;@BBPBreachCharge;@MunghardsItempack;@NDVPPM;@Next_Days;@Notes;@SQUAD_MSF-C;@Zeroy-FishingZ;@OP_BaseItems;@Base_Storage;@Unlimited_Stamina;@SIX-DayZ-Auto-Run; config D:\DayZServers\TheCommunity_enochTest\TheCommunityDZTest.cfg profiles TheCommunityServer BEPath D:\DayZServers\TheCommunity_enochTest\battleye filePatching  adminlog  netlog  freezecheck  scrAllowFileWrite  
---------------------------------------------
Log D:\DayZServers\TheCommunity_enochTest\TheCommunityServer\crash_2020-04-25_17-49-30.log started at 25.04. 18:52:45



------------------------------------
R16RK4U17-3, 25.04 2020 18:52:45
NULL pointer to instance
Class:      'alp_NextDaysServer'
Function: 'Restock'
Stack trace:
NextDays/scripts/4_World/classes\nextdays\nextdaysserver.c:110
scripts/3_Game/tools\tools.c:600
scripts/3_Game/tools\tools.c:289
scripts/3_Game/tools\tools.c:404
scripts/3_Game/dayzgame.c:2334

Runtime mode
CLI params: port 2442 mod @CF;@Community-Online-Tools;@BuildAnywhere;@BaseBuildingLogs;@Trader;@BaseBuildingPlus;@Durable_Suppressors;@VPPMap;@Ear-Plugs;@Catch_Rain;@DayZ-Expansion-Notifications;@DayZ-Expansion-Chat;@No_Shoe_Damage;@Airdrop-Upgraded;@Ammo_Making;@Banking;@BuilderItems;@Camosplus;@CannabisPlus;@CheckIdentity;@Code_Lock;@Dayz_Navigation;@FIDOv4;@FlipTransport;@GoreZ;@IRP;@KillFeed;@NoVehicleDamage;@PartyMe;@Modular_Vest_System;@MuchStuffPack;@SWP;@BreachingCharge;@BBPBreachCharge;@MunghardsItempack;@NDVPPM;@Next_Days;@Notes;@SQUAD_MSF-C;@Zeroy-FishingZ;@OP_BaseItems;@Base_Storage;@Unlimited_Stamina;@SIX-DayZ-Auto-Run; config D:\DayZServers\TheCommunity_enochTest\TheCommunityDZTest.cfg profiles TheCommunityServer BEPath D:\DayZServers\TheCommunity_enochTest\battleye filePatching  adminlog  netlog  freezecheck  scrAllowFileWrite  


------------------------------------
R16RK4U17-3, 25.04 2020 19:55:00
NULL pointer to instance
Class:      'alp_NextDaysServer'
Function: 'Restock'
Stack trace:
NextDays/scripts/4_World/classes\nextdays\nextdaysserver.c:110
scripts/3_Game/tools\tools.c:600
scripts/3_Game/tools\tools.c:289
scripts/3_Game/tools\tools.c:404
scripts/3_Game/dayzgame.c:2334

Runtime mode
CLI params: port 2442 mod @CF;@Community-Online-Tools;@BuildAnywhere;@BaseBuildingLogs;@Trader;@BaseBuildingPlus;@Durable_Suppressors;@VPPMap;@Ear-Plugs;@Catch_Rain;@DayZ-Expansion-Notifications;@DayZ-Expansion-Chat;@No_Shoe_Damage;@Airdrop-Upgraded;@Ammo_Making;@Banking;@BuilderItems;@Camosplus;@CannabisPlus;@CheckIdentity;@Code_Lock;@Dayz_Navigation;@FIDOv4;@FlipTransport;@GoreZ;@IRP;@KillFeed;@NoVehicleDamage;@PartyMe;@Modular_Vest_System;@MuchStuffPack;@SWP;@BreachingCharge;@BBPBreachCharge;@MunghardsItempack;@NDVPPM;@Next_Days;@Notes;@SQUAD_MSF-C;@Zeroy-FishingZ;@OP_BaseItems;@Base_Storage;@Unlimited_Stamina;@SIX-DayZ-Auto-Run; config D:\DayZServers\TheCommunity_enochTest\TheCommunityDZTest.cfg profiles TheCommunityServer BEPath D:\DayZServers\TheCommunity_enochTest\battleye filePatching  adminlog  netlog  freezecheck  scrAllowFileWrite  
