18:36:56 BattlEye Server: Initialized (v1.217)
18:36:56 SUCCESS: SteamGameServer_Init(0,8766,2442,28056,3,1.07.153006)
18:36:56 Roles assigned.
18:36:56 Reading mission ...
18:37:39 [CE][Hive] :: Initializing OFFLINE
18:37:39 [CE][Hive] :: Loading core data ... 
18:37:39 [CE][CoreData] :: 7 root classes, 19 defaults, 0 updaters...
18:37:46 [CE][RegisterBind] :: 0 classes binded...
18:37:46 [CE][RegisterConfig] :: 10056 config classes registered, 0 sub-counters...
18:37:46 [CE][Hive] :: Loading map data ... 
18:37:46 !!! [CE] :: Unknown category: 'vehicleparts'.
18:37:46 [CE][LoadPrototype] :: loaded 330 prototypes
18:37:46   702 containers, 9116 points
18:37:46   24 dispatches, 90 proxies
18:37:46 !!! [CE][LoadPrototype] 12 groups have no points...
18:37:46 !!![CE][LoadPrototype]  3 groups have wrong points...
18:37:46 [CE][LoadPrototype] :: last group name: Land_Lunapark_Autodrome...
18:37:46 [CE][LoadPrototype] :: loaded 0 prototypes
18:37:46   0 containers, 0 points
18:37:46   0 dispatches, 0 proxies
18:37:46 [CE][LoadPrototype] :: last group name: PathD_7100...
18:37:46 [CE][LoadMap] "Group" :: loaded 5086 groups, largest group range: 26.9
18:37:46 [CE][LoadMap] "Dirt" :: loaded 0 groups, largest group range: 26.9
18:37:46 [CE][LoadClusters] "Cluster" :: Loading files...
18:37:47 [CE][LoadClusters] :: file: "mapgroupcluster.xml", 4 types, 50000 instances
18:37:47 [CE][LoadClusters] :: file: "mapgroupcluster01", 4 types, 50000 instances
18:37:47 [CE][LoadClusters] :: file: "mapgroupcluster02", 4 types, 50000 instances
18:37:47 [CE][LoadClusters] :: file: "mapgroupcluster03", 4 types, 50000 instances
18:37:47 [CE][LoadClusters] :: file: "mapgroupcluster04", 4 types, 21297 instances
18:37:47 [CE][Storage] ver:21 stamp:18695, valid:yes, name:"mpmissions\TheCommunity.enoch\storage_666\data\types.bin"
18:37:47 [CE][Storage] ver:21 stamp:18694, valid:yes, name:"mpmissions\TheCommunity.enoch\storage_666\data\types.001"
18:37:47 [CE][Storage] ver:21 stamp:18692, valid:yes, name:"mpmissions\TheCommunity.enoch\storage_666\data\types.002"
18:37:47 [CE][Storage] Restoring file "mpmissions\TheCommunity.enoch\storage_666\data\types.bin".
18:37:48 [CE][offlineDB] :: Loaded 33 dynamic events 215 total types 0 total positions.
18:37:48 [CE][Storage] ver:21 stamp:18695, valid:yes, name:"mpmissions\TheCommunity.enoch\storage_666\data\events.bin"
18:37:48 [CE][Storage] ver:21 stamp:18694, valid:yes, name:"mpmissions\TheCommunity.enoch\storage_666\data\events.001"
18:37:48 [CE][Storage] ver:21 stamp:18692, valid:yes, name:"mpmissions\TheCommunity.enoch\storage_666\data\events.002"
18:37:48 [CE][Storage] Restoring file "mpmissions\TheCommunity.enoch\storage_666\data\events.bin".
18:37:48 [CE][DynamicEvent] Load  Events:[33] Primary spawners: 33 Secondary spawners: 1
18:37:48 [CE][Storage] ver:24 stamp:18695, valid:yes, name:"mpmissions\TheCommunity.enoch\storage_666\data\vehicles.bin"
18:37:48 [CE][Storage] ver:24 stamp:18694, valid:yes, name:"mpmissions\TheCommunity.enoch\storage_666\data\vehicles.001"
18:37:48 [CE][Storage] ver:24 stamp:18692, valid:yes, name:"mpmissions\TheCommunity.enoch\storage_666\data\vehicles.002"
18:37:48 [CE][Storage] Restoring file "mpmissions\TheCommunity.enoch\storage_666\data\vehicles.bin" 103 items.
18:37:48   103 items loaded.
18:37:48 [CE][Storage] ver:24 stamp:18695, valid:yes, name:"mpmissions\TheCommunity.enoch\storage_666\data\dynamic_000.bin"
18:37:48 [CE][Storage] ver:24 stamp:18694, valid:yes, name:"mpmissions\TheCommunity.enoch\storage_666\data\dynamic_000.001"
18:37:48 [CE][Storage] ver:24 stamp:18692, valid:yes, name:"mpmissions\TheCommunity.enoch\storage_666\data\dynamic_000.002"
18:37:48 [CE][Storage] Restoring file "mpmissions\TheCommunity.enoch\storage_666\data\dynamic_000.bin" 351 items.
18:37:48   351 items loaded.
18:37:48 [CE][Storage] ver:24 stamp:18695, valid:yes, name:"mpmissions\TheCommunity.enoch\storage_666\data\dynamic_001.bin"
18:37:48 [CE][Storage] ver:24 stamp:18694, valid:yes, name:"mpmissions\TheCommunity.enoch\storage_666\data\dynamic_001.001"
18:37:48 [CE][Storage] ver:24 stamp:18692, valid:yes, name:"mpmissions\TheCommunity.enoch\storage_666\data\dynamic_001.002"
18:37:48 [CE][Storage] Restoring file "mpmissions\TheCommunity.enoch\storage_666\data\dynamic_001.bin" 2214 items.
18:37:49   2214 items loaded.
18:37:49 [CE][Storage] ver:24 stamp:18695, valid:yes, name:"mpmissions\TheCommunity.enoch\storage_666\data\dynamic_002.bin"
18:37:49 [CE][Storage] ver:24 stamp:18694, valid:yes, name:"mpmissions\TheCommunity.enoch\storage_666\data\dynamic_002.001"
18:37:49 [CE][Storage] ver:24 stamp:18692, valid:yes, name:"mpmissions\TheCommunity.enoch\storage_666\data\dynamic_002.002"
18:37:49 [CE][Storage] Restoring file "mpmissions\TheCommunity.enoch\storage_666\data\dynamic_002.bin" 611 items.
18:37:49   611 items loaded.
18:37:49 [CE][Storage] ver:24 stamp:18695, valid:yes, name:"mpmissions\TheCommunity.enoch\storage_666\data\dynamic_003.bin"
18:37:49 [CE][Storage] ver:24 stamp:18694, valid:yes, name:"mpmissions\TheCommunity.enoch\storage_666\data\dynamic_003.001"
18:37:49 [CE][Storage] ver:24 stamp:18692, valid:yes, name:"mpmissions\TheCommunity.enoch\storage_666\data\dynamic_003.002"
18:37:49 [CE][Storage] Restoring file "mpmissions\TheCommunity.enoch\storage_666\data\dynamic_003.bin" 1186 items.
18:37:49   1186 items loaded.
18:37:49 [CE][Storage] ver:24 stamp:18695, valid:yes, name:"mpmissions\TheCommunity.enoch\storage_666\data\dynamic_004.bin"
18:37:49 [CE][Storage] ver:24 stamp:18694, valid:yes, name:"mpmissions\TheCommunity.enoch\storage_666\data\dynamic_004.001"
18:37:49 [CE][Storage] ver:24 stamp:18692, valid:yes, name:"mpmissions\TheCommunity.enoch\storage_666\data\dynamic_004.002"
18:37:49 [CE][Storage] Restoring file "mpmissions\TheCommunity.enoch\storage_666\data\dynamic_004.bin" 1649 items.
18:37:50   1649 items loaded.
18:37:50 [CE][Storage] ver:24 stamp:18695, valid:yes, name:"mpmissions\TheCommunity.enoch\storage_666\data\dynamic_005.bin"
18:37:50 [CE][Storage] ver:24 stamp:18694, valid:yes, name:"mpmissions\TheCommunity.enoch\storage_666\data\dynamic_005.001"
18:37:50 [CE][Storage] ver:24 stamp:18692, valid:yes, name:"mpmissions\TheCommunity.enoch\storage_666\data\dynamic_005.002"
18:37:50 [CE][Storage] Restoring file "mpmissions\TheCommunity.enoch\storage_666\data\dynamic_005.bin" 1923 items.
18:37:51   1923 items loaded.
18:37:51 [CE][Storage] ver:24 stamp:18695, valid:yes, name:"mpmissions\TheCommunity.enoch\storage_666\data\dynamic_006.bin"
18:37:51 [CE][Storage] ver:24 stamp:18694, valid:yes, name:"mpmissions\TheCommunity.enoch\storage_666\data\dynamic_006.001"
18:37:51 [CE][Storage] ver:24 stamp:18692, valid:yes, name:"mpmissions\TheCommunity.enoch\storage_666\data\dynamic_006.002"
18:37:51 [CE][Storage] Restoring file "mpmissions\TheCommunity.enoch\storage_666\data\dynamic_006.bin" 1000 items.
18:37:51   1000 items loaded.
18:37:51 [CE][Storage] ver:24 stamp:18695, valid:yes, name:"mpmissions\TheCommunity.enoch\storage_666\data\dynamic_007.bin"
18:37:51 [CE][Storage] ver:24 stamp:18694, valid:yes, name:"mpmissions\TheCommunity.enoch\storage_666\data\dynamic_007.001"
18:37:51 [CE][Storage] ver:24 stamp:18692, valid:yes, name:"mpmissions\TheCommunity.enoch\storage_666\data\dynamic_007.002"
18:37:51 [CE][Storage] Restoring file "mpmissions\TheCommunity.enoch\storage_666\data\dynamic_007.bin" 1312 items.
18:37:51   1312 items loaded.
18:37:51 [CE][Storage] ver:24 stamp:18695, valid:yes, name:"mpmissions\TheCommunity.enoch\storage_666\data\dynamic_008.bin"
18:37:51 [CE][Storage] ver:24 stamp:18694, valid:yes, name:"mpmissions\TheCommunity.enoch\storage_666\data\dynamic_008.001"
18:37:51 [CE][Storage] ver:24 stamp:18695, valid:yes, name:"mpmissions\TheCommunity.enoch\storage_666\data\dynamic_008.002"
18:37:51 [CE][Storage] Restoring file "mpmissions\TheCommunity.enoch\storage_666\data\dynamic_008.bin" 1073 items.
18:37:52   1073 items loaded.
18:37:52 [CE][Storage] ver:24 stamp:18695, valid:yes, name:"mpmissions\TheCommunity.enoch\storage_666\data\dynamic_009.bin"
18:37:52 [CE][Storage] ver:24 stamp:18694, valid:yes, name:"mpmissions\TheCommunity.enoch\storage_666\data\dynamic_009.001"
18:37:52 [CE][Storage] ver:24 stamp:18695, valid:yes, name:"mpmissions\TheCommunity.enoch\storage_666\data\dynamic_009.002"
18:37:52 [CE][Storage] Restoring file "mpmissions\TheCommunity.enoch\storage_666\data\dynamic_009.bin" 1059 items.
18:37:52   1059 items loaded.
18:37:52 [CE][Storage] ver:24 stamp:18695, valid:yes, name:"mpmissions\TheCommunity.enoch\storage_666\data\dynamic_010.bin"
18:37:52 [CE][Storage] ver:24 stamp:18694, valid:yes, name:"mpmissions\TheCommunity.enoch\storage_666\data\dynamic_010.001"
18:37:52 [CE][Storage] ver:24 stamp:18695, valid:yes, name:"mpmissions\TheCommunity.enoch\storage_666\data\dynamic_010.002"
18:37:52 [CE][Storage] Restoring file "mpmissions\TheCommunity.enoch\storage_666\data\dynamic_010.bin" 2631 items.
18:37:53   2631 items loaded.
18:37:53 [CE][Storage] ver:24 stamp:18695, valid:yes, name:"mpmissions\TheCommunity.enoch\storage_666\data\dynamic_011.bin"
18:37:53 [CE][Storage] ver:24 stamp:18694, valid:yes, name:"mpmissions\TheCommunity.enoch\storage_666\data\dynamic_011.001"
18:37:53 [CE][Storage] ver:24 stamp:18695, valid:yes, name:"mpmissions\TheCommunity.enoch\storage_666\data\dynamic_011.002"
18:37:53 [CE][Storage] Restoring file "mpmissions\TheCommunity.enoch\storage_666\data\dynamic_011.bin" 361 items.
18:37:53   361 items loaded.
18:37:53 [CE][Hive] :: Storage load took:5.42 seconds, recovery stamp:18695
18:37:53   entity: 16010, building: 0
18:37:53   no lifetime: 48
18:37:53 [CE][Hive] :: Initializing ... 
18:37:53 [CE][InitializeMap] :: initialized: 0
18:37:53 [CE][Hive] :: Initializing spawners ... 
18:37:55 [CE][LootRespawner] (PRIDummy) :: Item [0] causing search overtime: "MSFCGorkaPATACSFG"
18:37:55 [CE][LootRespawner] (PRIDummy) :: Item [1] causing search overtime: "MSFCGorkaPATACSFG"
18:37:55 [CE][LootRespawner] (PRIDummy) :: Item [2] causing search overtime: "MSFCGorkaPATACSFG"
18:37:55 [CE][LootRespawner] (PRIDummy) :: Item [3] causing search overtime: "PlateCarrierVest"
18:37:55 [CE][LootRespawner] (PRIDummy) :: Item [4] causing search overtime: "PlateCarrierVest"
18:37:55 [CE][LootRespawner] (PRIDummy) :: Item [5] causing search overtime: "PlateCarrierVest"
18:37:55 [CE][LootRespawner] (PRIDummy) :: Item [6] causing search overtime: "PlateCarrierVest"
18:37:55 [CE][LootRespawner] (PRIDummy) :: Item [7] causing search overtime: "PlateCarrierVest"
18:37:55 [CE][LootRespawner] (PRIDummy) :: Item [8] causing search overtime: "PlateCarrierVest"
18:37:55 [CE][LootRespawner] (PRIDummy) :: Item [9] causing search overtime: "PlateCarrierVest"
18:37:55 [CE][LootRespawner] (PRIDummy) :: Item [10] causing search overtime: "PlateCarrierVest"
18:37:55 [CE][LootRespawner] (PRIDummy) :: Item [11] causing search overtime: "PlateCarrierVest"
18:37:55 [CE][LootRespawner] (PRIDummy) :: Item [12] causing search overtime: "PlateCarrierVest"
18:37:55 [CE][LootRespawner] (PRIDummy) :: Item [13] causing search overtime: "PlateCarrierVest"
18:37:55 [CE][LootRespawner] (PRIDummy) :: Item [14] causing search overtime: "PlateCarrierVest"
18:37:55 [CE][LootRespawner] (PRIDummy) :: Item [15] causing search overtime: "PlateCarrierVest"
18:37:55 [CE][LootRespawner] (PRIDummy) :: Item [16] causing search overtime: "PlateCarrierVest"
18:37:55 [CE][LootRespawner] (PRIDummy) :: Item [17] causing search overtime: "PlateCarrierVest"
18:37:55 [CE][LootRespawner] (PRIDummy) :: Item [18] causing search overtime: "PlateCarrierVest"
18:37:55 [CE][LootRespawner] (PRIDummy) :: Item [19] causing search overtime: "PlateCarrierVest"
18:37:55 [CE][LootRespawner] (PRIDummy) :: Item [0] is hard to place, performance drops: "M4A1_Tigerstripe"
18:37:55 [CE][LootRespawner] (PRIDummy) :: Item [1] is hard to place, performance drops: "M4A1_Tigerstripe"
18:37:55 [CE][LootRespawner] (PRIDummy) :: Item [2] is hard to place, performance drops: "M4A1_Tigerstripe"
18:37:55 [CE][LootRespawner] (PRIDummy) :: Item [3] is hard to place, performance drops: "M4A1_Tigerstripe"
18:37:55 [CE][LootRespawner] (PRIDummy) :: Item [4] is hard to place, performance drops: "M4A1_Tigerstripe"
18:37:55 [CE][LootRespawner] (PRIDummy) :: Item [5] is hard to place, performance drops: "M4A1_Tigerstripe"
18:37:55 [CE][LootRespawner] (PRIDummy) :: Item [6] is hard to place, performance drops: "M4A1_Tigerstripe"
18:37:55 [CE][LootRespawner] (PRIDummy) :: Item [7] is hard to place, performance drops: "M4A1_Tigerstripe"
18:37:55 [CE][LootRespawner] (PRIDummy) :: Item [8] is hard to place, performance drops: "M4A1_Tigerstripe"
18:37:55 [CE][LootRespawner] (PRIDummy) :: Item [9] is hard to place, performance drops: "M4A1_Tigerstripe"
18:37:55 [CE][LootRespawner] (PRIDummy) :: Item [10] is hard to place, performance drops: "M4A1_Tigerstripe"
18:37:55 [CE][LootRespawner] (PRIDummy) :: Item [11] is hard to place, performance drops: "M4A1_Tigerstripe"
18:37:55 [CE][LootRespawner] (PRIDummy) :: Item [12] is hard to place, performance drops: "Snipe_Mask_tan"
18:37:55 [CE][LootRespawner] (PRIDummy) :: Item [13] is hard to place, performance drops: "Snipe_Mask_tan"
18:37:55 [CE][LootRespawner] (PRIDummy) :: Item [14] is hard to place, performance drops: "BaseballCap_CMMG_Pink"
18:37:55 [CE][LootRespawner] (PRIDummy) :: Item [15] is hard to place, performance drops: "Sedan_02_Trunk_GreyRust"
18:37:55 [CE][LootRespawner] (PRIDummy) :: Item [16] is hard to place, performance drops: "Sedan_02_Trunk_GreyRust"
18:37:55 [CE][LootRespawner] (PRIDummy) :: Item [17] is hard to place, performance drops: "LeatherSewingKit"
18:37:55 [CE][LootRespawner] (PRIDummy) :: Item [18] is hard to place, performance drops: "LeatherSewingKit"
18:37:55 [CE][LootRespawner] (PRIDummy) :: Item [19] is hard to place, performance drops: "PressVest_Blue"
18:37:56 [CE][LootRespawner] (PRIDummy) :: Initially (re)spawned:1110, Nominal:32677, Total in Map: 16632 at 1 (sec)
18:37:56   tests:1179, repeats:0 fails:69, overtime:12718
18:37:56 [CE][DynEvent] :: 33 types
18:37:56 [00] AmbientHen
18:37:56   Primary Spawner: "Ambient", active: yes, repeat: 1
18:37:56 [01] AnimalBear
18:37:56   Primary Spawner: "Animal", active: yes, repeat: 1
18:37:56 [02] AnimalCow
18:37:56   Primary Spawner: "Animal", active: yes, repeat: 1
18:37:56 [03] AnimalDeer
18:37:56   Primary Spawner: "Animal", active: yes, repeat: 1
18:37:56 [04] AnimalGoat
18:37:56   Primary Spawner: "Animal", active: yes, repeat: 1
18:37:56 [05] AnimalPig
18:37:56   Primary Spawner: "Animal", active: yes, repeat: 1
18:37:56 [06] AnimalRoeDeer
18:37:56   Primary Spawner: "Animal", active: yes, repeat: 1
18:37:56 [07] AnimalSheep
18:37:56   Primary Spawner: "Animal", active: yes, repeat: 1
18:37:56 [08] AnimalWildBoar
18:37:56   Primary Spawner: "Animal", active: yes, repeat: 1
18:37:56 [09] AnimalWolf
18:37:56   Primary Spawner: "Animal", active: yes, repeat: 1
18:37:56 [10] InfectedArmy
18:37:56   Primary Spawner: "Infected", active: yes, repeat: 1
18:37:56 [11] InfectedCity
18:37:56   Primary Spawner: "Infected", active: yes, repeat: 1
18:37:56 [12] InfectedFirefighter
18:37:56   Primary Spawner: "Infected", active: yes, repeat: 1
18:37:56 [13] InfectedIndustrial
18:37:56   Primary Spawner: "Infected", active: yes, repeat: 1
18:37:56 [14] InfectedMedic
18:37:56   Primary Spawner: "Infected", active: yes, repeat: 1
18:37:56 [15] InfectedPolice
18:37:56   Primary Spawner: "Infected", active: yes, repeat: 1
18:37:56 [16] InfectedPrisoner
18:37:56   Primary Spawner: "Infected", active: yes, repeat: 1
18:37:56 [17] InfectedReligious
18:37:56   Primary Spawner: "Infected", active: yes, repeat: 1
18:37:56 [18] InfectedSolitude
18:37:56   Primary Spawner: "Infected", active: yes, repeat: 1
18:37:56 [19] InfectedVillage
18:37:56   Primary Spawner: "Infected", active: yes, repeat: 1
18:37:56 [20] ItemPlanks
18:37:56   Primary Spawner: "Item", active: yes, repeat: 1
18:37:56 [21] Loot
18:37:56   Primary Spawner: "Loot", active: yes, repeat: 2
18:37:56 [22] StaticHeliCrash
18:37:56   Primary Spawner: "Vehicle", active: yes, repeat: 1
18:37:56   Secondary Spawner: "Infected", active: yes, repeat: 1
18:37:56 [23] StaticPoliceCar
18:37:56   Primary Spawner: "Vehicle", active: yes, repeat: 1
18:37:56 [24] TrajectoryConiferous
18:37:56   Primary Spawner: "Trajectory", active: yes, repeat: 1
18:37:56 [25] TrajectoryDeciduous
18:37:56   Primary Spawner: "Trajectory", active: yes, repeat: 1
18:37:56 [26] TrajectoryHumus
18:37:56   Primary Spawner: "Trajectory", active: yes, repeat: 1
18:37:56 [27] TrajectoryStones
18:37:56   Primary Spawner: "Trajectory", active: yes, repeat: 1
18:37:56 [28] VehicleCivilianSedan
18:37:56   Primary Spawner: "Vehicle", active: yes, repeat: 1
18:37:56 [29] VehicleHatchback02
18:37:56   Primary Spawner: "Vehicle", active: yes, repeat: 1
18:37:56 [30] VehicleOffroadHatchback
18:37:56   Primary Spawner: "Vehicle", active: yes, repeat: 1
18:37:56 [31] VehicleSedan02
18:37:56   Primary Spawner: "Vehicle", active: yes, repeat: 1
18:37:56 [32] VehicleCrSk_Land_Rover_Defender_110
18:37:56   Primary Spawner: "Vehicle", active: yes, repeat: 1
18:37:56 [CE][Hive] :: Initializing of spawners done.
18:37:56 [CE][Hive] :: Init sequence finished.
18:38:02 BattlEye Server: RCon admin #0 (127.0.0.1:62102) logged in
18:38:26 Average server FPS: 1424.20 (measured interval: 30 s)
18:38:26 Used memory: 1575768 KB
18:38:26 Players: 0 in total
18:38:57 Average server FPS: 2008.28 (measured interval: 30 s)
18:38:57 Used memory: 1585775 KB
18:38:57 Players: 0 in total
18:39:17 [CE][SpawnRandomLoot] (StaticPoliceCar) :: ChildType: Land_Wreck_Volha_Police, lootmin: 3, lootmax: 5, wanted: 4
18:39:17 [CE][SpawnRandomLoot] (StaticPoliceCar) :: ChildType: Land_Wreck_Volha_Police, lootmin: 3, lootmax: 5, wanted: 3
18:39:17 [CE][SpawnRandomLoot] (StaticPoliceCar) :: ChildType: Land_Wreck_Volha_Police, lootmin: 3, lootmax: 5, wanted: 3
18:39:17 [CE][SpawnRandomLoot] (StaticPoliceCar) :: ChildType: Land_Wreck_Volha_Police, lootmin: 3, lootmax: 5, wanted: 3
18:39:17 [CE][SpawnRandomLoot] (StaticPoliceCar) :: ChildType: Land_Wreck_Volha_Police, lootmin: 3, lootmax: 5, wanted: 4
18:39:17 [CE][SpawnRandomLoot] (StaticPoliceCar) :: ChildType: Land_Wreck_Volha_Police, lootmin: 3, lootmax: 5, wanted: 3
18:39:17 [CE][SpawnRandomLoot] (StaticPoliceCar) :: ChildType: Land_Wreck_Volha_Police, lootmin: 3, lootmax: 5, wanted: 3
18:39:17 [CE][SpawnRandomLoot] (StaticPoliceCar) :: ChildType: Land_Wreck_Volha_Police, lootmin: 3, lootmax: 5, wanted: 3
18:39:17 [CE][SpawnRandomLoot] (StaticPoliceCar) :: ChildType: Land_Wreck_Volha_Police, lootmin: 3, lootmax: 5, wanted: 3
18:39:17 [CE][SpawnRandomLoot] (StaticPoliceCar) :: ChildType: Land_Wreck_Volha_Police, lootmin: 3, lootmax: 5, wanted: 3
18:39:27 Average server FPS: 1835.99 (measured interval: 30 s)
18:39:27 Used memory: 1604065 KB
18:39:27 Players: 0 in total
18:39:57 Average server FPS: 1812.77 (measured interval: 30 s)
18:39:57 Used memory: 1607294 KB
18:39:57 Players: 0 in total
18:40:27 Average server FPS: 1890.79 (measured interval: 30 s)
18:40:27 Used memory: 1616721 KB
18:40:27 Players: 0 in total
18:40:57 Average server FPS: 1943.67 (measured interval: 30 s)
18:40:57 Used memory: 1617847 KB
18:40:57 Players: 0 in total
18:41:27 Average server FPS: 2227.27 (measured interval: 30 s)
18:41:27 Used memory: 1619189 KB
18:41:27 Players: 0 in total
18:41:57 Average server FPS: 2338.58 (measured interval: 30 s)
18:41:57 Used memory: 1625119 KB
18:41:57 Players: 0 in total
18:42:27 Average server FPS: 2311.45 (measured interval: 30 s)
18:42:27 Used memory: 1629792 KB
18:42:27 Players: 0 in total
18:42:57 Average server FPS: 2226.44 (measured interval: 30 s)
18:42:57 Used memory: 1636573 KB
18:42:57 Players: 0 in total
18:43:02 BattlEye Server: RCon admin #0: (Global) Welcome to TheCommunity Test Server! This server restarts every 60 minutes
18:43:04 BattlEye Server: RCon admin #0: (Global) https://discord.gg/2W6YhGt -- If you need help join the discord and chime an admin
18:43:27 Average server FPS: 2175.36 (measured interval: 30 s)
18:43:27 Used memory: 1641438 KB
18:43:27 Players: 0 in total
18:43:57 Average server FPS: 2249.43 (measured interval: 30 s)
18:43:57 Used memory: 1645293 KB
18:43:57 Players: 0 in total
18:44:27 Average server FPS: 2299.72 (measured interval: 30 s)
18:44:27 Used memory: 1648925 KB
18:44:27 Players: 0 in total
18:44:57 Average server FPS: 2080.00 (measured interval: 30 s)
18:44:57 Used memory: 1660580 KB
18:44:57 Players: 0 in total
18:45:27 Average server FPS: 2076.11 (measured interval: 30 s)
18:45:27 Used memory: 1667339 KB
18:45:27 Players: 0 in total
18:45:57 Average server FPS: 2290.30 (measured interval: 30 s)
18:45:57 Used memory: 1668788 KB
18:45:57 Players: 0 in total
18:46:27 Average server FPS: 2380.10 (measured interval: 30 s)
18:46:27 Used memory: 1677257 KB
18:46:27 Players: 0 in total
18:46:57 Average server FPS: 2391.70 (measured interval: 30 s)
18:46:57 Used memory: 1682570 KB
18:46:57 Players: 0 in total
18:47:27 Average server FPS: 2386.73 (measured interval: 30 s)
18:47:27 Used memory: 1686428 KB
18:47:27 Players: 0 in total
18:47:57 Average server FPS: 2253.38 (measured interval: 30 s)
18:47:57 Used memory: 1690951 KB
18:47:57 Players: 0 in total
18:48:27 Average server FPS: 2182.87 (measured interval: 30 s)
18:48:27 Used memory: 1697110 KB
18:48:27 Players: 0 in total
18:48:57 Average server FPS: 2262.33 (measured interval: 30 s)
18:48:57 Used memory: 1702118 KB
18:48:57 Players: 0 in total
18:49:28 Average server FPS: 2271.35 (measured interval: 30 s)
18:49:28 Used memory: 1707877 KB
18:49:28 Players: 0 in total
18:49:58 Average server FPS: 1929.01 (measured interval: 30 s)
18:49:58 Used memory: 1712734 KB
18:49:58 Players: 0 in total
18:50:28 Average server FPS: 755.87 (measured interval: 30 s)
18:50:28 Used memory: 1714948 KB
18:50:28 Players: 0 in total
18:50:58 Average server FPS: 1326.36 (measured interval: 30 s)
18:50:58 Used memory: 1718766 KB
18:50:58 Players: 0 in total
18:51:28 Average server FPS: 1441.07 (measured interval: 30 s)
18:51:28 Used memory: 1722401 KB
18:51:28 Players: 0 in total
18:51:58 Average server FPS: 1725.23 (measured interval: 30 s)
18:51:58 Used memory: 1725647 KB
18:51:58 Players: 0 in total
18:52:28 Average server FPS: 1949.60 (measured interval: 30 s)
18:52:28 Used memory: 1729290 KB
18:52:28 Players: 0 in total
18:52:58 Average server FPS: 1992.97 (measured interval: 30 s)
18:52:58 Used memory: 1732087 KB
18:52:58 Players: 0 in total
18:53:28 Average server FPS: 3674.30 (measured interval: 30 s)
18:53:28 Used memory: 1732143 KB
18:53:28 Players: 0 in total
18:53:58 Average server FPS: 6822.17 (measured interval: 30 s)
18:53:58 Used memory: 1731949 KB
18:53:58 Players: 0 in total
18:54:28 Average server FPS: 6719.30 (measured interval: 30 s)
18:54:28 Used memory: 1732693 KB
18:54:28 Players: 0 in total
18:54:58 Average server FPS: 6689.83 (measured interval: 30 s)
18:54:58 Used memory: 1732486 KB
18:54:58 Players: 0 in total
18:55:28 Average server FPS: 6600.83 (measured interval: 30 s)
18:55:28 Used memory: 1732383 KB
18:55:28 Players: 0 in total
18:55:58 Average server FPS: 7315.03 (measured interval: 30 s)
18:55:58 Used memory: 1732327 KB
18:55:58 Players: 0 in total
18:56:28 Average server FPS: 7247.53 (measured interval: 30 s)
18:56:28 Used memory: 1732298 KB
18:56:28 Players: 0 in total
18:56:58 Average server FPS: 7281.23 (measured interval: 30 s)
18:56:58 Used memory: 1732255 KB
18:56:58 Players: 0 in total
18:57:28 Average server FPS: 7328.13 (measured interval: 30 s)
18:57:28 Used memory: 1732351 KB
18:57:28 Players: 0 in total
18:57:58 Average server FPS: 7324.67 (measured interval: 30 s)
18:57:58 Used memory: 1732298 KB
18:57:58 Players: 0 in total
18:58:28 Average server FPS: 7324.40 (measured interval: 30 s)
18:58:28 Used memory: 1733353 KB
18:58:28 Players: 0 in total
18:58:58 Average server FPS: 7235.17 (measured interval: 30 s)
18:58:58 Used memory: 1733188 KB
18:58:58 Players: 0 in total
18:59:28 Average server FPS: 6376.80 (measured interval: 30 s)
18:59:28 Used memory: 1733111 KB
18:59:28 Players: 0 in total
18:59:58 Average server FPS: 7189.40 (measured interval: 30 s)
18:59:58 Used memory: 1733773 KB
18:59:58 Players: 0 in total
19:00:28 Average server FPS: 7342.37 (measured interval: 30 s)
19:00:28 Used memory: 1733633 KB
19:00:28 Players: 0 in total
19:00:58 Average server FPS: 7329.50 (measured interval: 30 s)
19:00:58 Used memory: 1733456 KB
19:00: