18:28:40 BattlEye Server: Initialized (v1.217)
18:28:41 SUCCESS: SteamGameServer_Init(0,8766,2442,28056,3,1.07.153006)
18:28:41 Roles assigned.
18:28:41 Reading mission ...
18:29:24 [CE][Hive] :: Initializing OFFLINE
18:29:24 [CE][Hive] :: Loading core data ... 
18:29:24 [CE][CoreData] :: 7 root classes, 19 defaults, 0 updaters...
18:29:30 [CE][RegisterBind] :: 0 classes binded...
18:29:30 [CE][RegisterConfig] :: 10050 config classes registered, 0 sub-counters...
18:29:30 [CE][Hive] :: Loading map data ... 
18:29:30 !!! [CE] :: Unknown category: 'vehicleparts'.
18:29:30 [CE][LoadPrototype] :: loaded 330 prototypes
18:29:30   702 containers, 9116 points
18:29:30   24 dispatches, 90 proxies
18:29:30 !!! [CE][LoadPrototype] 12 groups have no points...
18:29:30 !!![CE][LoadPrototype]  3 groups have wrong points...
18:29:30 [CE][LoadPrototype] :: last group name: Land_Lunapark_Autodrome...
18:29:30 [CE][LoadPrototype] :: loaded 0 prototypes
18:29:30   0 containers, 0 points
18:29:30   0 dispatches, 0 proxies
18:29:30 [CE][LoadPrototype] :: last group name: PathD_7100...
18:29:31 [CE][LoadMap] "Group" :: loaded 5086 groups, largest group range: 26.9
18:29:31 [CE][LoadMap] "Dirt" :: loaded 0 groups, largest group range: 26.9
18:29:31 [CE][LoadClusters] "Cluster" :: Loading files...
18:29:31 [CE][LoadClusters] :: file: "mapgroupcluster.xml", 4 types, 50000 instances
18:29:31 [CE][LoadClusters] :: file: "mapgroupcluster01", 4 types, 50000 instances
18:29:31 [CE][LoadClusters] :: file: "mapgroupcluster02", 4 types, 50000 instances
18:29:32 [CE][LoadClusters] :: file: "mapgroupcluster03", 4 types, 50000 instances
18:29:32 [CE][LoadClusters] :: file: "mapgroupcluster04", 4 types, 21297 instances
18:29:32 [CE][Storage] ver:21 stamp:5442, valid:yes, name:"mpmissions\TheCommunity.enoch\storage_666\data\types.bin"
18:29:32 [CE][Storage] ver:21 stamp:5441, valid:yes, name:"mpmissions\TheCommunity.enoch\storage_666\data\types.001"
18:29:32 [CE][Storage] ver:21 stamp:5439, valid:yes, name:"mpmissions\TheCommunity.enoch\storage_666\data\types.002"
18:29:32 [CE][Storage] Restoring file "mpmissions\TheCommunity.enoch\storage_666\data\types.bin".
18:29:32 [CE][offlineDB] :: Loaded 33 dynamic events 215 total types 0 total positions.
18:29:32 [CE][Storage] ver:21 stamp:5442, valid:yes, name:"mpmissions\TheCommunity.enoch\storage_666\data\events.bin"
18:29:32 [CE][Storage] ver:21 stamp:5441, valid:yes, name:"mpmissions\TheCommunity.enoch\storage_666\data\events.001"
18:29:32 [CE][Storage] ver:21 stamp:5439, valid:yes, name:"mpmissions\TheCommunity.enoch\storage_666\data\events.002"
18:29:32 [CE][Storage] Restoring file "mpmissions\TheCommunity.enoch\storage_666\data\events.bin".
18:29:32 [CE][DynamicEvent] Load  Events:[33] Primary spawners: 33 Secondary spawners: 1
18:29:32 [CE][Storage] ver:24 stamp:5442, valid:yes, name:"mpmissions\TheCommunity.enoch\storage_666\data\vehicles.bin"
18:29:32 [CE][Storage] ver:24 stamp:5441, valid:yes, name:"mpmissions\TheCommunity.enoch\storage_666\data\vehicles.001"
18:29:32 [CE][Storage] ver:24 stamp:5439, valid:yes, name:"mpmissions\TheCommunity.enoch\storage_666\data\vehicles.002"
18:29:32 [CE][Storage] Restoring file "mpmissions\TheCommunity.enoch\storage_666\data\vehicles.bin" 96 items.
18:29:32   96 items loaded.
18:29:32 [CE][Storage] ver:24 stamp:5442, valid:yes, name:"mpmissions\TheCommunity.enoch\storage_666\data\dynamic_000.bin"
18:29:32 [CE][Storage] ver:24 stamp:5441, valid:yes, name:"mpmissions\TheCommunity.enoch\storage_666\data\dynamic_000.001"
18:29:32 [CE][Storage] ver:24 stamp:5439, valid:yes, name:"mpmissions\TheCommunity.enoch\storage_666\data\dynamic_000.002"
18:29:32 [CE][Storage] Restoring file "mpmissions\TheCommunity.enoch\storage_666\data\dynamic_000.bin" 405 items.
18:29:32   405 items loaded.
18:29:32 [CE][Storage] ver:24 stamp:5442, valid:yes, name:"mpmissions\TheCommunity.enoch\storage_666\data\dynamic_001.bin"
18:29:32 [CE][Storage] ver:24 stamp:5441, valid:yes, name:"mpmissions\TheCommunity.enoch\storage_666\data\dynamic_001.001"
18:29:32 [CE][Storage] ver:24 stamp:5439, valid:yes, name:"mpmissions\TheCommunity.enoch\storage_666\data\dynamic_001.002"
18:29:32 [CE][Storage] Restoring file "mpmissions\TheCommunity.enoch\storage_666\data\dynamic_001.bin" 2324 items.
18:29:33   2324 items loaded.
18:29:33 [CE][Storage] ver:24 stamp:5442, valid:yes, name:"mpmissions\TheCommunity.enoch\storage_666\data\dynamic_002.bin"
18:29:33 [CE][Storage] ver:24 stamp:5441, valid:yes, name:"mpmissions\TheCommunity.enoch\storage_666\data\dynamic_002.001"
18:29:33 [CE][Storage] ver:24 stamp:5439, valid:yes, name:"mpmissions\TheCommunity.enoch\storage_666\data\dynamic_002.002"
18:29:33 [CE][Storage] Restoring file "mpmissions\TheCommunity.enoch\storage_666\data\dynamic_002.bin" 694 items.
18:29:33   694 items loaded.
18:29:33 [CE][Storage] ver:24 stamp:5442, valid:yes, name:"mpmissions\TheCommunity.enoch\storage_666\data\dynamic_003.bin"
18:29:33 [CE][Storage] ver:24 stamp:5441, valid:yes, name:"mpmissions\TheCommunity.enoch\storage_666\data\dynamic_003.001"
18:29:33 [CE][Storage] ver:24 stamp:5439, valid:yes, name:"mpmissions\TheCommunity.enoch\storage_666\data\dynamic_003.002"
18:29:33 [CE][Storage] Restoring file "mpmissions\TheCommunity.enoch\storage_666\data\dynamic_003.bin" 1252 items.
18:29:34   1252 items loaded.
18:29:34 [CE][Storage] ver:24 stamp:5442, valid:yes, name:"mpmissions\TheCommunity.enoch\storage_666\data\dynamic_004.bin"
18:29:34 [CE][Storage] ver:24 stamp:5441, valid:yes, name:"mpmissions\TheCommunity.enoch\storage_666\data\dynamic_004.001"
18:29:34 [CE][Storage] ver:24 stamp:5439, valid:yes, name:"mpmissions\TheCommunity.enoch\storage_666\data\dynamic_004.002"
18:29:34 [CE][Storage] Restoring file "mpmissions\TheCommunity.enoch\storage_666\data\dynamic_004.bin" 1592 items.
18:29:34   1592 items loaded.
18:29:34 [CE][Storage] ver:24 stamp:5442, valid:yes, name:"mpmissions\TheCommunity.enoch\storage_666\data\dynamic_005.bin"
18:29:34 [CE][Storage] ver:24 stamp:5441, valid:yes, name:"mpmissions\TheCommunity.enoch\storage_666\data\dynamic_005.001"
18:29:34 [CE][Storage] ver:24 stamp:5439, valid:yes, name:"mpmissions\TheCommunity.enoch\storage_666\data\dynamic_005.002"
18:29:34 [CE][Storage] Restoring file "mpmissions\TheCommunity.enoch\storage_666\data\dynamic_005.bin" 2001 items.
18:29:35   2001 items loaded.
18:29:35 [CE][Storage] ver:24 stamp:5442, valid:yes, name:"mpmissions\TheCommunity.enoch\storage_666\data\dynamic_006.bin"
18:29:35 [CE][Storage] ver:24 stamp:5441, valid:yes, name:"mpmissions\TheCommunity.enoch\storage_666\data\dynamic_006.001"
18:29:35 [CE][Storage] ver:24 stamp:5439, valid:yes, name:"mpmissions\TheCommunity.enoch\storage_666\data\dynamic_006.002"
18:29:35 [CE][Storage] Restoring file "mpmissions\TheCommunity.enoch\storage_666\data\dynamic_006.bin" 1027 items.
18:29:35   1027 items loaded.
18:29:35 [CE][Storage] ver:24 stamp:5442, valid:yes, name:"mpmissions\TheCommunity.enoch\storage_666\data\dynamic_007.bin"
18:29:35 [CE][Storage] ver:24 stamp:5441, valid:yes, name:"mpmissions\TheCommunity.enoch\storage_666\data\dynamic_007.001"
18:29:35 !!! [CE][Storage] Failed to read [Storage] data file "mpmissions\TheCommunity.enoch\storage_666\data\dynamic_007.002".
18:29:35   File not closed...
18:29:35 [CE][Storage] ver:24 stamp:5442, valid:NO, name:"mpmissions\TheCommunity.enoch\storage_666\data\dynamic_007.002"
18:29:35 [CE][Storage] Restoring file "mpmissions\TheCommunity.enoch\storage_666\data\dynamic_007.bin" 1345 items.
18:29:36   1345 items loaded.
18:29:36 [CE][Storage] ver:24 stamp:5442, valid:yes, name:"mpmissions\TheCommunity.enoch\storage_666\data\dynamic_008.bin"
18:29:36 [CE][Storage] ver:24 stamp:5441, valid:yes, name:"mpmissions\TheCommunity.enoch\storage_666\data\dynamic_008.001"
18:29:36 [CE][Storage] ver:24 stamp:5442, valid:yes, name:"mpmissions\TheCommunity.enoch\storage_666\data\dynamic_008.002"
18:29:36 [CE][Storage] Restoring file "mpmissions\TheCommunity.enoch\storage_666\data\dynamic_008.bin" 1200 items.
18:29:36   1200 items loaded.
18:29:36 [CE][Storage] ver:24 stamp:5442, valid:yes, name:"mpmissions\TheCommunity.enoch\storage_666\data\dynamic_009.bin"
18:29:36 [CE][Storage] ver:24 stamp:5441, valid:yes, name:"mpmissions\TheCommunity.enoch\storage_666\data\dynamic_009.001"
18:29:36 [CE][Storage] ver:24 stamp:5442, valid:yes, name:"mpmissions\TheCommunity.enoch\storage_666\data\dynamic_009.002"
18:29:36 [CE][Storage] Restoring file "mpmissions\TheCommunity.enoch\storage_666\data\dynamic_009.bin" 1090 items.
18:29:37   1090 items loaded.
18:29:37 [CE][Storage] ver:24 stamp:5442, valid:yes, name:"mpmissions\TheCommunity.enoch\storage_666\data\dynamic_010.bin"
18:29:37 [CE][Storage] ver:24 stamp:5441, valid:yes, name:"mpmissions\TheCommunity.enoch\storage_666\data\dynamic_010.001"
18:29:37 [CE][Storage] ver:24 stamp:5442, valid:yes, name:"mpmissions\TheCommunity.enoch\storage_666\data\dynamic_010.002"
18:29:37 [CE][Storage] Restoring file "mpmissions\TheCommunity.enoch\storage_666\data\dynamic_010.bin" 2873 items.
18:29:37   2873 items loaded.
18:29:37 [CE][Storage] ver:24 stamp:5442, valid:yes, name:"mpmissions\TheCommunity.enoch\storage_666\data\dynamic_011.bin"
18:29:37 [CE][Storage] ver:24 stamp:5441, valid:yes, name:"mpmissions\TheCommunity.enoch\storage_666\data\dynamic_011.001"
18:29:37 [CE][Storage] ver:24 stamp:5442, valid:yes, name:"mpmissions\TheCommunity.enoch\storage_666\data\dynamic_011.002"
18:29:37 [CE][Storage] Restoring file "mpmissions\TheCommunity.enoch\storage_666\data\dynamic_011.bin" 389 items.
18:29:37   389 items loaded.
18:29:37 [CE][Hive] :: Storage load took:5.61 seconds, recovery stamp:5442
18:29:37   entity: 16545, building: 0
18:29:37   no lifetime: 57
18:29:37 [CE][Hive] :: Initializing ... 
18:29:38 [CE][InitializeMap] :: initialized: 0
18:29:38 [CE][Hive] :: Initializing spawners ... 
18:29:39 [CE][LootRespawner] (PRIDummy) :: Item [0] causing search overtime: "MSFCKryptekRaidPlatePouches"
18:29:39 [CE][LootRespawner] (PRIDummy) :: Item [1] causing search overtime: "MSFCKryptekRaidPlatePouches"
18:29:39 [CE][LootRespawner] (PRIDummy) :: Item [2] causing search overtime: "MSFCKryptekRaidPlatePouches"
18:29:39 [CE][LootRespawner] (PRIDummy) :: Item [3] causing search overtime: "MSFCKryptekRaidPlatePouches"
18:29:39 [CE][LootRespawner] (PRIDummy) :: Item [4] causing search overtime: "PlateCarrierVest"
18:29:39 [CE][LootRespawner] (PRIDummy) :: Item [5] causing search overtime: "PlateCarrierVest"
18:29:39 [CE][LootRespawner] (PRIDummy) :: Item [6] causing search overtime: "PlateCarrierVest"
18:29:39 [CE][LootRespawner] (PRIDummy) :: Item [7] causing search overtime: "PlateCarrierVest"
18:29:39 [CE][LootRespawner] (PRIDummy) :: Item [8] causing search overtime: "PlateCarrierVest"
18:29:39 [CE][LootRespawner] (PRIDummy) :: Item [9] causing search overtime: "PlateCarrierVest"
18:29:39 [CE][LootRespawner] (PRIDummy) :: Item [10] causing search overtime: "PlateCarrierVest"
18:29:39 [CE][LootRespawner] (PRIDummy) :: Item [11] causing search overtime: "PlateCarrierVest"
18:29:39 [CE][LootRespawner] (PRIDummy) :: Item [12] causing search overtime: "PlateCarrierVest"
18:29:39 [CE][LootRespawner] (PRIDummy) :: Item [13] causing search overtime: "PlateCarrierVest"
18:29:39 [CE][LootRespawner] (PRIDummy) :: Item [14] causing search overtime: "PlateCarrierVest"
18:29:39 [CE][LootRespawner] (PRIDummy) :: Item [15] causing search overtime: "PlateCarrierVest"
18:29:39 [CE][LootRespawner] (PRIDummy) :: Item [16] causing search overtime: "PlateCarrierVest"
18:29:39 [CE][LootRespawner] (PRIDummy) :: Item [17] causing search overtime: "PlateCarrierVest"
18:29:39 [CE][LootRespawner] (PRIDummy) :: Item [18] causing search overtime: "PlateCarrierVest"
18:29:39 [CE][LootRespawner] (PRIDummy) :: Item [19] causing search overtime: "PlateCarrierVest"
18:29:39 [CE][LootRespawner] (PRIDummy) :: Item [0] is hard to place, performance drops: "BaseballCap_Beige"
18:29:40 [CE][LootRespawner] (PRIDummy) :: Item [1] is hard to place, performance drops: "ManSuit_Brown"
18:29:40 [CE][LootRespawner] (PRIDummy) :: Item [2] is hard to place, performance drops: "PKM_MASK"
18:29:40 [CE][LootRespawner] (PRIDummy) :: Item [3] is hard to place, performance drops: "ShortJeans_Blue"
18:29:40 [CE][LootRespawner] (PRIDummy) :: Item [4] is hard to place, performance drops: "ShortJeans_Green"
18:29:40 [CE][LootRespawner] (PRIDummy) :: Item [5] is hard to place, performance drops: "Bear_White"
18:29:40 [CE][LootRespawner] (PRIDummy) :: Item [6] is hard to place, performance drops: "Bear_White"
18:29:40 [CE][LootRespawner] (PRIDummy) :: Item [7] is hard to place, performance drops: "ConstructionHelmet_Yellow"
18:29:40 [CE][LootRespawner] (PRIDummy) :: Item [8] is hard to place, performance drops: "Raincoat_Red"
18:29:40 [CE][LootRespawner] (PRIDummy) :: Item [9] is hard to place, performance drops: "Winchester70"
18:29:40 [CE][LootRespawner] (PRIDummy) :: Item [10] is hard to place, performance drops: "Winchester70"
18:29:40 [CE][LootRespawner] (PRIDummy) :: Item [11] is hard to place, performance drops: "Winchester70"
18:29:40 [CE][LootRespawner] (PRIDummy) :: Item [12] is hard to place, performance drops: "Winchester70"
18:29:40 [CE][LootRespawner] (PRIDummy) :: Item [13] is hard to place, performance drops: "Winchester70"
18:29:40 [CE][LootRespawner] (PRIDummy) :: Item [14] is hard to place, performance drops: "Winchester70"
18:29:40 [CE][LootRespawner] (PRIDummy) :: Item [15] is hard to place, performance drops: "Winchester70"
18:29:40 [CE][LootRespawner] (PRIDummy) :: Item [16] is hard to place, performance drops: "Winchester70"
18:29:40 [CE][LootRespawner] (PRIDummy) :: Item [17] is hard to place, performance drops: "Winchester70"
18:29:40 [CE][LootRespawner] (PRIDummy) :: Item [18] is hard to place, performance drops: "Winchester70"
18:29:40 [CE][LootRespawner] (PRIDummy) :: Item [19] is hard to place, performance drops: "Winchester70"
18:29:40 [CE][LootRespawner] (PRIDummy) :: Initially (re)spawned:510, Nominal:32677, Total in Map: 16846 at 1 (sec)
18:29:40   tests:562, repeats:0 fails:52, overtime:12632
18:29:40 [CE][DynEvent] :: 33 types
18:29:40 [00] AmbientHen
18:29:40   Primary Spawner: "Ambient", active: yes, repeat: 1
18:29:40 [01] AnimalBear
18:29:40   Primary Spawner: "Animal", active: yes, repeat: 1
18:29:40 [02] AnimalCow
18:29:40   Primary Spawner: "Animal", active: yes, repeat: 1
18:29:40 [03] AnimalDeer
18:29:40   Primary Spawner: "Animal", active: yes, repeat: 1
18:29:40 [04] AnimalGoat
18:29:40   Primary Spawner: "Animal", active: yes, repeat: 1
18:29:40 [05] AnimalPig
18:29:40   Primary Spawner: "Animal", active: yes, repeat: 1
18:29:40 [06] AnimalRoeDeer
18:29:40   Primary Spawner: "Animal", active: yes, repeat: 1
18:29:40 [07] AnimalSheep
18:29:40   Primary Spawner: "Animal", active: yes, repeat: 1
18:29:40 [08] AnimalWildBoar
18:29:40   Primary Spawner: "Animal", active: yes, repeat: 1
18:29:40 [09] AnimalWolf
18:29:40   Primary Spawner: "Animal", active: yes, repeat: 1
18:29:40 [10] InfectedArmy
18:29:40   Primary Spawner: "Infected", active: yes, repeat: 1
18:29:40 [11] InfectedCity
18:29:40   Primary Spawner: "Infected", active: yes, repeat: 1
18:29:40 [12] InfectedFirefighter
18:29:40   Primary Spawner: "Infected", active: yes, repeat: 1
18:29:40 [13] InfectedIndustrial
18:29:40   Primary Spawner: "Infected", active: yes, repeat: 1
18:29:40 [14] InfectedMedic
18:29:40   Primary Spawner: "Infected", active: yes, repeat: 1
18:29:40 [15] InfectedPolice
18:29:40   Primary Spawner: "Infected", active: yes, repeat: 1
18:29:40 [16] InfectedPrisoner
18:29:40   Primary Spawner: "Infected", active: yes, repeat: 1
18:29:40 [17] InfectedReligious
18:29:40   Primary Spawner: "Infected", active: yes, repeat: 1
18:29:40 [18] InfectedSolitude
18:29:40   Primary Spawner: "Infected", active: yes, repeat: 1
18:29:40 [19] InfectedVillage
18:29:40   Primary Spawner: "Infected", active: yes, repeat: 1
18:29:40 [20] ItemPlanks
18:29:40   Primary Spawner: "Item", active: yes, repeat: 1
18:29:40 [21] Loot
18:29:40   Primary Spawner: "Loot", active: yes, repeat: 2
18:29:40 [22] StaticHeliCrash
18:29:40   Primary Spawner: "Vehicle", active: yes, repeat: 1
18:29:40   Secondary Spawner: "Infected", active: yes, repeat: 1
18:29:40 [23] StaticPoliceCar
18:29:40   Primary Spawner: "Vehicle", active: yes, rep