 3:51:25 BattlEye Server: Initialized (v1.217)
 3:51:25 SUCCESS: SteamGameServer_Init(0,8766,2442,28056,3,1.07.153006)
 3:51:25 Roles assigned.
 3:51:25 Reading mission ...
 3:52:11 [CE][Hive] :: Initializing OFFLINE
 3:52:11 [CE][Hive] :: Loading core data ... 
 3:52:11 [CE][CoreData] :: 7 root classes, 19 defaults, 0 updaters...
 3:52:17 [CE][RegisterBind] :: 0 classes binded...
 3:52:17 [CE][RegisterConfig] :: 10088 config classes registered, 0 sub-counters...
 3:52:17 [CE][Hive] :: Loading map data ... 
 3:52:17 !!! [CE] :: Unknown category: 'vehicleparts'.
 3:52:17 [CE][LoadPrototype] :: loaded 330 prototypes
 3:52:17   702 containers, 9116 points
 3:52:17   24 dispatches, 90 proxies
 3:52:17 !!! [CE][LoadPrototype] 12 groups have no points...
 3:52:17 !!![CE][LoadPrototype]  3 groups have wrong points...
 3:52:17 [CE][LoadPrototype] :: last group name: Land_Lunapark_Autodrome...
 3:52:17 [CE][LoadPrototype] :: loaded 0 prototypes
 3:52:17   0 containers, 0 points
 3:52:17   0 dispatches, 0 proxies
 3:52:17 [CE][LoadPrototype] :: last group name: PathD_7100...
 3:52:17 [CE][LoadMap] "Group" :: loaded 5086 groups, largest group range: 26.9
 3:52:17 [CE][LoadMap] "Dirt" :: loaded 0 groups, largest group range: 26.9
 3:52:18 [CE][LoadClusters] "Cluster" :: Loading files...
 3:52:18 [CE][LoadClusters] :: file: "mapgroupcluster.xml", 4 types, 50000 instances
 3:52:18 [CE][LoadClusters] :: file: "mapgroupcluster01", 4 types, 50000 instances
 3:52:18 [CE][LoadClusters] :: file: "mapgroupcluster02", 4 types, 50000 instances
 3:52:18 [CE][LoadClusters] :: file: "mapgroupcluster03", 4 types, 50000 instances
 3:52:19 [CE][LoadClusters] :: file: "mapgroupcluster04", 4 types, 21297 instances
 3:52:19 [CE][Storage] ver:21 stamp:24805, valid:yes, name:"mpmissions\TheCommunity.enoch\storage_666\data\types.bin"
 3:52:19 [CE][Storage] ver:21 stamp:24802, valid:yes, name:"mpmissions\TheCommunity.enoch\storage_666\data\types.001"
 3:52:19 [CE][Storage] ver:21 stamp:24803, valid:yes, name:"mpmissions\TheCommunity.enoch\storage_666\data\types.002"
 3:52:19 [CE][Storage] Restoring file "mpmissions\TheCommunity.enoch\storage_666\data\types.bin".
 3:52:19 [CE][offlineDB] :: Loaded 33 dynamic events 215 total types 0 total positions.
 3:52:19 [CE][Storage] ver:21 stamp:24805, valid:yes, name:"mpmissions\TheCommunity.enoch\storage_666\data\events.bin"
 3:52:19 [CE][Storage] ver:21 stamp:24802, valid:yes, name:"mpmissions\TheCommunity.enoch\storage_666\data\events.001"
 3:52:19 [CE][Storage] ver:21 stamp:24803, valid:yes, name:"mpmissions\TheCommunity.enoch\storage_666\data\events.002"
 3:52:19 [CE][Storage] Restoring file "mpmissions\TheCommunity.enoch\storage_666\data\events.bin".
 3:52:19 [CE][DynamicEvent] Load  Events:[33] Primary spawners: 33 Secondary spawners: 1
 3:52:19 [CE][Storage] ver:24 stamp:24805, valid:yes, name:"mpmissions\TheCommunity.enoch\storage_666\data\vehicles.bin"
 3:52:19 [CE][Storage] ver:24 stamp:24802, valid:yes, name:"mpmissions\TheCommunity.enoch\storage_666\data\vehicles.001"
 3:52:19 [CE][Storage] ver:24 stamp:24803, valid:yes, name:"mpmissions\TheCommunity.enoch\storage_666\data\vehicles.002"
 3:52:19 [CE][Storage] Restoring file "mpmissions\TheCommunity.enoch\storage_666\data\vehicles.bin" 112 items.
 3:52:19   112 items loaded.
 3:52:19 [CE][Storage] ver:24 stamp:24805, valid:yes, name:"mpmissions\TheCommunity.enoch\storage_666\data\dynamic_000.bin"
 3:52:19 [CE][Storage] ver:24 stamp:24802, valid:yes, name:"mpmissions\TheCommunity.enoch\storage_666\data\dynamic_000.001"
 3:52:19 [CE][Storage] ver:24 stamp:24803, valid:yes, name:"mpmissions\TheCommunity.enoch\storage_666\data\dynamic_000.002"
 3:52:19 [CE][Storage] Restoring file "mpmissions\TheCommunity.enoch\storage_666\data\dynamic_000.bin" 332 items.
 3:52:19   332 items loaded.
 3:52:19 [CE][Storage] ver:24 stamp:24805, valid:yes, name:"mpmissions\TheCommunity.enoch\storage_666\data\dynamic_001.bin"
 3:52:19 [CE][Storage] ver:24 stamp:24802, valid:yes, name:"mpmissions\TheCommunity.enoch\storage_666\data\dynamic_001.001"
 3:52:19 [CE][Storage] ver:24 stamp:24803, valid:yes, name:"mpmissions\TheCommunity.enoch\storage_666\data\dynamic_001.002"
 3:52:19 [CE][Storage] Restoring file "mpmissions\TheCommunity.enoch\storage_666\data\dynamic_001.bin" 2140 items.
 3:52:20   2140 items loaded.
 3:52:20 [CE][Storage] ver:24 stamp:24805, valid:yes, name:"mpmissions\TheCommunity.enoch\storage_666\data\dynamic_002.bin"
 3:52:20 [CE][Storage] ver:24 stamp:24802, valid:yes, name:"mpmissions\TheCommunity.enoch\storage_666\data\dynamic_002.001"
 3:52:20 [CE][Storage] ver:24 stamp:24803, valid:yes, name:"mpmissions\TheCommunity.enoch\storage_666\data\dynamic_002.002"
 3:52:20 [CE][Storage] Restoring file "mpmissions\TheCommunity.enoch\storage_666\data\dynamic_002.bin" 608 items.
 3:52:20   608 items loaded.
 3:52:20 [CE][Storage] ver:24 stamp:24805, valid:yes, name:"mpmissions\TheCommunity.enoch\storage_666\data\dynamic_003.bin"
 3:52:20 [CE][Storage] ver:24 stamp:24802, valid:yes, name:"mpmissions\TheCommunity.enoch\storage_666\data\dynamic_003.001"
 3:52:20 [CE][Storage] ver:24 stamp:24803, valid:yes, name:"mpmissions\TheCommunity.enoch\storage_666\data\dynamic_003.002"
 3:52:20 [CE][Storage] Restoring file "mpmissions\TheCommunity.enoch\storage_666\data\dynamic_003.bin" 1170 items.
 3:52:21   1170 items loaded.
 3:52:21 [CE][Storage] ver:24 stamp:24805, valid:yes, name:"mpmissions\TheCommunity.enoch\storage_666\data\dynamic_004.bin"
 3:52:21 [CE][Storage] ver:24 stamp:24802, valid:yes, name:"mpmissions\TheCommunity.enoch\storage_666\data\dynamic_004.001"
 3:52:21 [CE][Storage] ver:24 stamp:24803, valid:yes, name:"mpmissions\TheCommunity.enoch\storage_666\data\dynamic_004.002"
 3:52:21 [CE][Storage] Restoring file "mpmissions\TheCommunity.enoch\storage_666\data\dynamic_004.bin" 1602 items.
 3:52:22   1602 items loaded.
 3:52:22 [CE][Storage] ver:24 stamp:24805, valid:yes, name:"mpmissions\TheCommunity.enoch\storage_666\data\dynamic_005.bin"
 3:52:22 [CE][Storage] ver:24 stamp:24802, valid:yes, name:"mpmissions\TheCommunity.enoch\storage_666\data\dynamic_005.001"
 3:52:22 [CE][Storage] ver:24 stamp:24803, valid:yes, name:"mpmissions\TheCommunity.enoch\storage_666\data\dynamic_005.002"
 3:52:22 [CE][Storage] Restoring file "mpmissions\TheCommunity.enoch\storage_666\data\dynamic_005.bin" 1893 items.
 3:52:23   1893 items loaded.
 3:52:23 [CE][Storage] ver:24 stamp:24805, valid:yes, name:"mpmissions\TheCommunity.enoch\storage_666\data\dynamic_006.bin"
 3:52:23 [CE][Storage] ver:24 stamp:24802, valid:yes, name:"mpmissions\TheCommunity.enoch\storage_666\data\dynamic_006.001"
 3:52:23 [CE][Storage] ver:24 stamp:24803, valid:yes, name:"mpmissions\TheCommunity.enoch\storage_666\data\dynamic_006.002"
 3:52:23 [CE][Storage] Restoring file "mpmissions\TheCommunity.enoch\storage_666\data\dynamic_006.bin" 1034 items.
 3:52:23   1034 items loaded.
 3:52:23 [CE][Storage] ver:24 stamp:24805, valid:yes, name:"mpmissions\TheCommunity.enoch\storage_666\data\dynamic_007.bin"
 3:52:23 [CE][Storage] ver:24 stamp:24802, valid:yes, name:"mpmissions\TheCommunity.enoch\storage_666\data\dynamic_007.001"
 3:52:23 [CE][Storage] ver:24 stamp:24803, valid:yes, name:"mpmissions\TheCommunity.enoch\storage_666\data\dynamic_007.002"
 3:52:23 [CE][Storage] Restoring file "mpmissions\TheCommunity.enoch\storage_666\data\dynamic_007.bin" 1343 items.
 3:52:24   1343 items loaded.
 3:52:24 [CE][Storage] ver:24 stamp:24805, valid:yes, name:"mpmissions\TheCommunity.enoch\storage_666\data\dynamic_008.bin"
 3:52:24 [CE][Storage] ver:24 stamp:24802, valid:yes, name:"mpmissions\TheCommunity.enoch\storage_666\data\dynamic_008.001"
 3:52:24 [CE][Storage] ver:24 stamp:24803, valid:yes, name:"mpmissions\TheCommunity.enoch\storage_666\data\dynamic_008.002"
 3:52:24 [CE][Storage] Restoring file "mpmissions\TheCommunity.enoch\storage_666\data\dynamic_008.bin" 1106 items.
 3:52:24   1106 items loaded.
 3:52:24 [CE][Storage] ver:24 stamp:24805, valid:yes, name:"mpmissions\TheCommunity.enoch\storage_666\data\dynamic_009.bin"
 3:52:24 [CE][Storage] ver:24 stamp:24802, valid:yes, name:"mpmissions\TheCommunity.enoch\storage_666\data\dynamic_009.001"
 3:52:24 [CE][Storage] ver:24 stamp:24803, valid:yes, name:"mpmissions\TheCommunity.enoch\storage_666\data\dynamic_009.002"
 3:52:24 [CE][Storage] Restoring file "mpmissions\TheCommunity.enoch\storage_666\data\dynamic_009.bin" 1063 items.
 3:52:24   1063 items loaded.
 3:52:24 [CE][Storage] ver:24 stamp:24805, valid:yes, name:"mpmissions\TheCommunity.enoch\storage_666\data\dynamic_010.bin"
 3:52:24 [CE][Storage] ver:24 stamp:24802, valid:yes, name:"mpmissions\TheCommunity.enoch\storage_666\data\dynamic_010.001"
 3:52:24 [CE][Storage] ver:24 stamp:24803, valid:yes, name:"mpmissions\TheCommunity.enoch\storage_666\data\dynamic_010.002"
 3:52:24 [CE][Storage] Restoring file "mpmissions\TheCommunity.enoch\storage_666\data\dynamic_010.bin" 2616 items.
 3:52:25   2616 items loaded.
 3:52:25 [CE][Storage] ver:24 stamp:24805, valid:yes, name:"mpmissions\TheCommunity.enoch\storage_666\data\dynamic_011.bin"
 3:52:25 [CE][Storage] ver:24 stamp:24802, valid:yes, name:"mpmissions\TheCommunity.enoch\storage_666\data\dynamic_011.001"
 3:52:25 [CE][Storage] ver:24 stamp:24803, valid:yes, name:"mpmissions\TheCommunity.enoch\storage_666\data\dynamic_011.002"
 3:52:25 [CE][Storage] Restoring file "mpmissions\TheCommunity.enoch\storage_666\data\dynamic_011.bin" 371 items.
 3:52:25   371 items loaded.
 3:52:25 [CE][Hive] :: Storage load took:6.47 seconds, recovery stamp:24805
 3:52:25   entity: 15916, building: 0
 3:52:25   no lifetime: 50
 3:52:25 [CE][Hive] :: Initializing ... 
 3:52:25 [CE][InitializeMap] :: initialized: 0
 3:52:25 [CE][Hive] :: Initializing spawners ... 
 3:52:27 [CE][LootRespawner] (PRIDummy) :: Item [0] causing search overtime: "PlateCarrierVest"
 3:52:27 [CE][LootRespawner] (PRIDummy) :: Item [1] causing search overtime: "PlateCarrierVest"
 3:52:27 [CE][LootRespawner] (PRIDummy) :: Item [2] causing search overtime: "PlateCarrierVest"
 3:52:27 [CE][LootRespawner] (PRIDummy) :: Item [3] causing search overtime: "PlateCarrierVest"
 3:52:27 [CE][LootRespawner] (PRIDummy) :: Item [4] causing search overtime: "PlateCarrierVest"
 3:52:27 [CE][LootRespawner] (PRIDummy) :: Item [5] causing search overtime: "PlateCarrierVest"
 3:52:27 [CE][LootRespawner] (PRIDummy) :: Item [6] causing search overtime: "PlateCarrierVest"
 3:52:27 [CE][LootRespawner] (PRIDummy) :: Item [7] causing search overtime: "PlateCarrierVest"
 3:52:27 [CE][LootRespawner] (PRIDummy) :: Item [8] causing search overtime: "PlateCarrierVest"
 3:52:27 [CE][LootRespawner] (PRIDummy) :: Item [9] causing search overtime: "PlateCarrierVest"
 3:52:27 [CE][LootRespawner] (PRIDummy) :: Item [10] causing search overtime: "PlateCarrierVest"
 3:52:27 [CE][LootRespawner] (PRIDummy) :: Item [11] causing search overtime: "PlateCarrierVest"
 3:52:27 [CE][LootRespawner] (PRIDummy) :: Item [12] causing search overtime: "PlateCarrierVest"
 3:52:27 [CE][LootRespawner] (PRIDummy) :: Item [13] causing search overtime: "PlateCarrierVest"
 3:52:27 [CE][LootRespawner] (PRIDummy) :: Item [14] causing search overtime: "PlateCarrierVest"
 3:52:27 [CE][LootRespawner] (PRIDummy) :: Item [15] causing search overtime: "PlateCarrierVest"
 3:52:27 [CE][LootRespawner] (PRIDummy) :: Item [16] causing search overtime: "PlateCarrierVest"
 3:52:27 [CE][LootRespawner] (PRIDummy) :: Item [17] causing search overtime: "PlateCarrierVest"
 3:52:27 [CE][LootRespawner] (PRIDummy) :: Item [18] causing search overtime: "PlateCarrierVest"
 3:52:27 [CE][LootRespawner] (PRIDummy) :: Item [19] causing search overtime: "PlateCarrierVest"
 3:52:27 [CE][LootRespawner] (PRIDummy) :: Item [0] is hard to place, performance drops: "Snipe_Mask_black"
 3:52:27 [CE][LootRespawner] (PRIDummy) :: Item [1] is hard to place, performance drops: "Snipe_Mask_black"
 3:52:28 [CE][LootRespawner] (PRIDummy) :: Item [2] is hard to place, performance drops: "FP4_DrMask"
 3:52:28 [CE][LootRespawner] (PRIDummy) :: Item [3] is hard to place, performance drops: "BaseballCap_Black"
 3:52:28 [CE][LootRespawner] (PRIDummy) :: Item [4] is hard to place, performance drops: "HatchbackHood_Blue"
 3:52:28 [CE][LootRespawner] (PRIDummy) :: Item [5] is hard to place, performance drops: "HatchbackHood_Blue"
 3:52:28 [CE][LootRespawner] (PRIDummy) :: Item [6] is hard to place, performance drops: "HatchbackHood_Blue"
 3:52:28 [CE][LootRespawner] (PRIDummy) :: Item [7] is hard to place, performance drops: "Bear_White"
 3:52:28 [CE][LootRespawner] (PRIDummy) :: Item [8] is hard to place, performance drops: "FishingRod"
 3:52:28 [CE][LootRespawner] (PRIDummy) :: Item [9] is hard to place, performance drops: "TTSKOPants"
 3:52:28 [CE][LootRespawner] (PRIDummy) :: Item [10] is hard to place, performance drops: "TTSKOPants"
 3:52:28 [CE][LootRespawner] (PRIDummy) :: Item [11] is hard to place, performance drops: "MSFCBeerZhigulevskoe"
 3:52:28 [CE][LootRespawner] (PRIDummy) :: Item [12] is hard to place, performance drops: "MSFCBeerZhigulevskoe"
 3:52:28 [CE][LootRespawner] (PRIDummy) :: Item [13] is hard to place, performance drops: "Defender110_dver_2_2_Red"
 3:52:28 [CE][LootRespawner] (PRIDummy) :: Item [14] is hard to place, performance drops: "UKAssVest_Camo"
 3:52:28 [CE][LootRespawner] (PRIDummy) :: Item [15] is hard to place, performance drops: "Hatchback_02_Door_1_2_Black"
 3:52:28 [CE][LootRespawner] (PRIDummy) :: Item [16] is hard to place, performance drops: "Flashlight"
 3:52:28 [CE][LootRespawner] (PRIDummy) :: Item [17] is hard to place, performance drops: "Flashlight"
 3:52:28 [CE][LootRespawner] (PRIDummy) :: Item [18] is hard to place, performance drops: "MSFCBeerZhigulevskoeSoviet"
 3:52:28 [CE][LootRespawner] (PRIDummy) :: Item [19] is hard to place, performance drops: "MSFCBeerZhigulevskoeSoviet"
 3:52:29 !!! [CE][Point] Removing 4162.038574, 9023.292969 from Land_Boat_Small3
 3:52:29 [CE][LootRespawner] (PRIDummy) :: Initially (re)spawned:892, Nominal:32677, Total in Map: 16314 at 1 (sec)
 3:52:29   tests:925, repeats:0 fails:33, overtime:12766
 3:52:29 [CE][DynEvent] :: 33 types
 3:52:29 [00] AmbientHen
 3:52:29   Primary Spawner: "Ambient", active: yes, repeat: 1
 3:52:29 [01] AnimalBear
 3:52:29   Primary Spawner: "Animal", active: yes, repeat: 1
 3:52:29 [02] AnimalCow
 3:52:29   Primary Spawner: "Animal", active: yes, repeat: 1
 3:52:29 [03] AnimalDeer
 3:52:29   Primary Spawner: "Animal", active: yes, repeat: 1
 3:52:29 [04] AnimalGoat
 3:52:29   Primary Spawner: "Animal", active: yes, repeat: 1
 3:52:29 [05] AnimalPig
 3:52:29   Primary Spawner: "Animal", active: yes, repeat: 1
 3:52:29 [06] AnimalRoeDeer
 3:52:29   Primary Spawner: "Animal", active: yes, repeat: 1
 3:52:29 [07] AnimalSheep
 3:52:29   Primary Spawner: "Animal", active: yes, repeat: 1
 3:52:29 [08] AnimalWildBoar
 3:52:29   Primary Spawner: "Animal", active: yes, repeat: 1
 3:52:29 [09] AnimalWolf
 3:52:29   Primary Spawner: "Animal", active: yes, repeat: 1
 3:52:29 [10] InfectedArmy
 3:52:29   Primary Spawner: "Infected", active: yes, repeat: 1
 3:52:29 [11] InfectedCity
 3:52:29   Primary Spawner: "Infected", active: yes, repeat: 1
 3:52:29 [12] InfectedFirefighter
 3:52:29   Primary Spawner: "Infected", active: yes, repeat: 1
 3:52:29 [13] InfectedIndustrial
 3:52:29   Primary Spawner: "Infected", active: yes, repeat: 1
 3:52:29 [14] InfectedMedic
 3:52:29   Primary Spawner: "Infected", active: yes, repeat: 1
 3:52:29 [15] InfectedPolice
 3:52:29   Primary Spawner: "Infected", active: yes, repeat: 1
 3:52:29 [16] InfectedPrisoner
 3:52:29   Primary Spawner: "Infected", active: yes, repeat: 1
 3:52:29 [17] InfectedReligious
 3:52:29   Primary Spawner: "Infected", active: yes, repeat: 1
 3:52:29 [18] InfectedSolitude
 3:52:29   Primary Spawner: "Infected", active: yes, repeat: 1
 3:52:29 [19] InfectedVillage
 3:52:29   Primary Spawner: "Infected", active: yes, repeat: 1
 3:52:29 [20] ItemPlanks
 3:52:29   Primary Spawner: "Item", active: yes, repeat: 1
 3:52:29 [21] Loot
 3:52:29   Primary Spawner: "Loot", active: yes, repeat: 2
 3:52:29 [22] StaticHeliCrash
 3:52:29   Primary Spawner: "Vehicle", active: yes, repeat: 1
 3:52:29   Secondary Spawner: "Infected", active: yes, repeat: 1
 3:52:29 [23] StaticPoliceCar
 3:52:29   Primary Spawner: "Vehicle", active: yes, repeat: 1
 3:52:29 [24] TrajectoryConiferous
 3:52:29   Primary Spawner: "Trajectory", active: yes, repeat: 1
 3:52:29 [25] TrajectoryDeciduous
 3:52:29   Primary Spawner: "Trajectory", active: yes, repeat: 1
 3:52:29 [26] TrajectoryHumus
 3:52:29   Primary Spawner: "Trajectory", active: yes, repeat: 1
 3:52:29 [27] TrajectoryStones
 3:52:29   Primary Spawner: "Trajectory", active: yes, repeat: 1
 3:52:29 [28] VehicleCivilianSedan
 3:52:29   Primary Spawner: "Vehicle", active: yes, repeat: 1
 3:52:29 [29] VehicleHatchback02
 3:52:29   Primary Spawner: "Vehicle", active: yes, repeat: 1
 3:52:29 [30] VehicleOffroadHatchback
 3:52:29   Primary Spawner: "Vehicle", active: yes, repeat: 1
 3:52:29 [31] VehicleSedan02
 3:52:29   Primary Spawner: "Vehicle", active: yes, repeat: 1
 3:52:29 [32] VehicleCrSk_Land_Rover_Defender_110
 3:52:29   Primary Spawner: "Vehicle", active: yes, repeat: 1
 3:52:29 [CE][Hive] :: Initializing of spawners done.
 3:52:29 [CE][Hive] :: Init sequence finished.
 3:52:31 BattlEye Server: RCon admin #0 (127.0.0.1:60643) logged in
 3:52:59 Average server FPS: 831.07 (measured interval: 30 s)
 3:52:59 Used memory: 1566944 KB
 3:52:59 Players: 0 in total
 3:53:29 Average server FPS: 581.90 (measured interval: 30 s)
 3:53:29 Used memory: 1574469 KB
 3:53:29 Players: 0 in total
 3:53:59 Average server FPS: 559.81 (measured interval: 30 s)
 3:53:59 Used memory: 1576303 KB
 3:53:59 Players: 0 in total
 3:54:29 Average server FPS: 553.93 (measured interval: 30 s)
 3:54:29 Used memory: 1582705 KB
 3:54:29 Players: 0 in total
 3:54:59 Average server FPS: 648.62 (measured interval: 30 s)
 3:54:59 Used memory: 1596718 KB
 3:54:59 Players: 0 in total
 3:55:30 Average server FPS: 947.58 (measured interval: 30 s)
 3:55:30 Used memory: 1605822 KB
 3:55:30 Players: 0 in total
 3:56:00 Average server FPS: 723.53 (measured interval: 30 s)
 3:56:00 Used memory: 1604634 KB
 3:56:00 Players: 0 in total
 3:56:30 Average server FPS: 817.52 (measured interval: 30 s)
 3:56:30 Used memory: 1605703 KB
 3:56:30 Players: 0 in total
 3:57:00 Average server FPS: 1071.32 (measured interval: 30 s)
 3:57:00 Used memory: 1613331 KB
 3:57:00 Players: 0 in total
 3:57:30 Average server FPS: 909.28 (measured interval: 30 s)
 3:57:30 Used memory: 1613693 KB
 3:57:30 Players: 0 in total
 3:57:32 BattlEye Server: RCon admin #0: (Global) Welcome to TheCommunity Test Server! This server restarts every 60 minutes
 3:57:33 BattlEye Server: RCon admin #0: (Global) https://discord.gg/2W6YhGt -- If you need help join the discord and chime an admin
 3:58:00 Average server FPS: 993.86 (measured interval: 30 s)
 3:58:00 Used memory: 1616471 KB
 3:58:00 Players: 0 in total
 3:58:30 Average server FPS: 1112.81 (measured interval: 30 s)
 3:58:30 Used memory: 1616929 KB
 3:58:30 Players: 0 in total
 3:59:01 Average server FPS: 1254.22 (measured interval: 30 s)
 3:59:01 Used memory: 1617104 KB
 3:59:01 Players: 0 in total
 3:59:31 Average server FPS: 879.39 (measured interval: 30 s)
 3:59:31 Used memory: 1617816 KB
 3:59:31 Players: 0 in total
 4:00:01 Average server FPS: 1176.50 (measured interval: 30 s)
 4:00:01 Used memory: 1619326 KB
 4:00:01 Players: 0 in total
 4:00:31 Average server FPS: 1422.10 (measured interval: 30 s)
 4:00:31 Used memory: 1627130 KB
 4:00:31 Players: 0 in total
 4:01:01 Average server FPS: 1401.24 (measured interval: 30 s)
 4:01:01 Used memory: 1628186 KB
 4:01:01 Players: 0 in total
 4:01:31 Average server FPS: 1969.71 (measured interval: 30 s)
 4:01:31 Used memory: 1634329 KB
 4:01:31 Players: 0 in total
 4:02:01 Average server FPS: 2451.02 (measured interval: 30 s)
 4:02:01 Used memory: 1642480 KB
 4:02:01 Players: 0 in total
 4:02:31 Average server FPS: 2179.56 (measured interval: 30 s)
 4:02:31 Used memory: 1653682 KB
 4:02:31 Players: 0 in total
 4:03:01 Average server FPS: 1968.93 (measured interval: 30 s)
 4:03:01 Used memory: 1658134 KB
 4:03:01 Players: 0 in total
 4:03:32 Average server FPS: 1829.84 (measured interval: 30 s)
 4:03:32 Used memory: 1661491 KB
 4:03:32 Players: 0 in total
 4:04:02 Average server FPS: 1766.53 (