Log Created: 2020-04-25_12:03:58
13:50:15 | Player Monty (X: 4215.43, Z: 238.173, Y: 10571.5, steam64id=76561198209332452) Deployed: Ramp Kit
13:50:39 | Player AssMaster (X: 4213.39, Z: 238.172, Y: 10569.8, steam64id=76561198027116391) Deployed: Ramp Kit
13:51:52 | Player AssMaster (X: 4213.93, Z: 238.173, Y: 10575, steam64id=76561198027116391) Deployed: Tier 1 Wall Kit
13:52:02 | Player AssMaster (X: 4215.12, Z: 238.172, Y: 10576.1, steam64id=76561198027116391) Folded: Fence Kit or Watchtower Kit
13:52:34 | Player AssMaster (X: 4215.12, Z: 238.172, Y: 10576.1, steam64id=76561198027116391) Deployed: Tier 1 Wall Kit
13:53:36 | Player Monty (X: 4215.91, Z: 238.172, Y: 10576.5, steam64id=76561198209332452) Deployed: Ramp Kit
13:53:48 | Player Monty (X: 4218.19, Z: 238.172, Y: 10575.6, steam64id=76561198209332452) Folded: Fence Kit or Watchtower Kit
13:54:47 | Player AssMaster (X: 4216.7, Z: 238.172, Y: 10577.6, steam64id=76561198027116391) Folded: Fence Kit or Watchtower Kit
13:54:56 | Player AssMaster (X: 4215.46, Z: 238.172, Y: 10576.4, steam64id=76561198027116391) Deployed: Tier 1 Wall Kit
13:55:12 | Player Monty (X: 4219.63, Z: 238.173, Y: 10574.9, steam64id=76561198209332452) Deployed: Ramp Kit
13:55:52 | Player AssMaster (X: 4215.43, Z: 238.172, Y: 10577.5, steam64id=76561198027116391) Deployed: Ramp Kit
13:56:05 | Player AssMaster (X: 4214.28, Z: 238.172, Y: 10570.9, steam64id=76561198027116391) Folded: Fence Kit or Watchtower Kit
13:56:15 | Player AssMaster (X: 4213.41, Z: 238.172, Y: 10571, steam64id=76561198027116391) Deployed: Ramp Kit
13:56:17 | Player Monty (X: 4213.03, Z: 238.172, Y: 10572.8, steam64id=76561198209332452) Deployed: Ramp Kit
13:56:32 | Player Monty (X: 4217.35, Z: 238.173, Y: 10574.7, steam64id=76561198209332452) Folded: Fence Kit or Watchtower Kit
14:01:53 | Player Monty (X: 4218.76, Z: 238.172, Y: 10582.5, steam64id=76561198209332452) Deployed: Tier 1 Wall Kit
14:06:46 | Player Monty (X: 4217.59, Z: 240.743, Y: 10576.4, steam64id=76561198209332452) Deployed: Ramp Kit
14:07:53 | Player Monty (X: 4216.7, Z: 240.57, Y: 10576.4, steam64id=76561198209332452) Deployed: Ramp Kit
