 6:33:39 BattlEye Server: Initialized (v1.217)
 6:33:40 SUCCESS: SteamGameServer_Init(0,8766,2442,28056,3,1.07.153006)
 6:33:40 Roles assigned.
 6:33:40 Reading mission ...
 6:34:16 [CE][Hive] :: Initializing OFFLINE
 6:34:16 [CE][Hive] :: Loading core data ... 
 6:34:16 [CE][CoreData] :: 7 root classes, 19 defaults, 0 updaters...
 6:34:23 [CE][RegisterBind] :: 0 classes binded...
 6:34:23 [CE][RegisterConfig] :: 10055 config classes registered, 0 sub-counters...
 6:34:23 [CE][Hive] :: Loading map data ... 
 6:34:23 !!! [CE] :: Unknown category: 'vehicleparts'.
 6:34:23 [CE][LoadPrototype] :: loaded 330 prototypes
 6:34:23   702 containers, 9116 points
 6:34:23   24 dispatches, 90 proxies
 6:34:23 !!! [CE][LoadPrototype] 12 groups have no points...
 6:34:23 !!![CE][LoadPrototype]  3 groups have wrong points...
 6:34:23 [CE][LoadPrototype] :: last group name: Land_Lunapark_Autodrome...
 6:34:23 [CE][LoadPrototype] :: loaded 0 prototypes
 6:34:23   0 containers, 0 points
 6:34:23   0 dispatches, 0 proxies
 6:34:23 [CE][LoadPrototype] :: last group name: PathD_7100...
 6:34:24 [CE][LoadMap] "Group" :: loaded 5086 groups, largest group range: 26.9
 6:34:24 [CE][LoadMap] "Dirt" :: loaded 0 groups, largest group range: 26.9
 6:34:24 [CE][LoadClusters] "Cluster" :: Loading files...
 6:34:24 [CE][LoadClusters] :: file: "mapgroupcluster.xml", 4 types, 50000 instances
 6:34:24 [CE][LoadClusters] :: file: "mapgroupcluster01", 4 types, 50000 instances
 6:34:25 [CE][LoadClusters] :: file: "mapgroupcluster02", 4 types, 50000 instances
 6:34:25 [CE][LoadClusters] :: file: "mapgroupcluster03", 4 types, 50000 instances
 6:34:25 [CE][LoadClusters] :: file: "mapgroupcluster04", 4 types, 21297 instances
 6:34:25 [CE][Storage] ver:21 stamp:9377, valid:yes, name:"mpmissions\TheCommunity.enoch\storage_666\data\types.bin"
 6:34:25 [CE][Storage] ver:21 stamp:9377, valid:yes, name:"mpmissions\TheCommunity.enoch\storage_666\data\types.001"
 6:34:25 [CE][Storage] ver:21 stamp:9375, valid:yes, name:"mpmissions\TheCommunity.enoch\storage_666\data\types.002"
 6:34:25 [CE][Storage] Restoring file "mpmissions\TheCommunity.enoch\storage_666\data\types.bin".
 6:34:25 [CE][offlineDB] :: Loaded 33 dynamic events 215 total types 0 total positions.
 6:34:25 [CE][Storage] ver:21 stamp:9377, valid:yes, name:"mpmissions\TheCommunity.enoch\storage_666\data\events.bin"
 6:34:25 [CE][Storage] ver:21 stamp:9377, valid:yes, name:"mpmissions\TheCommunity.enoch\storage_666\data\events.001"
 6:34:25 [CE][Storage] ver:21 stamp:9375, valid:yes, name:"mpmissions\TheCommunity.enoch\storage_666\data\events.002"
 6:34:25 [CE][Storage] Restoring file "mpmissions\TheCommunity.enoch\storage_666\data\events.bin".
 6:34:25 [CE][DynamicEvent] Load  Events:[33] Primary spawners: 33 Secondary spawners: 1
 6:34:25 [CE][Storage] ver:24 stamp:9377, valid:yes, name:"mpmissions\TheCommunity.enoch\storage_666\data\vehicles.bin"
 6:34:25 [CE][Storage] ver:24 stamp:9377, valid:yes, name:"mpmissions\TheCommunity.enoch\storage_666\data\vehicles.001"
 6:34:25 [CE][Storage] ver:24 stamp:9375, valid:yes, name:"mpmissions\TheCommunity.enoch\storage_666\data\vehicles.002"
 6:34:25 [CE][Storage] Restoring file "mpmissions\TheCommunity.enoch\storage_666\data\vehicles.bin" 104 items.
 6:34:25   104 items loaded.
 6:34:25 [CE][Storage] ver:24 stamp:9377, valid:yes, name:"mpmissions\TheCommunity.enoch\storage_666\data\dynamic_000.bin"
 6:34:25 [CE][Storage] ver:24 stamp:9377, valid:yes, name:"mpmissions\TheCommunity.enoch\storage_666\data\dynamic_000.001"
 6:34:25 [CE][Storage] ver:24 stamp:9375, valid:yes, name:"mpmissions\TheCommunity.enoch\storage_666\data\dynamic_000.002"
 6:34:25 [CE][Storage] Restoring file "mpmissions\TheCommunity.enoch\storage_666\data\dynamic_000.bin" 327 items.
 6:34:26   327 items loaded.
 6:34:26 [CE][Storage] ver:24 stamp:9377, valid:yes, name:"mpmissions\TheCommunity.enoch\storage_666\data\dynamic_001.bin"
 6:34:26 [CE][Storage] ver:24 stamp:9377, valid:yes, name:"mpmissions\TheCommunity.enoch\storage_666\data\dynamic_001.001"
 6:34:26 [CE][Storage] ver:24 stamp:9375, valid:yes, name:"mpmissions\TheCommunity.enoch\storage_666\data\dynamic_001.002"
 6:34:26 [CE][Storage] Restoring file "mpmissions\TheCommunity.enoch\storage_666\data\dynamic_001.bin" 2223 items.
 6:34:27   2223 items loaded.
 6:34:27 [CE][Storage] ver:24 stamp:9377, valid:yes, name:"mpmissions\TheCommunity.enoch\storage_666\data\dynamic_002.bin"
 6:34:27 [CE][Storage] ver:24 stamp:9377, valid:yes, name:"mpmissions\TheCommunity.enoch\storage_666\data\dynamic_002.001"
 6:34:27 [CE][Storage] ver:24 stamp:9375, valid:yes, name:"mpmissions\TheCommunity.enoch\storage_666\data\dynamic_002.002"
 6:34:27 [CE][Storage] Restoring file "mpmissions\TheCommunity.enoch\storage_666\data\dynamic_002.bin" 646 items.
 6:34:27   646 items loaded.
 6:34:27 [CE][Storage] ver:24 stamp:9377, valid:yes, name:"mpmissions\TheCommunity.enoch\storage_666\data\dynamic_003.bin"
 6:34:27 [CE][Storage] ver:24 stamp:9377, valid:yes, name:"mpmissions\TheCommunity.enoch\storage_666\data\dynamic_003.001"
 6:34:27 [CE][Storage] ver:24 stamp:9375, valid:yes, name:"mpmissions\TheCommunity.enoch\storage_666\data\dynamic_003.002"
 6:34:27 [CE][Storage] Restoring file "mpmissions\TheCommunity.enoch\storage_666\data\dynamic_003.bin" 1162 items.
 6:34:28   1162 items loaded.
 6:34:28 [CE][Storage] ver:24 stamp:9377, valid:yes, name:"mpmissions\TheCommunity.enoch\storage_666\data\dynamic_004.bin"
 6:34:28 [CE][Storage] ver:24 stamp:9377, valid:yes, name:"mpmissions\TheCommunity.enoch\storage_666\data\dynamic_004.001"
 6:34:28 [CE][Storage] ver:24 stamp:9375, valid:yes, name:"mpmissions\TheCommunity.enoch\storage_666\data\dynamic_004.002"
 6:34:28 [CE][Storage] Restoring file "mpmissions\TheCommunity.enoch\storage_666\data\dynamic_004.bin" 1644 items.
 6:34:28   1644 items loaded.
 6:34:28 [CE][Storage] ver:24 stamp:9377, valid:yes, name:"mpmissions\TheCommunity.enoch\storage_666\data\dynamic_005.bin"
 6:34:28 [CE][Storage] ver:24 stamp:9377, valid:yes, name:"mpmissions\TheCommunity.enoch\storage_666\data\dynamic_005.001"
 6:34:28 [CE][Storage] ver:24 stamp:9375, valid:yes, name:"mpmissions\TheCommunity.enoch\storage_666\data\dynamic_005.002"
 6:34:28 [CE][Storage] Restoring file "mpmissions\TheCommunity.enoch\storage_666\data\dynamic_005.bin" 2017 items.
 6:34:29   2017 items loaded.
 6:34:29 [CE][Storage] ver:24 stamp:9377, valid:yes, name:"mpmissions\TheCommunity.enoch\storage_666\data\dynamic_006.bin"
 6:34:29 [CE][Storage] ver:24 stamp:9377, valid:yes, name:"mpmissions\TheCommunity.enoch\storage_666\data\dynamic_006.001"
 6:34:29 [CE][Storage] ver:24 stamp:9375, valid:yes, name:"mpmissions\TheCommunity.enoch\storage_666\data\dynamic_006.002"
 6:34:29 [CE][Storage] Restoring file "mpmissions\TheCommunity.enoch\storage_666\data\dynamic_006.bin" 1053 items.
 6:34:30   1053 items loaded.
 6:34:30 [CE][Storage] ver:24 stamp:9377, valid:yes, name:"mpmissions\TheCommunity.enoch\storage_666\data\dynamic_007.bin"
 6:34:30 [CE][Storage] ver:24 stamp:9377, valid:yes, name:"mpmissions\TheCommunity.enoch\storage_666\data\dynamic_007.001"
 6:34:30 [CE][Storage] ver:24 stamp:9375, valid:yes, name:"mpmissions\TheCommunity.enoch\storage_666\data\dynamic_007.002"
 6:34:30 [CE][Storage] Restoring file "mpmissions\TheCommunity.enoch\storage_666\data\dynamic_007.bin" 1320 items.
 6:34:30   1320 items loaded.
 6:34:30 [CE][Storage] ver:24 stamp:9377, valid:yes, name:"mpmissions\TheCommunity.enoch\storage_666\data\dynamic_008.bin"
 6:34:30 [CE][Storage] ver:24 stamp:9377, valid:yes, name:"mpmissions\TheCommunity.enoch\storage_666\data\dynamic_008.001"
 6:34:30 [CE][Storage] ver:24 stamp:9375, valid:yes, name:"mpmissions\TheCommunity.enoch\storage_666\data\dynamic_008.002"
 6:34:30 [CE][Storage] Restoring file "mpmissions\TheCommunity.enoch\storage_666\data\dynamic_008.bin" 1214 items.
 6:34:31   1214 items loaded.
 6:34:31 [CE][Storage] ver:24 stamp:9377, valid:yes, name:"mpmissions\TheCommunity.enoch\storage_666\data\dynamic_009.bin"
 6:34:31 [CE][Storage] ver:24 stamp:9377, valid:yes, name:"mpmissions\TheCommunity.enoch\storage_666\data\dynamic_009.001"
 6:34:31 [CE][Storage] ver:24 stamp:9375, valid:yes, name:"mpmissions\TheCommunity.enoch\storage_666\data\dynamic_009.002"
 6:34:31 [CE][Storage] Restoring file "mpmissions\TheCommunity.enoch\storage_666\data\dynamic_009.bin" 1077 items.
 6:34:31   1077 items loaded.
 6:34:31 [CE][Storage] ver:24 stamp:9377, valid:yes, name:"mpmissions\TheCommunity.enoch\storage_666\data\dynamic_010.bin"
 6:34:31 [CE][Storage] ver:24 stamp:9377, valid:yes, name:"mpmissions\TheCommunity.enoch\storage_666\data\dynamic_010.001"
 6:34:31 [CE][Storage] ver:24 stamp:9375, valid:yes, name:"mpmissions\TheCommunity.enoch\storage_666\data\dynamic_010.002"
 6:34:31 [CE][Storage] Restoring file "mpmissions\TheCommunity.enoch\storage_666\data\dynamic_010.bin" 2546 items.
 6:34:32   2546 items loaded.
 6:34:32 [CE][Storage] ver:24 stamp:9377, valid:yes, name:"mpmissions\TheCommunity.enoch\storage_666\data\dynamic_011.bin"
 6:34:32 [CE][Storage] ver:24 stamp:9377, valid:yes, name:"mpmissions\TheCommunity.enoch\storage_666\data\dynamic_011.001"
 6:34:32 [CE][Storage] ver:24 stamp:9375, valid:yes, name:"mpmissions\TheCommunity.enoch\storage_666\data\dynamic_011.002"
 6:34:32 [CE][Storage] Restoring file "mpmissions\TheCommunity.enoch\storage_666\data\dynamic_011.bin" 376 items.
 6:34:32   376 items loaded.
 6:34:32 [CE][Hive] :: Storage load took:6.95 seconds, recovery stamp:9377
 6:34:32   entity: 16062, building: 0
 6:34:32   no lifetime: 50
 6:34:32 [CE][Hive] :: Initializing ... 
 6:34:32 [CE][InitializeMap] :: initialized: 0
 6:34:32 [CE][Hive] :: Initializing spawners ... 
 6:34:34 [CE][LootRespawner] (PRIDummy) :: Item [0] causing search overtime: "MSFCKryptekRaidPlatePouches"
 6:34:34 [CE][LootRespawner] (PRIDummy) :: Item [1] causing search overtime: "MSFCKryptekRaidPlatePouches"
 6:34:34 [CE][LootRespawner] (PRIDummy) :: Item [2] causing search overtime: "MSFCKryptekRaidPlatePouches"
 6:34:34 [CE][LootRespawner] (PRIDummy) :: Item [3] causing search overtime: "PlateCarrierVest"
 6:34:34 [CE][LootRespawner] (PRIDummy) :: Item [4] causing search overtime: "PlateCarrierVest"
 6:34:34 [CE][LootRespawner] (PRIDummy) :: Item [5] causing search overtime: "PlateCarrierVest"
 6:34:34 [CE][LootRespawner] (PRIDummy) :: Item [6] causing search overtime: "PlateCarrierVest"
 6:34:34 [CE][LootRespawner] (PRIDummy) :: Item [7] causing search overtime: "PlateCarrierVest"
 6:34:34 [CE][LootRespawner] (PRIDummy) :: Item [8] causing search overtime: "PlateCarrierVest"
 6:34:34 [CE][LootRespawner] (PRIDummy) :: Item [9] causing search overtime: "PlateCarrierVest"
 6:34:34 [CE][LootRespawner] (PRIDummy) :: Item [10] causing search overtime: "PlateCarrierVest"
 6:34:34 [CE][LootRespawner] (PRIDummy) :: Item [11] causing search overtime: "PlateCarrierVest"
 6:34:34 [CE][LootRespawner] (PRIDummy) :: Item [12] causing search overtime: "PlateCarrierVest"
 6:34:34 [CE][LootRespawner] (PRIDummy) :: Item [13] causing search overtime: "PlateCarrierVest"
 6:34:34 [CE][LootRespawner] (PRIDummy) :: Item [14] causing search overtime: "PlateCarrierVest"
 6:34:34 [CE][LootRespawner] (PRIDummy) :: Item [15] causing search overtime: "PlateCarrierVest"
 6:34:34 [CE][LootRespawner] (PRIDummy) :: Item [16] causing search overtime: "PlateCarrierVest"
 6:34:34 [CE][LootRespawner] (PRIDummy) :: Item [17] causing search overtime: "PlateCarrierVest"
 6:34:34 [CE][LootRespawner] (PRIDummy) :: Item [18] causing search overtime: "PlateCarrierVest"
 6:34:34 [CE][LootRespawner] (PRIDummy) :: Item [19] causing search overtime: "PlateCarrierVest"
 6:34:34 [CE][LootRespawner] (PRIDummy) :: Item [0] is hard to place, performance drops: "MiniDress_BlueChecker"
 6:34:34 [CE][LootRespawner] (PRIDummy) :: Item [1] is hard to place, performance drops: "ParamedicPants_Green"
 6:34:34 [CE][LootRespawner] (PRIDummy) :: Item [2] is hard to place, performance drops: "TShirt_Black"
 6:34:34 [CE][LootRespawner] (PRIDummy) :: Item [3] is hard to place, performance drops: "TShirt_Black"
 6:34:35 [CE][LootRespawner] (PRIDummy) :: Item [4] is hard to place, performance drops: "MSFCBeerZhigulevskoeBarnoe"
 6:34:35 [CE][LootRespawner] (PRIDummy) :: Item [5] is hard to place, performance drops: "MSFCBeerZhigulevskoeBarnoe"
 6:34:35 [CE][LootRespawner] (PRIDummy) :: Item [6] is hard to place, performance drops: "MSFCBeerZhigulevskoeBarnoe"
 6:34:35 [CE][LootRespawner] (PRIDummy) :: Item [7] is hard to place, performance drops: "SmershVest"
 6:34:35 [CE][LootRespawner] (PRIDummy) :: Item [8] is hard to place, performance drops: "SmershVest"
 6:34:35 [CE][LootRespawner] (PRIDummy) :: Item [9] is hard to place, performance drops: "SmershVest"
 6:34:35 [CE][LootRespawner] (PRIDummy) :: Item [10] is hard to place, performance drops: "SmershVest"
 6:34:35 [CE][LootRespawner] (PRIDummy) :: Item [11] is hard to place, performance drops: "Defender110_dver_2_1"
 6:34:35 [CE][LootRespawner] (PRIDummy) :: Item [12] is hard to place, performance drops: "Defender110_dver_2_2_Red"
 6:34:35 [CE][LootRespawner] (PRIDummy) :: Item [13] is hard to place, performance drops: "Defender110_dver_2_2_Green"
 6:34:35 [CE][LootRespawner] (PRIDummy) :: Item [14] is hard to place, performance drops: "Defender110_dver_2_2_UN"
 6:34:35 [CE][LootRespawner] (PRIDummy) :: Item [15] is hard to place, performance drops: "SlacksPants_Blue"
 6:34:35 [CE][LootRespawner] (PRIDummy) :: Item [16] is hard to place, performance drops: "Breeches_Green"
 6:34:35 [CE][LootRespawner] (PRIDummy) :: Item [17] is hard to place, performance drops: "Winchester70"
 6:34:35 [CE][LootRespawner] (PRIDummy) :: Item [18] is hard to place, performance drops: "Winchester70"
 6:34:35 [CE][LootRespawner] (PRIDummy) :: Item [19] is hard to place, performance drops: "Winchester70"
 6:34:36 [CE][LootRespawner] (PRIDummy) :: Initially (re)spawned:711, Nominal:32677, Total in Map: 16457 at 1 (sec)
 6:34:36   tests:743, repeats:0 fails:32, overtime:12710
 6:34:36 [CE][DynEvent] :: 33 types
 6:34:36 [00] AmbientHen
 6:34:36   Primary Spawner: "Ambient", active: yes, repeat: 1
 6:34:36 [01] AnimalBear
 6:34:36   Primary Spawner: "Animal", active: yes, repeat: 1
 6:34:36 [02] AnimalCow
 6:34:36   Primary Spawner: "Animal", active: yes, repeat: 1
 6:34:36 [03] AnimalDeer
 6:34:36   Primary Spawner: "Animal", active: yes, repeat: 1
 6:34:36 [04] AnimalGoat
 6:34:36   Primary Spawner: "Animal", active: yes, repeat: 1
 6:34:36 [05] AnimalPig
 6:34:36   Primary Spawner: "Animal", active: yes, repeat: 1
 6:34:36 [06] AnimalRoeDeer
 6:34:36   Primary Spawner: "Animal", active: yes, repeat: 1
 6:34:36 [07] AnimalSheep
 6:34:36   Primary Spawner: "Animal", active: yes, repeat: 1
 6:34:36 [08] AnimalWildBoar
 6:34:36   Primary Spawner: "Animal", active: yes, repeat: 1
 6:34:36 [09] AnimalWolf
 6:34:36   Primary Spawner: "Animal", active: yes, repeat: 1
 6:34:36 [10] InfectedArmy
 6:34:36   Primary Spawner: "Infected", active: yes, repeat: 1
 6:34:36 [11] InfectedCity
 6:34:36   Primary Spawner: "Infected", active: yes, repeat: 1
 6:34:36 [12] InfectedFirefighter
 6:34:36   Primary Spawner: "Infected", active: yes, repeat: 1
 6:34:36 [13] InfectedIndustrial
 6:34:36   Primary Spawner: "Infected", active: yes, repeat: 1
 6:34:36 [14] InfectedMedic
 6:34:36   Primary Spawner: "Infected", active: yes, repeat: 1
 6:34:36 [15] InfectedPolice
 6:34:36   Primary Spawner: "Infected", active: yes, repeat: 1
 6:34:36 [16] InfectedPrisoner
 6:34:36   Primary Spawner: "Infected", active: yes, repeat: 1
 6:34:36 [17] InfectedReligious
 6:34:36   Primary Spawner: "Infected", active: yes, repeat: 1
 6:34:36 [18] InfectedSolitude
 6:34:36   Primary Spawner: "Infected", active: yes, repeat: 1
 6:34:36 [19] InfectedVillage
 6:34:36   Primary Spawner: "Infected", active: yes, repeat: 1
 6:34:36 [20] ItemPlanks
 6:34:36   Primary Spawner: "Item", active: yes, repeat: 1
 6:34:36 [21] Loot
 6:34:36   Primary Spawner: "Loot", active: yes, repeat: 2
 6:34:36 [22] StaticHeliCrash
 6:34:36   Primary Spawner: "Vehicle", active: yes, repeat: 1
 6:34:36   Secondary Spawner: "Infected", active: yes, repeat: 1
 6:34:36 [23] StaticPoliceCar
 6:34:36   Primary Spawner: "Vehicle", active: yes, repeat: 1
 6:34:36 [24] TrajectoryConiferous
 6:34:36   Primary Spawner: "Trajectory"