 0:46:19 BattlEye Server: Initialized (v1.217)
 0:46:19 SUCCESS: SteamGameServer_Init(0,8766,2442,28056,3,1.07.153006)
 0:46:19 Roles assigned.
 0:46:19 Reading mission ...
 0:47:12 [CE][Hive] :: Initializing OFFLINE
 0:47:12 [CE][Hive] :: Loading core data ... 
 0:47:12 [CE][CoreData] :: 7 root classes, 19 defaults, 0 updaters...
 0:47:18 [CE][RegisterBind] :: 0 classes binded...
 0:47:18 [CE][RegisterConfig] :: 10088 config classes registered, 0 sub-counters...
 0:47:18 [CE][Hive] :: Loading map data ... 
 0:47:18 !!! [CE] :: Unknown category: 'vehicleparts'.
 0:47:18 [CE][LoadPrototype] :: loaded 330 prototypes
 0:47:18   702 containers, 9116 points
 0:47:18   24 dispatches, 90 proxies
 0:47:18 !!! [CE][LoadPrototype] 12 groups have no points...
 0:47:18 !!![CE][LoadPrototype]  3 groups have wrong points...
 0:47:18 [CE][LoadPrototype] :: last group name: Land_Lunapark_Autodrome...
 0:47:18 [CE][LoadPrototype] :: loaded 0 prototypes
 0:47:18   0 containers, 0 points
 0:47:18   0 dispatches, 0 proxies
 0:47:18 [CE][LoadPrototype] :: last group name: PathD_7100...
 0:47:18 [CE][LoadMap] "Group" :: loaded 5086 groups, largest group range: 26.9
 0:47:18 [CE][LoadMap] "Dirt" :: loaded 0 groups, largest group range: 26.9
 0:47:18 [CE][LoadClusters] "Cluster" :: Loading files...
 0:47:19 [CE][LoadClusters] :: file: "mapgroupcluster.xml", 4 types, 50000 instances
 0:47:19 [CE][LoadClusters] :: file: "mapgroupcluster01", 4 types, 50000 instances
 0:47:19 [CE][LoadClusters] :: file: "mapgroupcluster02", 4 types, 50000 instances
 0:47:19 [CE][LoadClusters] :: file: "mapgroupcluster03", 4 types, 50000 instances
 0:47:19 [CE][LoadClusters] :: file: "mapgroupcluster04", 4 types, 21297 instances
 0:47:19 [CE][Storage] ver:21 stamp:29744, valid:yes, name:"mpmissions\TheCommunity.enoch\storage_666\data\types.bin"
 0:47:19 [CE][Storage] ver:21 stamp:29744, valid:yes, name:"mpmissions\TheCommunity.enoch\storage_666\data\types.001"
 0:47:19 [CE][Storage] ver:21 stamp:29742, valid:yes, name:"mpmissions\TheCommunity.enoch\storage_666\data\types.002"
 0:47:19 [CE][Storage] Restoring file "mpmissions\TheCommunity.enoch\storage_666\data\types.bin".
 0:47:20 [CE][offlineDB] :: Loaded 33 dynamic events 215 total types 0 total positions.
 0:47:20 [CE][Storage] ver:21 stamp:29744, valid:yes, name:"mpmissions\TheCommunity.enoch\storage_666\data\events.bin"
 0:47:20 [CE][Storage] ver:21 stamp:29744, valid:yes, name:"mpmissions\TheCommunity.enoch\storage_666\data\events.001"
 0:47:20 [CE][Storage] ver:21 stamp:29742, valid:yes, name:"mpmissions\TheCommunity.enoch\storage_666\data\events.002"
 0:47:20 [CE][Storage] Restoring file "mpmissions\TheCommunity.enoch\storage_666\data\events.bin".
 0:47:20 [CE][DynamicEvent] Load  Events:[33] Primary spawners: 33 Secondary spawners: 1
 0:47:20 [CE][Storage] ver:24 stamp:29744, valid:yes, name:"mpmissions\TheCommunity.enoch\storage_666\data\vehicles.bin"
 0:47:20 [CE][Storage] ver:24 stamp:29744, valid:yes, name:"mpmissions\TheCommunity.enoch\storage_666\data\vehicles.001"
 0:47:20 [CE][Storage] ver:24 stamp:29742, valid:yes, name:"mpmissions\TheCommunity.enoch\storage_666\data\vehicles.002"
 0:47:20 [CE][Storage] Restoring file "mpmissions\TheCommunity.enoch\storage_666\data\vehicles.bin" 108 items.
 0:47:20   108 items loaded.
 0:47:20 [CE][Storage] ver:24 stamp:29744, valid:yes, name:"mpmissions\TheCommunity.enoch\storage_666\data\dynamic_000.bin"
 0:47:20 [CE][Storage] ver:24 stamp:29744, valid:yes, name:"mpmissions\TheCommunity.enoch\storage_666\data\dynamic_000.001"
 0:47:20 [CE][Storage] ver:24 stamp:29742, valid:yes, name:"mpmissions\TheCommunity.enoch\storage_666\data\dynamic_000.002"
 0:47:20 [CE][Storage] Restoring file "mpmissions\TheCommunity.enoch\storage_666\data\dynamic_000.bin" 334 items.
 0:47:20   334 items loaded.
 0:47:20 [CE][Storage] ver:24 stamp:29744, valid:yes, name:"mpmissions\TheCommunity.enoch\storage_666\data\dynamic_001.bin"
 0:47:20 [CE][Storage] ver:24 stamp:29744, valid:yes, name:"mpmissions\TheCommunity.enoch\storage_666\data\dynamic_001.001"
 0:47:20 [CE][Storage] ver:24 stamp:29742, valid:yes, name:"mpmissions\TheCommunity.enoch\storage_666\data\dynamic_001.002"
 0:47:20 [CE][Storage] Restoring file "mpmissions\TheCommunity.enoch\storage_666\data\dynamic_001.bin" 2138 items.
 0:47:21   2138 items loaded.
 0:47:21 [CE][Storage] ver:24 stamp:29744, valid:yes, name:"mpmissions\TheCommunity.enoch\storage_666\data\dynamic_002.bin"
 0:47:21 [CE][Storage] ver:24 stamp:29744, valid:yes, name:"mpmissions\TheCommunity.enoch\storage_666\data\dynamic_002.001"
 0:47:21 [CE][Storage] ver:24 stamp:29742, valid:yes, name:"mpmissions\TheCommunity.enoch\storage_666\data\dynamic_002.002"
 0:47:21 [CE][Storage] Restoring file "mpmissions\TheCommunity.enoch\storage_666\data\dynamic_002.bin" 629 items.
 0:47:21   629 items loaded.
 0:47:21 [CE][Storage] ver:24 stamp:29744, valid:yes, name:"mpmissions\TheCommunity.enoch\storage_666\data\dynamic_003.bin"
 0:47:21 [CE][Storage] ver:24 stamp:29744, valid:yes, name:"mpmissions\TheCommunity.enoch\storage_666\data\dynamic_003.001"
 0:47:21 [CE][Storage] ver:24 stamp:29742, valid:yes, name:"mpmissions\TheCommunity.enoch\storage_666\data\dynamic_003.002"
 0:47:21 [CE][Storage] Restoring file "mpmissions\TheCommunity.enoch\storage_666\data\dynamic_003.bin" 1246 items.
 0:47:21   1246 items loaded.
 0:47:21 [CE][Storage] ver:24 stamp:29744, valid:yes, name:"mpmissions\TheCommunity.enoch\storage_666\data\dynamic_004.bin"
 0:47:21 [CE][Storage] ver:24 stamp:29744, valid:yes, name:"mpmissions\TheCommunity.enoch\storage_666\data\dynamic_004.001"
 0:47:21 [CE][Storage] ver:24 stamp:29742, valid:yes, name:"mpmissions\TheCommunity.enoch\storage_666\data\dynamic_004.002"
 0:47:21 [CE][Storage] Restoring file "mpmissions\TheCommunity.enoch\storage_666\data\dynamic_004.bin" 1585 items.
 0:47:22   1585 items loaded.
 0:47:22 [CE][Storage] ver:24 stamp:29744, valid:yes, name:"mpmissions\TheCommunity.enoch\storage_666\data\dynamic_005.bin"
 0:47:22 [CE][Storage] ver:24 stamp:29744, valid:yes, name:"mpmissions\TheCommunity.enoch\storage_666\data\dynamic_005.001"
 0:47:22 [CE][Storage] ver:24 stamp:29742, valid:yes, name:"mpmissions\TheCommunity.enoch\storage_666\data\dynamic_005.002"
 0:47:22 [CE][Storage] Restoring file "mpmissions\TheCommunity.enoch\storage_666\data\dynamic_005.bin" 1932 items.
 0:47:23   1932 items loaded.
 0:47:23 [CE][Storage] ver:24 stamp:29744, valid:yes, name:"mpmissions\TheCommunity.enoch\storage_666\data\dynamic_006.bin"
 0:47:23 [CE][Storage] ver:24 stamp:29744, valid:yes, name:"mpmissions\TheCommunity.enoch\storage_666\data\dynamic_006.001"
 0:47:23 [CE][Storage] ver:24 stamp:29742, valid:yes, name:"mpmissions\TheCommunity.enoch\storage_666\data\dynamic_006.002"
 0:47:23 [CE][Storage] Restoring file "mpmissions\TheCommunity.enoch\storage_666\data\dynamic_006.bin" 1011 items.
 0:47:23   1011 items loaded.
 0:47:23 [CE][Storage] ver:24 stamp:29744, valid:yes, name:"mpmissions\TheCommunity.enoch\storage_666\data\dynamic_007.bin"
 0:47:23 [CE][Storage] ver:24 stamp:29744, valid:yes, name:"mpmissions\TheCommunity.enoch\storage_666\data\dynamic_007.001"
 0:47:23 [CE][Storage] ver:24 stamp:29742, valid:yes, name:"mpmissions\TheCommunity.enoch\storage_666\data\dynamic_007.002"
 0:47:23 [CE][Storage] Restoring file "mpmissions\TheCommunity.enoch\storage_666\data\dynamic_007.bin" 1328 items.
 0:47:23   1328 items loaded.
 0:47:23 [CE][Storage] ver:24 stamp:29744, valid:yes, name:"mpmissions\TheCommunity.enoch\storage_666\data\dynamic_008.bin"
 0:47:23 [CE][Storage] ver:24 stamp:29744, valid:yes, name:"mpmissions\TheCommunity.enoch\storage_666\data\dynamic_008.001"
 0:47:23 [CE][Storage] ver:24 stamp:29742, valid:yes, name:"mpmissions\TheCommunity.enoch\storage_666\data\dynamic_008.002"
 0:47:23 [CE][Storage] Restoring file "mpmissions\TheCommunity.enoch\storage_666\data\dynamic_008.bin" 1104 items.
 0:47:24   1104 items loaded.
 0:47:24 [CE][Storage] ver:24 stamp:29744, valid:yes, name:"mpmissions\TheCommunity.enoch\storage_666\data\dynamic_009.bin"
 0:47:24 [CE][Storage] ver:24 stamp:29744, valid:yes, name:"mpmissions\TheCommunity.enoch\storage_666\data\dynamic_009.001"
 0:47:24 [CE][Storage] ver:24 stamp:29742, valid:yes, name:"mpmissions\TheCommunity.enoch\storage_666\data\dynamic_009.002"
 0:47:24 [CE][Storage] Restoring file "mpmissions\TheCommunity.enoch\storage_666\data\dynamic_009.bin" 1048 items.
 0:47:24   1048 items loaded.
 0:47:24 [CE][Storage] ver:24 stamp:29744, valid:yes, name:"mpmissions\TheCommunity.enoch\storage_666\data\dynamic_010.bin"
 0:47:24 [CE][Storage] ver:24 stamp:29744, valid:yes, name:"mpmissions\TheCommunity.enoch\storage_666\data\dynamic_010.001"
 0:47:24 [CE][Storage] ver:24 stamp:29742, valid:yes, name:"mpmissions\TheCommunity.enoch\storage_666\data\dynamic_010.002"
 0:47:24 [CE][Storage] Restoring file "mpmissions\TheCommunity.enoch\storage_666\data\dynamic_010.bin" 2427 items.
 0:47:25   2427 items loaded.
 0:47:25 [CE][Storage] ver:24 stamp:29744, valid:yes, name:"mpmissions\TheCommunity.enoch\storage_666\data\dynamic_011.bin"
 0:47:25 [CE][Storage] ver:24 stamp:29744, valid:yes, name:"mpmissions\TheCommunity.enoch\storage_666\data\dynamic_011.001"
 0:47:25 [CE][Storage] ver:24 stamp:29742, valid:yes, name:"mpmissions\TheCommunity.enoch\storage_666\data\dynamic_011.002"
 0:47:25 [CE][Storage] Restoring file "mpmissions\TheCommunity.enoch\storage_666\data\dynamic_011.bin" 371 items.
 0:47:25   371 items loaded.
 0:47:25 [CE][Hive] :: Storage load took:5.23 seconds, recovery stamp:29744
 0:47:25   entity: 15797, building: 0
 0:47:25   no lifetime: 40
 0:47:25 [CE][Hive] :: Initializing ... 
 0:47:25 [CE][InitializeMap] :: initialized: 0
 0:47:25 [CE][Hive] :: Initializing spawners ... 
 0:47:27 [CE][LootRespawner] (PRIDummy) :: Item [0] causing search overtime: "MSFCGorkaPATACSFG"
 0:47:27 [CE][LootRespawner] (PRIDummy) :: Item [1] causing search overtime: "MSFCGorkaPATACSFG"
 0:47:27 [CE][LootRespawner] (PRIDummy) :: Item [2] causing search overtime: "MSFCGorkaPATACSFG"
 0:47:27 [CE][LootRespawner] (PRIDummy) :: Item [3] causing search overtime: "MSFCGorkaPATACSFG"
 0:47:27 [CE][LootRespawner] (PRIDummy) :: Item [4] causing search overtime: "MSFCKryptekRaidPlatePouches"
 0:47:27 [CE][LootRespawner] (PRIDummy) :: Item [5] causing search overtime: "MSFCKryptekRaidPlatePouches"
 0:47:27 [CE][LootRespawner] (PRIDummy) :: Item [6] causing search overtime: "MSFCKryptekRaidPlatePouches"
 0:47:27 [CE][LootRespawner] (PRIDummy) :: Item [7] causing search overtime: "MSFCKryptekRaidPlatePouches"
 0:47:27 [CE][LootRespawner] (PRIDummy) :: Item [8] causing search overtime: "SWP_AWM_Mag"
 0:47:27 [CE][LootRespawner] (PRIDummy) :: Item [9] causing search overtime: "SWP_AWM_Mag"
 0:47:27 [CE][LootRespawner] (PRIDummy) :: Item [10] causing search overtime: "SWP_AWM_Mag"
 0:47:27 [CE][LootRespawner] (PRIDummy) :: Item [11] causing search overtime: "SWP_AWM_Mag"
 0:47:27 [CE][LootRespawner] (PRIDummy) :: Item [12] causing search overtime: "SWP_AWM_Mag"
 0:47:27 [CE][LootRespawner] (PRIDummy) :: Item [13] causing search overtime: "SWP_AWM_Mag"
 0:47:27 [CE][LootRespawner] (PRIDummy) :: Item [14] causing search overtime: "SWP_AWM_Mag"
 0:47:27 [CE][LootRespawner] (PRIDummy) :: Item [15] causing search overtime: "SWP_AWM_Mag"
 0:47:27 [CE][LootRespawner] (PRIDummy) :: Item [16] causing search overtime: "SWP_AWM_Mag"
 0:47:27 [CE][LootRespawner] (PRIDummy) :: Item [17] causing search overtime: "SWP_AWM_Mag"
 0:47:27 [CE][LootRespawner] (PRIDummy) :: Item [18] causing search overtime: "SWP_AWM_Mag"
 0:47:27 [CE][LootRespawner] (PRIDummy) :: Item [19] causing search overtime: "SWP_AWM_Mag"
 0:47:27 [CE][LootRespawner] (PRIDummy) :: Item [0] is hard to place, performance drops: "Snipe_Mask_black"
 0:47:27 [CE][LootRespawner] (PRIDummy) :: Item [1] is hard to place, performance drops: "Snipe_Mask_black"
 0:47:27 [CE][LootRespawner] (PRIDummy) :: Item [2] is hard to place, performance drops: "Snipe_Mask_black"
 0:47:27 [CE][LootRespawner] (PRIDummy) :: Item [3] is hard to place, performance drops: "Snipe_Mask_tan"
 0:47:27 [CE][LootRespawner] (PRIDummy) :: Item [4] is hard to place, performance drops: "ShortJeans_Brown"
 0:47:27 [CE][LootRespawner] (PRIDummy) :: Item [5] is hard to place, performance drops: "Msp_PlainBat"
 0:47:27 [CE][LootRespawner] (PRIDummy) :: Item [6] is hard to place, performance drops: "Msp_PlainBat"
 0:47:27 [CE][LootRespawner] (PRIDummy) :: Item [7] is hard to place, performance drops: "Msp_PlainBat_Black"
 0:47:27 [CE][LootRespawner] (PRIDummy) :: Item [8] is hard to place, performance drops: "Msp_PlainBat_Black"
 0:47:27 [CE][LootRespawner] (PRIDummy) :: Item [9] is hard to place, performance drops: "MSFCBeerZhigulevskoeBarnoe"
 0:47:27 [CE][LootRespawner] (PRIDummy) :: Item [10] is hard to place, performance drops: "MSFCBeerZhigulevskoeBarnoe"
 0:47:27 [CE][LootRespawner] (PRIDummy) :: Item [11] is hard to place, performance drops: "Bear_White"
 0:47:27 [CE][LootRespawner] (PRIDummy) :: Item [12] is hard to place, performance drops: "Bear_White"
 0:47:27 [CE][LootRespawner] (PRIDummy) :: Item [13] is hard to place, performance drops: "BarbedWire"
 0:47:27 [CE][LootRespawner] (PRIDummy) :: Item [14] is hard to place, performance drops: "Bear_Beige"
 0:47:27 [CE][LootRespawner] (PRIDummy) :: Item [15] is hard to place, performance drops: "Bandana_RedPattern"
 0:47:28 [CE][LootRespawner] (PRIDummy) :: Item [16] is hard to place, performance drops: "MSFCBeerBaltika9"
 0:47:28 [CE][LootRespawner] (PRIDummy) :: Item [17] is hard to place, performance drops: "MSFCBeerBaltika9"
 0:47:28 [CE][LootRespawner] (PRIDummy) :: Item [18] is hard to place, performance drops: "MSFCBeerBaltika9"
 0:47:28 [CE][LootRespawner] (PRIDummy) :: Item [19] is hard to place, performance drops: "MSFCBeerZhigulevskoeSoviet"
 0:47:28 [CE][LootRespawner] (PRIDummy) :: Initially (re)spawned:1044, Nominal:32677, Total in Map: 16352 at 1 (sec)
 0:47:28   tests:1069, repeats:0 fails:25, overtime:12685
 0:47:28 [CE][DynEvent] :: 33 types
 0:47:28 [00] AmbientHen
 0:47:28   Primary Spawner: "Ambient", active: yes, repeat: 1
 0:47:28 [01] AnimalBear
 0:47:28   Primary Spawner: "Animal", active: yes, repeat: 1
 0:47:28 [02] AnimalCow
 0:47:28   Primary Spawner: "Animal", active: yes, repeat: 1
 0:47:28 [03] AnimalDeer
 0:47:28   Primary Spawner: "Animal", active: yes, repeat: 1
 0:47:28 [04] AnimalGoat
 0:47:28   Primary Spawner: "Animal", active: yes, repeat: 1
 0:47:28 [05] AnimalPig
 0:47:28   Primary Spawner: "Animal", active: yes, repeat: 1
 0:47:28 [06] AnimalRoeDeer
 0:47:28   Primary Spawner: "Animal", active: yes, repeat: 1
 0:47:28 [07] AnimalSheep
 0:47:28   Primary Spawner: "Animal", active: yes, repeat: 1
 0:47:28 [08] AnimalWildBoar
 0:47:28   Primary Spawner: "Animal", active: yes, repeat: 1
 0:47:28 [09] AnimalWolf
 0:47:28   Primary Spawner: "Animal", active: yes, repeat: 1
 0:47:28 [10] InfectedArmy
 0:47:28   Primary Spawner: "Infected", active: yes, repeat: 1
 0:47:28 [11] InfectedCity
 0:47:28   Primary Spawner: "Infected", active: yes, repeat: 1
 0:47:28 [12] InfectedFirefighter
 0:47:28   Primary Spawner: "Infected", active: yes, repeat: 1
 0:47:28 [13] InfectedIndustrial
 0:47:28   Primary Spawner: "Infected", active: yes, repeat: 1
 0:47:28 [14] InfectedMedic
 0:47:28   Primary Spawner: "Infected", active: yes, repeat: 1
 0:47:28 [15] InfectedPolice
 0:47:28   Primary Spawner: "Infected", active: yes, repeat: 1
 0:47:28 [16] InfectedPrisoner
 0:47:28   Primary Spawner: "Infected", active: yes, repeat: 1
 0:47:28 [17] InfectedReligious
 0:47:28   Primary Spawner: "Infected", active: yes, repeat: 1
 0:47:28 [18] InfectedSolitude
 0:47:28   Primary Spawner: "Infected", active: yes, repeat: 1
 0:47:28 [19] InfectedVillage
 0:47:28   Primary Spawner: "Infected", active: yes, repeat: 1
 0:47:28 [20] ItemPlanks
 0:47:28   Primary Spawner: "Item", active: yes, repeat: 1
 0:47:28 [21] Loot
 0:47:28   Primary Spawner: "Loot", active: yes, repeat: 2
 0:47:28 [22] StaticHeliCrash
 0:47:28   Primary Spawner: "Vehicle", active: yes, repeat: 1
 0:47:28   Secondary Spawner: "Infected", active: yes, repeat: 1
 0:47:28 [23] StaticPoliceCar
 0:47:28   Primary Spawner: "Vehicle", active: yes, repeat: 1
 0:47:28 [24] TrajectoryConiferous
 0:47:28   Primary Spawner: "Trajectory", active: yes, re