21:41:24 BattlEye Server: Initialized (v1.217)
21:41:24 SUCCESS: SteamGameServer_Init(0,8766,2442,28056,3,1.07.153006)
21:41:24 Roles assigned.
21:41:24 Reading mission ...
21:42:06 [CE][Hive] :: Initializing OFFLINE
21:42:06 [CE][Hive] :: Loading core data ... 
21:42:06 [CE][CoreData] :: 7 root classes, 19 defaults, 0 updaters...
21:42:12 [CE][RegisterBind] :: 0 classes binded...
21:42:12 [CE][RegisterConfig] :: 10050 config classes registered, 0 sub-counters...
21:42:12 [CE][Hive] :: Loading map data ... 
21:42:12 !!! [CE] :: Unknown category: 'vehicleparts'.
21:42:12 [CE][LoadPrototype] :: loaded 330 prototypes
21:42:12   702 containers, 9116 points
21:42:12   24 dispatches, 90 proxies
21:42:12 !!! [CE][LoadPrototype] 12 groups have no points...
21:42:12 !!![CE][LoadPrototype]  3 groups have wrong points...
21:42:12 [CE][LoadPrototype] :: last group name: Land_Lunapark_Autodrome...
21:42:13 [CE][LoadPrototype] :: loaded 0 prototypes
21:42:13   0 containers, 0 points
21:42:13   0 dispatches, 0 proxies
21:42:13 [CE][LoadPrototype] :: last group name: PathD_7100...
21:42:13 [CE][LoadMap] "Group" :: loaded 5086 groups, largest group range: 26.9
21:42:13 [CE][LoadMap] "Dirt" :: loaded 0 groups, largest group range: 26.9
21:42:13 [CE][LoadClusters] "Cluster" :: Loading files...
21:42:13 [CE][LoadClusters] :: file: "mapgroupcluster.xml", 4 types, 50000 instances
21:42:13 [CE][LoadClusters] :: file: "mapgroupcluster01", 4 types, 50000 instances
21:42:14 [CE][LoadClusters] :: file: "mapgroupcluster02", 4 types, 50000 instances
21:42:14 [CE][LoadClusters] :: file: "mapgroupcluster03", 4 types, 50000 instances
21:42:14 [CE][LoadClusters] :: file: "mapgroupcluster04", 4 types, 21297 instances
21:42:14 [CE][Storage] ver:21 stamp:5797, valid:yes, name:"mpmissions\TheCommunity.enoch\storage_666\data\types.bin"
21:42:14 [CE][Storage] ver:21 stamp:5796, valid:yes, name:"mpmissions\TheCommunity.enoch\storage_666\data\types.001"
21:42:14 [CE][Storage] ver:21 stamp:5794, valid:yes, name:"mpmissions\TheCommunity.enoch\storage_666\data\types.002"
21:42:14 [CE][Storage] Restoring file "mpmissions\TheCommunity.enoch\storage_666\data\types.bin".
21:42:14 [CE][offlineDB] :: Loaded 33 dynamic events 215 total types 0 total positions.
21:42:14 [CE][Storage] ver:21 stamp:5797, valid:yes, name:"mpmissions\TheCommunity.enoch\storage_666\data\events.bin"
21:42:14 [CE][Storage] ver:21 stamp:5796, valid:yes, name:"mpmissions\TheCommunity.enoch\storage_666\data\events.001"
21:42:14 [CE][Storage] ver:21 stamp:5794, valid:yes, name:"mpmissions\TheCommunity.enoch\storage_666\data\events.002"
21:42:14 [CE][Storage] Restoring file "mpmissions\TheCommunity.enoch\storage_666\data\events.bin".
21:42:14 [CE][DynamicEvent] Load  Events:[33] Primary spawners: 33 Secondary spawners: 1
21:42:14 [CE][Storage] ver:24 stamp:5797, valid:yes, name:"mpmissions\TheCommunity.enoch\storage_666\data\vehicles.bin"
21:42:14 [CE][Storage] ver:24 stamp:5796, valid:yes, name:"mpmissions\TheCommunity.enoch\storage_666\data\vehicles.001"
21:42:14 [CE][Storage] ver:24 stamp:5794, valid:yes, name:"mpmissions\TheCommunity.enoch\storage_666\data\vehicles.002"
21:42:14 [CE][Storage] Restoring file "mpmissions\TheCommunity.enoch\storage_666\data\vehicles.bin" 94 items.
21:42:14   94 items loaded.
21:42:14 [CE][Storage] ver:24 stamp:5797, valid:yes, name:"mpmissions\TheCommunity.enoch\storage_666\data\dynamic_000.bin"
21:42:14 [CE][Storage] ver:24 stamp:5796, valid:yes, name:"mpmissions\TheCommunity.enoch\storage_666\data\dynamic_000.001"
21:42:14 [CE][Storage] ver:24 stamp:5794, valid:yes, name:"mpmissions\TheCommunity.enoch\storage_666\data\dynamic_000.002"
21:42:14 [CE][Storage] Restoring file "mpmissions\TheCommunity.enoch\storage_666\data\dynamic_000.bin" 392 items.
21:42:15   392 items loaded.
21:42:15 [CE][Storage] ver:24 stamp:5797, valid:yes, name:"mpmissions\TheCommunity.enoch\storage_666\data\dynamic_001.bin"
21:42:15 [CE][Storage] ver:24 stamp:5796, valid:yes, name:"mpmissions\TheCommunity.enoch\storage_666\data\dynamic_001.001"
21:42:15 [CE][Storage] ver:24 stamp:5794, valid:yes, name:"mpmissions\TheCommunity.enoch\storage_666\data\dynamic_001.002"
21:42:15 [CE][Storage] Restoring file "mpmissions\TheCommunity.enoch\storage_666\data\dynamic_001.bin" 2183 items.
21:42:15   2183 items loaded.
21:42:15 [CE][Storage] ver:24 stamp:5797, valid:yes, name:"mpmissions\TheCommunity.enoch\storage_666\data\dynamic_002.bin"
21:42:15 [CE][Storage] ver:24 stamp:5796, valid:yes, name:"mpmissions\TheCommunity.enoch\storage_666\data\dynamic_002.001"
21:42:15 [CE][Storage] ver:24 stamp:5794, valid:yes, name:"mpmissions\TheCommunity.enoch\storage_666\data\dynamic_002.002"
21:42:15 [CE][Storage] Restoring file "mpmissions\TheCommunity.enoch\storage_666\data\dynamic_002.bin" 673 items.
21:42:15   673 items loaded.
21:42:15 [CE][Storage] ver:24 stamp:5797, valid:yes, name:"mpmissions\TheCommunity.enoch\storage_666\data\dynamic_003.bin"
21:42:15 [CE][Storage] ver:24 stamp:5796, valid:yes, name:"mpmissions\TheCommunity.enoch\storage_666\data\dynamic_003.001"
21:42:15 [CE][Storage] ver:24 stamp:5794, valid:yes, name:"mpmissions\TheCommunity.enoch\storage_666\data\dynamic_003.002"
21:42:15 [CE][Storage] Restoring file "mpmissions\TheCommunity.enoch\storage_666\data\dynamic_003.bin" 1175 items.
21:42:16   1175 items loaded.
21:42:16 [CE][Storage] ver:24 stamp:5797, valid:yes, name:"mpmissions\TheCommunity.enoch\storage_666\data\dynamic_004.bin"
21:42:16 [CE][Storage] ver:24 stamp:5796, valid:yes, name:"mpmissions\TheCommunity.enoch\storage_666\data\dynamic_004.001"
21:42:16 [CE][Storage] ver:24 stamp:5794, valid:yes, name:"mpmissions\TheCommunity.enoch\storage_666\data\dynamic_004.002"
21:42:16 [CE][Storage] Restoring file "mpmissions\TheCommunity.enoch\storage_666\data\dynamic_004.bin" 1583 items.
21:42:16   1583 items loaded.
21:42:16 [CE][Storage] ver:24 stamp:5797, valid:yes, name:"mpmissions\TheCommunity.enoch\storage_666\data\dynamic_005.bin"
21:42:16 [CE][Storage] ver:24 stamp:5796, valid:yes, name:"mpmissions\TheCommunity.enoch\storage_666\data\dynamic_005.001"
21:42:16 [CE][Storage] ver:24 stamp:5794, valid:yes, name:"mpmissions\TheCommunity.enoch\storage_666\data\dynamic_005.002"
21:42:16 [CE][Storage] Restoring file "mpmissions\TheCommunity.enoch\storage_666\data\dynamic_005.bin" 2057 items.
21:42:17   2057 items loaded.
21:42:17 [CE][Storage] ver:24 stamp:5797, valid:yes, name:"mpmissions\TheCommunity.enoch\storage_666\data\dynamic_006.bin"
21:42:17 [CE][Storage] ver:24 stamp:5796, valid:yes, name:"mpmissions\TheCommunity.enoch\storage_666\data\dynamic_006.001"
21:42:17 [CE][Storage] ver:24 stamp:5794, valid:yes, name:"mpmissions\TheCommunity.enoch\storage_666\data\dynamic_006.002"
21:42:17 [CE][Storage] Restoring file "mpmissions\TheCommunity.enoch\storage_666\data\dynamic_006.bin" 1063 items.
21:42:18   1063 items loaded.
21:42:18 [CE][Storage] ver:24 stamp:5797, valid:yes, name:"mpmissions\TheCommunity.enoch\storage_666\data\dynamic_007.bin"
21:42:18 [CE][Storage] ver:24 stamp:5796, valid:yes, name:"mpmissions\TheCommunity.enoch\storage_666\data\dynamic_007.001"
21:42:18 [CE][Storage] ver:24 stamp:5794, valid:yes, name:"mpmissions\TheCommunity.enoch\storage_666\data\dynamic_007.002"
21:42:18 [CE][Storage] Restoring file "mpmissions\TheCommunity.enoch\storage_666\data\dynamic_007.bin" 1346 items.
21:42:18   1346 items loaded.
21:42:18 [CE][Storage] ver:24 stamp:5797, valid:yes, name:"mpmissions\TheCommunity.enoch\storage_666\data\dynamic_008.bin"
21:42:18 [CE][Storage] ver:24 stamp:5796, valid:yes, name:"mpmissions\TheCommunity.enoch\storage_666\data\dynamic_008.001"
21:42:18 [CE][Storage] ver:24 stamp:5794, valid:yes, name:"mpmissions\TheCommunity.enoch\storage_666\data\dynamic_008.002"
21:42:18 [CE][Storage] Restoring file "mpmissions\TheCommunity.enoch\storage_666\data\dynamic_008.bin" 1116 items.
21:42:18   1116 items loaded.
21:42:18 [CE][Storage] ver:24 stamp:5797, valid:yes, name:"mpmissions\TheCommunity.enoch\storage_666\data\dynamic_009.bin"
21:42:18 [CE][Storage] ver:24 stamp:5796, valid:yes, name:"mpmissions\TheCommunity.enoch\storage_666\data\dynamic_009.001"
21:42:18 [CE][Storage] ver:24 stamp:5794, valid:yes, name:"mpmissions\TheCommunity.enoch\storage_666\data\dynamic_009.002"
21:42:18 [CE][Storage] Restoring file "mpmissions\TheCommunity.enoch\storage_666\data\dynamic_009.bin" 1063 items.
21:42:19   1063 items loaded.
21:42:19 [CE][Storage] ver:24 stamp:5797, valid:yes, name:"mpmissions\TheCommunity.enoch\storage_666\data\dynamic_010.bin"
21:42:19 [CE][Storage] ver:24 stamp:5796, valid:yes, name:"mpmissions\TheCommunity.enoch\storage_666\data\dynamic_010.001"
21:42:19 [CE][Storage] ver:24 stamp:5794, valid:yes, name:"mpmissions\TheCommunity.enoch\storage_666\data\dynamic_010.002"
21:42:19 [CE][Storage] Restoring file "mpmissions\TheCommunity.enoch\storage_666\data\dynamic_010.bin" 2617 items.
21:42:19   2617 items loaded.
21:42:19 [CE][Storage] ver:24 stamp:5797, valid:yes, name:"mpmissions\TheCommunity.enoch\storage_666\data\dynamic_011.bin"
21:42:19 [CE][Storage] ver:24 stamp:5796, valid:yes, name:"mpmissions\TheCommunity.enoch\storage_666\data\dynamic_011.001"
21:42:19 !!! [CE][Storage] Failed to read [Storage] data file "mpmissions\TheCommunity.enoch\storage_666\data\dynamic_011.002".
21:42:19   File not closed...
21:42:19 [CE][Storage] ver:24 stamp:5797, valid:NO, name:"mpmissions\TheCommunity.enoch\storage_666\data\dynamic_011.002"
21:42:19 [CE][Storage] Restoring file "mpmissions\TheCommunity.enoch\storage_666\data\dynamic_011.bin" 358 items.
21:42:20   358 items loaded.
21:42:20 [CE][Hive] :: Storage load took:5.47 seconds, recovery stamp:5797
21:42:20   entity: 15969, building: 0
21:42:20   no lifetime: 57
21:42:20 [CE][Hive] :: Initializing ... 
21:42:20 [CE][InitializeMap] :: initialized: 0
21:42:20 [CE][Hive] :: Initializing spawners ... 
21:42:21 [CE][LootRespawner] (PRIDummy) :: Item [0] causing search overtime: "MSFCKryptekRaidPlatePouches"
21:42:21 [CE][LootRespawner] (PRIDummy) :: Item [1] causing search overtime: "MSFCKryptekRaidPlatePouches"
21:42:21 [CE][LootRespawner] (PRIDummy) :: Item [2] causing search overtime: "MSFCKryptekRaidPlatePouches"
21:42:21 [CE][LootRespawner] (PRIDummy) :: Item [3] causing search overtime: "MSFCKryptekRaidPlatePouches"
21:42:21 [CE][LootRespawner] (PRIDummy) :: Item [4] causing search overtime: "SWP_AWM_Mag"
21:42:21 [CE][LootRespawner] (PRIDummy) :: Item [5] causing search overtime: "SWP_AWM_Mag"
21:42:21 [CE][LootRespawner] (PRIDummy) :: Item [6] causing search overtime: "SWP_AWM_Mag"
21:42:21 [CE][LootRespawner] (PRIDummy) :: Item [7] causing search overtime: "SWP_AWM_Mag"
21:42:21 [CE][LootRespawner] (PRIDummy) :: Item [8] causing search overtime: "SWP_AWM_Mag"
21:42:21 [CE][LootRespawner] (PRIDummy) :: Item [9] causing search overtime: "SWP_AWM_Mag"
21:42:21 [CE][LootRespawner] (PRIDummy) :: Item [10] causing search overtime: "SWP_AWM_Mag"
21:42:21 [CE][LootRespawner] (PRIDummy) :: Item [11] causing search overtime: "SWP_AWM_Mag"
21:42:21 [CE][LootRespawner] (PRIDummy) :: Item [12] causing search overtime: "SWP_AWM_Mag"
21:42:21 [CE][LootRespawner] (PRIDummy) :: Item [13] causing search overtime: "SWP_AWM_Mag"
21:42:21 [CE][LootRespawner] (PRIDummy) :: Item [14] causing search overtime: "PlateCarrierVest"
21:42:21 [CE][LootRespawner] (PRIDummy) :: Item [15] causing search overtime: "PlateCarrierVest"
21:42:21 [CE][LootRespawner] (PRIDummy) :: Item [16] causing search overtime: "PlateCarrierVest"
21:42:21 [CE][LootRespawner] (PRIDummy) :: Item [17] causing search overtime: "PlateCarrierVest"
21:42:21 [CE][LootRespawner] (PRIDummy) :: Item [18] causing search overtime: "PlateCarrierVest"
21:42:21 [CE][LootRespawner] (PRIDummy) :: Item [19] causing search overtime: "PlateCarrierVest"
21:42:22 [CE][LootRespawner] (PRIDummy) :: Item [0] is hard to place, performance drops: "WomanSuit_Khaki"
21:42:22 [CE][LootRespawner] (PRIDummy) :: Item [1] is hard to place, performance drops: "BaseballCap_Beige"
21:42:22 [CE][LootRespawner] (PRIDummy) :: Item [2] is hard to place, performance drops: "Sedan_02_Trunk_Red"
21:42:22 [CE][LootRespawner] (PRIDummy) :: Item [3] is hard to place, performance drops: "WoodAxe_mung"
21:42:22 [CE][LootRespawner] (PRIDummy) :: Item [4] is hard to place, performance drops: "DisinfectantSpray"
21:42:22 [CE][LootRespawner] (PRIDummy) :: Item [5] is hard to place, performance drops: "MSFCBeerZhigulevskoe"
21:42:22 [CE][LootRespawner] (PRIDummy) :: Item [6] is hard to place, performance drops: "Defender110_kapot_UN"
21:42:22 [CE][LootRespawner] (PRIDummy) :: Item [7] is hard to place, performance drops: "Defender110_kapot_UN"
21:42:22 [CE][LootRespawner] (PRIDummy) :: Item [8] is hard to place, performance drops: "Defender110_dver_2_2_UN"
21:42:22 [CE][LootRespawner] (PRIDummy) :: Item [9] is hard to place, performance drops: "ZmijovkaCap_Green"
21:42:22 [CE][LootRespawner] (PRIDummy) :: Item [10] is hard to place, performance drops: "Sedan_02_Door_1_2_Grey"
21:42:22 [CE][LootRespawner] (PRIDummy) :: Item [11] is hard to place, performance drops: "Flashlight"
21:42:22 [CE][LootRespawner] (PRIDummy) :: Item [12] is hard to place, performance drops: "MSFCBeerBaltika9"
21:42:22 [CE][LootRespawner] (PRIDummy) :: Item [13] is hard to place, performance drops: "MSFCBeerBaltika9"
21:42:22 [CE][LootRespawner] (PRIDummy) :: Item [14] is hard to place, performance drops: "MountainBag_Orange"
21:42:22 [CE][LootRespawner] (PRIDummy) :: Item [15] is hard to place, performance drops: "Snipe_Mask_Uzor"
21:42:22 [CE][LootRespawner] (PRIDummy) :: Item [16] is hard to place, performance drops: "WorkingGloves_Yellow"
21:42:22 [CE][LootRespawner] (PRIDummy) :: Item [17] is hard to place, performance drops: "ManSuit_LightGrey"
21:42:22 [CE][LootRespawner] (PRIDummy) :: Item [18] is hard to place, performance drops: "ManSuit_LightGrey"
21:42:23 [CE][LootRespawner] (PRIDummy) :: Initially (re)spawned:1092, Nominal:32677, Total in Map: 16856 at 1 (sec)
21:42:23   tests:1112, repeats:1 fails:19, overtime:12635
21:42:23 [CE][DynEvent] :: 33 types
21:42:23 [00] AmbientHen
21:42:23   Primary Spawner: "Ambient", active: yes, repeat: 1
21:42:23 [01] AnimalBear
21:42:23   Primary Spawner: "Animal", active: yes, repeat: 1
21:42:23 [02] AnimalCow
21:42:23   Primary Spawner: "Animal", active: yes, repeat: 1
21:42:23 [03] AnimalDeer
21:42:23   Primary Spawner: "Animal", active: yes, repeat: 1
21:42:23 [04] AnimalGoat
21:42:23   Primary Spawner: "Animal", active: yes, repeat: 1
21:42:23 [05] AnimalPig
21:42:23   Primary Spawner: "Animal", active: yes, repeat: 1
21:42:23 [06] AnimalRoeDeer
21:42:23   Primary Spawner: "Animal", active: yes, repeat: 1
21:42:23 [07] AnimalSheep
21:42:23   Primary Spawner: "Animal", active: yes, repeat: 1
21:42:23 [08] AnimalWildBoar
21:42:23   Primary Spawner: "Animal", active: yes, repeat: 1
21:42:23 [09] AnimalWolf
21:42:23   Primary Spawner: "Animal", active: yes, repeat: 1
21:42:23 [10] InfectedArmy
21:42:23   Primary Spawner: "Infected", active: yes, repeat: 1
21:42:23 [11] InfectedCity
21:42:23   Primary Spawner: "Infected", active: yes, repeat: 1
21:42:23 [12] InfectedFirefighter
21:42:23   Primary Spawner: "Infected", active: yes, repeat: 1
21:42:23 [13] InfectedIndustrial
21:42:23   Primary Spawner: "Infected", active: yes, repeat: 1
21:42:23 [14] InfectedMedic
21:42:23   Primary Spawner: "Infected", active: yes, repeat: 1
21:42:23 [15] InfectedPolice
21:42:23   Primary Spawner: "Infected", active: yes, repeat: 1
21:42:23 [16] InfectedPrisoner
21:42:23   Primary Spawner: "Infected", active: yes, repeat: 1
21:42:23 [17] InfectedReligious
21:42:23   Primary Spawner: "Infected", active: yes, repeat: 1
21:42:23 [18] InfectedSolitude
21:42:23   Primary Spawner: "Infected", active: yes, repeat: 1
21:42:23 [19] InfectedVillage
21:42:23   Primary Spawner: "Infected", active: yes, repeat: 1
21:42:23 [20] ItemPlanks
21:42:23   Primary Spawner: "Item", active: yes, repeat: 1
21:42:23 [21] Loot
21:42:23   Primary Spawner: "Loot", active: yes, repeat: 2
21:42:23 [22] StaticHeliCrash
21:42:23   Primary Spawner: "Vehicle", active: yes, repeat: 1
21:42:23   Secondary Spawner: "Infected", active: yes, repeat: 1
21:42:23 [23] StaticPoliceCar
21:42:23   Primary Spawner: "Vehicle", active: yes, repeat: 1
21:42:23 [24] TrajectoryConiferous
21:42:23   Primary Spawner: