 7:31:15 BattlEye Server: Initialized (v1.217)
 7:31:16 SUCCESS: SteamGameServer_Init(0,8766,2442,28056,3,1.07.153006)
 7:31:16 Roles assigned.
 7:31:16 Reading mission ...
 7:31:59 [CE][Hive] :: Initializing OFFLINE
 7:31:59 [CE][Hive] :: Loading core data ... 
 7:31:59 [CE][CoreData] :: 7 root classes, 19 defaults, 0 updaters...
 7:32:05 [CE][RegisterBind] :: 0 classes binded...
 7:32:05 [CE][RegisterConfig] :: 10088 config classes registered, 0 sub-counters...
 7:32:05 [CE][Hive] :: Loading map data ... 
 7:32:05 !!! [CE] :: Unknown category: 'vehicleparts'.
 7:32:05 [CE][LoadPrototype] :: loaded 330 prototypes
 7:32:05   702 containers, 9116 points
 7:32:05   24 dispatches, 90 proxies
 7:32:05 !!! [CE][LoadPrototype] 12 groups have no points...
 7:32:05 !!![CE][LoadPrototype]  3 groups have wrong points...
 7:32:05 [CE][LoadPrototype] :: last group name: Land_Lunapark_Autodrome...
 7:32:05 [CE][LoadPrototype] :: loaded 0 prototypes
 7:32:05   0 containers, 0 points
 7:32:05   0 dispatches, 0 proxies
 7:32:05 [CE][LoadPrototype] :: last group name: PathD_7100...
 7:32:05 [CE][LoadMap] "Group" :: loaded 5086 groups, largest group range: 26.9
 7:32:06 [CE][LoadMap] "Dirt" :: loaded 0 groups, largest group range: 26.9
 7:32:06 [CE][LoadClusters] "Cluster" :: Loading files...
 7:32:06 [CE][LoadClusters] :: file: "mapgroupcluster.xml", 4 types, 50000 instances
 7:32:06 [CE][LoadClusters] :: file: "mapgroupcluster01", 4 types, 50000 instances
 7:32:06 [CE][LoadClusters] :: file: "mapgroupcluster02", 4 types, 50000 instances
 7:32:06 [CE][LoadClusters] :: file: "mapgroupcluster03", 4 types, 50000 instances
 7:32:07 [CE][LoadClusters] :: file: "mapgroupcluster04", 4 types, 21297 instances
 7:32:07 [CE][Storage] ver:21 stamp:33112, valid:yes, name:"mpmissions\TheCommunity.enoch\storage_666\data\types.bin"
 7:32:07 [CE][Storage] ver:21 stamp:33111, valid:yes, name:"mpmissions\TheCommunity.enoch\storage_666\data\types.001"
 7:32:07 [CE][Storage] ver:21 stamp:33112, valid:yes, name:"mpmissions\TheCommunity.enoch\storage_666\data\types.002"
 7:32:07 [CE][Storage] Restoring file "mpmissions\TheCommunity.enoch\storage_666\data\types.bin".
 7:32:07 [CE][offlineDB] :: Loaded 33 dynamic events 215 total types 0 total positions.
 7:32:07 [CE][Storage] ver:21 stamp:33112, valid:yes, name:"mpmissions\TheCommunity.enoch\storage_666\data\events.bin"
 7:32:07 [CE][Storage] ver:21 stamp:33111, valid:yes, name:"mpmissions\TheCommunity.enoch\storage_666\data\events.001"
 7:32:07 [CE][Storage] ver:21 stamp:33112, valid:yes, name:"mpmissions\TheCommunity.enoch\storage_666\data\events.002"
 7:32:07 [CE][Storage] Restoring file "mpmissions\TheCommunity.enoch\storage_666\data\events.bin".
 7:32:07 [CE][DynamicEvent] Load  Events:[33] Primary spawners: 33 Secondary spawners: 1
 7:32:07 [CE][Storage] ver:24 stamp:33112, valid:yes, name:"mpmissions\TheCommunity.enoch\storage_666\data\vehicles.bin"
 7:32:07 [CE][Storage] ver:24 stamp:33111, valid:yes, name:"mpmissions\TheCommunity.enoch\storage_666\data\vehicles.001"
 7:32:07 [CE][Storage] ver:24 stamp:33112, valid:yes, name:"mpmissions\TheCommunity.enoch\storage_666\data\vehicles.002"
 7:32:07 [CE][Storage] Restoring file "mpmissions\TheCommunity.enoch\storage_666\data\vehicles.bin" 120 items.
 7:32:07   120 items loaded.
 7:32:07 [CE][Storage] ver:24 stamp:33112, valid:yes, name:"mpmissions\TheCommunity.enoch\storage_666\data\dynamic_000.bin"
 7:32:07 [CE][Storage] ver:24 stamp:33111, valid:yes, name:"mpmissions\TheCommunity.enoch\storage_666\data\dynamic_000.001"
 7:32:07 [CE][Storage] ver:24 stamp:33112, valid:yes, name:"mpmissions\TheCommunity.enoch\storage_666\data\dynamic_000.002"
 7:32:07 [CE][Storage] Restoring file "mpmissions\TheCommunity.enoch\storage_666\data\dynamic_000.bin" 325 items.
 7:32:07   325 items loaded.
 7:32:07 [CE][Storage] ver:24 stamp:33112, valid:yes, name:"mpmissions\TheCommunity.enoch\storage_666\data\dynamic_001.bin"
 7:32:07 [CE][Storage] ver:24 stamp:33111, valid:yes, name:"mpmissions\TheCommunity.enoch\storage_666\data\dynamic_001.001"
 7:32:07 [CE][Storage] ver:24 stamp:33112, valid:yes, name:"mpmissions\TheCommunity.enoch\storage_666\data\dynamic_001.002"
 7:32:07 [CE][Storage] Restoring file "mpmissions\TheCommunity.enoch\storage_666\data\dynamic_001.bin" 2196 items.
 7:32:08   2196 items loaded.
 7:32:08 [CE][Storage] ver:24 stamp:33112, valid:yes, name:"mpmissions\TheCommunity.enoch\storage_666\data\dynamic_002.bin"
 7:32:08 [CE][Storage] ver:24 stamp:33111, valid:yes, name:"mpmissions\TheCommunity.enoch\storage_666\data\dynamic_002.001"
 7:32:08 [CE][Storage] ver:24 stamp:33112, valid:yes, name:"mpmissions\TheCommunity.enoch\storage_666\data\dynamic_002.002"
 7:32:08 [CE][Storage] Restoring file "mpmissions\TheCommunity.enoch\storage_666\data\dynamic_002.bin" 629 items.
 7:32:08   629 items loaded.
 7:32:08 [CE][Storage] ver:24 stamp:33112, valid:yes, name:"mpmissions\TheCommunity.enoch\storage_666\data\dynamic_003.bin"
 7:32:08 [CE][Storage] ver:24 stamp:33111, valid:yes, name:"mpmissions\TheCommunity.enoch\storage_666\data\dynamic_003.001"
 7:32:08 [CE][Storage] ver:24 stamp:33112, valid:yes, name:"mpmissions\TheCommunity.enoch\storage_666\data\dynamic_003.002"
 7:32:08 [CE][Storage] Restoring file "mpmissions\TheCommunity.enoch\storage_666\data\dynamic_003.bin" 1226 items.
 7:32:08   1226 items loaded.
 7:32:08 [CE][Storage] ver:24 stamp:33112, valid:yes, name:"mpmissions\TheCommunity.enoch\storage_666\data\dynamic_004.bin"
 7:32:08 [CE][Storage] ver:24 stamp:33111, valid:yes, name:"mpmissions\TheCommunity.enoch\storage_666\data\dynamic_004.001"
 7:32:08 [CE][Storage] ver:24 stamp:33112, valid:yes, name:"mpmissions\TheCommunity.enoch\storage_666\data\dynamic_004.002"
 7:32:08 [CE][Storage] Restoring file "mpmissions\TheCommunity.enoch\storage_666\data\dynamic_004.bin" 1571 items.
 7:32:09   1571 items loaded.
 7:32:09 [CE][Storage] ver:24 stamp:33112, valid:yes, name:"mpmissions\TheCommunity.enoch\storage_666\data\dynamic_005.bin"
 7:32:09 [CE][Storage] ver:24 stamp:33111, valid:yes, name:"mpmissions\TheCommunity.enoch\storage_666\data\dynamic_005.001"
 7:32:09 [CE][Storage] ver:24 stamp:33112, valid:yes, name:"mpmissions\TheCommunity.enoch\storage_666\data\dynamic_005.002"
 7:32:09 [CE][Storage] Restoring file "mpmissions\TheCommunity.enoch\storage_666\data\dynamic_005.bin" 1997 items.
 7:32:10   1997 items loaded.
 7:32:10 [CE][Storage] ver:24 stamp:33112, valid:yes, name:"mpmissions\TheCommunity.enoch\storage_666\data\dynamic_006.bin"
 7:32:10 [CE][Storage] ver:24 stamp:33111, valid:yes, name:"mpmissions\TheCommunity.enoch\storage_666\data\dynamic_006.001"
 7:32:10 [CE][Storage] ver:24 stamp:33112, valid:yes, name:"mpmissions\TheCommunity.enoch\storage_666\data\dynamic_006.002"
 7:32:10 [CE][Storage] Restoring file "mpmissions\TheCommunity.enoch\storage_666\data\dynamic_006.bin" 1072 items.
 7:32:10   1072 items loaded.
 7:32:10 [CE][Storage] ver:24 stamp:33112, valid:yes, name:"mpmissions\TheCommunity.enoch\storage_666\data\dynamic_007.bin"
 7:32:10 [CE][Storage] ver:24 stamp:33111, valid:yes, name:"mpmissions\TheCommunity.enoch\storage_666\data\dynamic_007.001"
 7:32:10 [CE][Storage] ver:24 stamp:33112, valid:yes, name:"mpmissions\TheCommunity.enoch\storage_666\data\dynamic_007.002"
 7:32:10 [CE][Storage] Restoring file "mpmissions\TheCommunity.enoch\storage_666\data\dynamic_007.bin" 1359 items.
 7:32:11   1359 items loaded.
 7:32:11 [CE][Storage] ver:24 stamp:33112, valid:yes, name:"mpmissions\TheCommunity.enoch\storage_666\data\dynamic_008.bin"
 7:32:11 [CE][Storage] ver:24 stamp:33111, valid:yes, name:"mpmissions\TheCommunity.enoch\storage_666\data\dynamic_008.001"
 7:32:11 [CE][Storage] ver:24 stamp:33112, valid:yes, name:"mpmissions\TheCommunity.enoch\storage_666\data\dynamic_008.002"
 7:32:11 [CE][Storage] Restoring file "mpmissions\TheCommunity.enoch\storage_666\data\dynamic_008.bin" 1195 items.
 7:32:11   1195 items loaded.
 7:32:11 [CE][Storage] ver:24 stamp:33112, valid:yes, name:"mpmissions\TheCommunity.enoch\storage_666\data\dynamic_009.bin"
 7:32:11 [CE][Storage] ver:24 stamp:33111, valid:yes, name:"mpmissions\TheCommunity.enoch\storage_666\data\dynamic_009.001"
 7:32:11 [CE][Storage] ver:24 stamp:33112, valid:yes, name:"mpmissions\TheCommunity.enoch\storage_666\data\dynamic_009.002"
 7:32:11 [CE][Storage] Restoring file "mpmissions\TheCommunity.enoch\storage_666\data\dynamic_009.bin" 1082 items.
 7:32:11   1082 items loaded.
 7:32:11 [CE][Storage] ver:24 stamp:33112, valid:yes, name:"mpmissions\TheCommunity.enoch\storage_666\data\dynamic_010.bin"
 7:32:11 [CE][Storage] ver:24 stamp:33111, valid:yes, name:"mpmissions\TheCommunity.enoch\storage_666\data\dynamic_010.001"
 7:32:11 [CE][Storage] ver:24 stamp:33112, valid:yes, name:"mpmissions\TheCommunity.enoch\storage_666\data\dynamic_010.002"
 7:32:11 [CE][Storage] Restoring file "mpmissions\TheCommunity.enoch\storage_666\data\dynamic_010.bin" 2568 items.
 7:32:12   2568 items loaded.
 7:32:12 [CE][Storage] ver:24 stamp:33112, valid:yes, name:"mpmissions\TheCommunity.enoch\storage_666\data\dynamic_011.bin"
 7:32:12 [CE][Storage] ver:24 stamp:33111, valid:yes, name:"mpmissions\TheCommunity.enoch\storage_666\data\dynamic_011.001"
 7:32:12 [CE][Storage] ver:24 stamp:33112, valid:yes, name:"mpmissions\TheCommunity.enoch\storage_666\data\dynamic_011.002"
 7:32:12 [CE][Storage] Restoring file "mpmissions\TheCommunity.enoch\storage_666\data\dynamic_011.bin" 369 items.
 7:32:12   369 items loaded.
 7:32:12 [CE][Hive] :: Storage load took:5.24 seconds, recovery stamp:33112
 7:32:12   entity: 16371, building: 0
 7:32:12   no lifetime: 48
 7:32:12 [CE][Hive] :: Initializing ... 
 7:32:12 [CE][InitializeMap] :: initialized: 0
 7:32:12 [CE][Hive] :: Initializing spawners ... 
 7:32:14 [CE][LootRespawner] (PRIDummy) :: Item [0] causing search overtime: "MSFCKryptekRaidPlatePouches"
 7:32:14 [CE][LootRespawner] (PRIDummy) :: Item [1] causing search overtime: "MSFCKryptekRaidPlatePouches"
 7:32:14 [CE][LootRespawner] (PRIDummy) :: Item [2] causing search overtime: "MSFCKryptekRaidPlatePouches"
 7:32:14 [CE][LootRespawner] (PRIDummy) :: Item [3] causing search overtime: "MSFCKryptekRaidPlatePouches"
 7:32:14 [CE][LootRespawner] (PRIDummy) :: Item [4] causing search overtime: "MSFCKryptekRaidPlatePouches"
 7:32:14 [CE][LootRespawner] (PRIDummy) :: Item [5] causing search overtime: "SWP_AWM_Mag"
 7:32:14 [CE][LootRespawner] (PRIDummy) :: Item [6] causing search overtime: "SWP_AWM_Mag"
 7:32:14 [CE][LootRespawner] (PRIDummy) :: Item [7] causing search overtime: "SWP_AWM_Mag"
 7:32:14 [CE][LootRespawner] (PRIDummy) :: Item [8] causing search overtime: "SWP_AWM_Mag"
 7:32:14 [CE][LootRespawner] (PRIDummy) :: Item [9] causing search overtime: "SWP_AWM_Mag"
 7:32:14 [CE][LootRespawner] (PRIDummy) :: Item [10] causing search overtime: "SWP_AWM_Mag"
 7:32:14 [CE][LootRespawner] (PRIDummy) :: Item [11] causing search overtime: "SWP_AWM_Mag"
 7:32:14 [CE][LootRespawner] (PRIDummy) :: Item [12] causing search overtime: "SWP_AWM_Mag"
 7:32:14 [CE][LootRespawner] (PRIDummy) :: Item [13] causing search overtime: "SWP_AWM_Mag"
 7:32:14 [CE][LootRespawner] (PRIDummy) :: Item [14] causing search overtime: "SWP_AWM_Mag"
 7:32:14 [CE][LootRespawner] (PRIDummy) :: Item [15] causing search overtime: "PlateCarrierVest"
 7:32:14 [CE][LootRespawner] (PRIDummy) :: Item [16] causing search overtime: "PlateCarrierVest"
 7:32:14 [CE][LootRespawner] (PRIDummy) :: Item [17] causing search overtime: "PlateCarrierVest"
 7:32:14 [CE][LootRespawner] (PRIDummy) :: Item [18] causing search overtime: "PlateCarrierVest"
 7:32:14 [CE][LootRespawner] (PRIDummy) :: Item [19] causing search overtime: "PlateCarrierVest"
 7:32:14 [CE][LootRespawner] (PRIDummy) :: Item [0] is hard to place, performance drops: "BeanieHat_Pink"
 7:32:14 [CE][LootRespawner] (PRIDummy) :: Item [1] is hard to place, performance drops: "RadarCap_Brown"
 7:32:14 [CE][LootRespawner] (PRIDummy) :: Item [2] is hard to place, performance drops: "MSFCBeerZhigulevskoeBarnoe"
 7:32:14 [CE][LootRespawner] (PRIDummy) :: Item [3] is hard to place, performance drops: "MSFCBeerZhigulevskoeBarnoe"
 7:32:14 [CE][LootRespawner] (PRIDummy) :: Item [4] is hard to place, performance drops: "MSFCBeerZhigulevskoeBarnoe"
 7:32:14 [CE][LootRespawner] (PRIDummy) :: Item [5] is hard to place, performance drops: "MSFCBeerZhigulevskoeBarnoe"
 7:32:14 [CE][LootRespawner] (PRIDummy) :: Item [6] is hard to place, performance drops: "Bear_White"
 7:32:14 [CE][LootRespawner] (PRIDummy) :: Item [7] is hard to place, performance drops: "Bear_White"
 7:32:14 [CE][LootRespawner] (PRIDummy) :: Item [8] is hard to place, performance drops: "Breeches_Blue"
 7:32:14 [CE][LootRespawner] (PRIDummy) :: Item [9] is hard to place, performance drops: "WoolCoat_BlueCheck"
 7:32:15 [CE][LootRespawner] (PRIDummy) :: Item [10] is hard to place, performance drops: "FP4_BanditMask_black"
 7:32:15 !!! [CE][Point] Removing 11449.770508, 10205.172852 from Land_Boat_Small1
 7:32:15 [CE][LootRespawner] (PRIDummy) :: Item [11] is hard to place, performance drops: "MSFCBankaBeerAmsterdam"
 7:32:15 [CE][LootRespawner] (PRIDummy) :: Item [12] is hard to place, performance drops: "WomanSuit_Brown"
 7:32:15 [CE][LootRespawner] (PRIDummy) :: Item [13] is hard to place, performance drops: "Flashlight"
 7:32:15 [CE][LootRespawner] (PRIDummy) :: Item [14] is hard to place, performance drops: "Flashlight"
 7:32:15 [CE][LootRespawner] (PRIDummy) :: Item [15] is hard to place, performance drops: "Flashlight"
 7:32:15 [CE][LootRespawner] (PRIDummy) :: Item [16] is hard to place, performance drops: "MSFCBeerBaltika9"
 7:32:15 [CE][LootRespawner] (PRIDummy) :: Item [17] is hard to place, performance drops: "MSFCBeerBaltika9"
 7:32:15 [CE][LootRespawner] (PRIDummy) :: Item [18] is hard to place, performance drops: "MSFCBeerBaltika9"
 7:32:15 [CE][LootRespawner] (PRIDummy) :: Item [19] is hard to place, performance drops: "MSFCBeerBaltika9"
 7:32:15 [CE][LootRespawner] (PRIDummy) :: Initially (re)spawned:777, Nominal:32677, Total in Map: 16537 at 1 (sec)
 7:32:15   tests:798, repeats:0 fails:21, overtime:12640
 7:32:15 [CE][DynEvent] :: 33 types
 7:32:15 [00] AmbientHen
 7:32:15   Primary Spawner: "Ambient", active: yes, repeat: 1
 7:32:15 [01] AnimalBear
 7:32:15   Primary Spawner: "Animal", active: yes, repeat: 1
 7:32:15 [02] AnimalCow
 7:32:15   Primary Spawner: "Animal", active: yes, repeat: 1
 7:32:15 [03] AnimalDeer
 7:32:15   Primary Spawner: "Animal", active: yes, repeat: 1
 7:32:15 [04] AnimalGoat
 7:32:15   Primary Spawner: "Animal", active: yes, repeat: 1
 7:32:15 [05] AnimalPig
 7:32:15   Primary Spawner: "Animal", active: yes, repeat: 1
 7:32:15 [06] AnimalRoeDeer
 7:32:15   Primary Spawner: "Animal", active: yes, repeat: 1
 7:32:15 [07] AnimalSheep
 7:32:15   Primary Spawner: "Animal", active: yes, repeat: 1
 7:32:15 [08] AnimalWildBoar
 7:32:15   Primary Spawner: "Animal", active: yes, repeat: 1
 7:32:15 [09] AnimalWolf
 7:32:15   Primary Spawner: "Animal", active: yes, repeat: 1
 7:32:15 [10] InfectedArmy
 7:32:15   Primary Spawner: "Infected", active: yes, repeat: 1
 7:32:15 [11] InfectedCity
 7:32:15   Primary Spawner: "Infected", active: yes, repeat: 1
 7:32:15 [12] InfectedFirefighter
 7:32:15   Primary Spawner: "Infected", active: yes, repeat: 1
 7:32:15 [13] InfectedIndustrial
 7:32:15   Primary Spawner: "Infected", active: yes, repeat: 1
 7:32:15 [14] InfectedMedic
 7:32:15   Primary Spawner: "Infected", active: yes, repeat: 1
 7:32:15 [15] InfectedPolice
 7:32:15   Primary Spawner: "Infected", active: yes, repeat: 1
 7:32:15 [16] InfectedPrisoner
 7:32:15   Primary Spawner: "Infected", active: yes, repeat: 1
 7:32:15 [17] InfectedReligious
 7:32:15   Primary Spawner: "Infected", active: yes, repeat: 1
 7:32:15 [18] InfectedSolitude
 7:32:15   Primary Spawner: "Infected", active: yes, repeat: 1
 7:32:15 [19] InfectedVillage
 7:32:15   Primary Spawner: "Infected", active: yes, repeat: 1
 7:32:15 [20] ItemPlanks
 7:32:15   Primary Spawner: "Item", active: yes, repeat: 1
 7:32:15 [21] Loot
 7:32:15   Primary Spawner: "Loot", active: yes, repeat: 2
 7:32:15 [22] StaticHeliCrash
 7:32:15   Primary Spawner: "Vehicle", active: yes, repeat: 1
 7:32:15   Secondary Spawner: "Infected", active: yes, repeat: 1
 7:32:15 [23] StaticPoliceCar
 7:32:15   Primary Spawner: "Vehicle", active: yes, repeat: 1
 7:32:15 [24] TrajectoryConiferous
 7:32:15   Primary Spawner: "Trajectory", active: yes, repeat: 1
 7:32:15 [25] TrajectoryDeciduous
 7:32:15   Primary Spawner: "Trajectory", active: yes, repeat: 1
 7:32:15 [26] TrajectoryHumus
 7:32:15   Primary Spawner: "Trajectory", active: yes, repeat: 1
 7:32:15 [27] TrajectoryStones
 7:32:15   Primary Spawner: "Trajectory", active: yes, repeat: 1
 7:32:15 [28] VehicleCivilianSedan
 7:32:15   Primary Spawner: "Vehicle", active: yes, repeat: 1
 7:32:15 [29] VehicleHatchback02
 7:32:15   Primary Spawner: "Vehicle", active: yes, repeat: 1
 7:32:15 [30] VehicleOffroadHatchback
 7:32:15   Primary Spawner: "Vehicle", active: yes, repeat: 1
 7:32:15 [31] VehicleSedan02
 7:32:15   Primary Spawner: "Vehicle", active: yes, repeat: 1
 7:32:15 [32] VehicleCrSk_Land_Rover_Defender_110
 7:32:15   Primary Spawner: "Vehicle", active: yes, repeat: 1
 7:32:15 [CE][Hive] :: Initializing of spawners done.
 7:32:15 [CE][Hive] :: Init sequence finished.
 7:32:22 BattlEye Server: RCon admin #0 (127.0.0.1:55249) logged in
 7:32:45 Average server FPS: 1914.96 (measured interval: 30 s)
 7:32:45 Used memory: 1571096 KB
 7:32:45 Players: 0 in total
 7:33:15 Average server FPS: 2788.93 (measured interval: 30 s)
 7:33:15 Used memory: 1583349 KB
 7:33:15 Players: 0 in total
 7:33:45 Average server FPS: 2918.05 (measured interval: 30 s)
 7:33:45 Used memory: 1597507 KB
 7:33:45 Players: 0 in total
 7:34:15 Average server FPS: 2767.79 (measured interval: 30 s)
 7:34:15 Used memory: 1599914 KB
 7:34:15 Players: 0 in total
 7:34:45 Average server FPS: 3015.80 (measured interval: 30 s)
 7:34:45 Used memory: 1604098 KB
 7:34:45 Players: 0 in total
 7:35:15 Average server FPS: 3190.30 (measured interval: 30 s)
 7:35:15 Used memory: 1607145 KB
 7:35:15 Players: 0 in total
 7:35:45 Average server FPS: 3054.90 (measured interval: 30 s)
 7:35:45 Used memory: 1609488 KB
 7:35:45 Players: 0 in total
 7:36:15 Average server FPS: 2430.47 (measured interval: 30 s)
 7:36:15 Used memory: 1611775 KB
 7:36:15 Players: 0 in total
 7:36:45 Average server FPS: 1222.68 (measured interval: 30 s)
 7:36:45 Used memory: 1616352 KB
 7:36:45 Players: 0 in total
 7:37:15 Average server FPS: 2248.40 (measured interval: 30 s)
 7:37:15 Used memory: 1623674 KB
 7:37:15 Players: 0 in total
 7:37:22 BattlEye Server: RCon admin #0: (Global) Welcome to TheCommunity Test Server! This server restarts every 60 minutes
 7:37:24 BattlEye Server: RCon admin #0: (Global) https://discord.gg/2W6YhGt -- If you need help join the discord and chime an admin
 7:37:45 Average server FPS: 2322.60 (measured interval: 30 s)
 7:37:45 Used memory: 1626976 KB
 7:37:45 Players: 0 in total
 7:38:15 Average server FPS: 2552.87 (measured interval: 30 s)
 7:38:15 Used memory: 1636670 KB
 7:38:15 Players: 0 in total
 7:38:45 Average server FPS: 2715.00 (measured interval: 30 s)
 7:38:45 Used memory: 1639737 KB
 7:38:45 Players: 0 in total
 7:39:16 Average server FPS: 2466.25 (measured interval: 30 s)
 7:39:16 Used memory: 1646254 KB
 7:39:16 Players: 0 in total
 7:39:46 Average server FPS: 2796.68 (measured interval: 30 s)
 7:39:46 Used memory: 1652334 KB
 7:39:46 Players: 0 in total
 7:40:16 Average server FPS: 2614.70 (measured interval: 30 s)
 7:40:16 Used memory: 1657362 KB
 7:40:16 Players: 0 in total
 7:40:46 Average server FPS: 2456.87 (measured interval: 30 s)
 7:40:46 Used memory: 1665420 KB
 7:40:46 Players: 0 in total
 7:41:16 Average server FPS: 2811.30 (measured interval: 30 s)
 7:41:16 Used memory: 1671290 KB
 7:41:16 Players: 0 in total
 7:41:46 Average server FPS: 2818.70 (measured interval: 30 s)
 7:41:46 Used memory: 1676712 KB
 7:41:46 Players: 0 in total
 7:42:16 Average server FPS: 2809.01 (measured interval: 30 s)
 7:42:16 Used memory: 1678086 KB
 7:42:16 Players: 0 in total
 7:42:46 Average server FPS: 2861.17 (measured interval: 30 s)
 7:42:46 Used memory: 1683666 KB
 7:42:46 Players: 0 in total
 7:43:16 Average server FPS: 2788.93 (measured interval: 30 s)
 7:43:16 Used memory: 1690092 KB
 7:43:16 Players: 0 in total
 7:43:46 Average