22:09:54 BattlEye Server: Initialized (v1.217)
22:09:54 SUCCESS: SteamGameServer_Init(0,8766,2442,28056,3,1.07.153006)
22:09:54 Roles assigned.
22:09:54 Reading mission ...
22:10:39 [CE][Hive] :: Initializing OFFLINE
22:10:39 [CE][Hive] :: Loading core data ... 
22:10:39 [CE][CoreData] :: 7 root classes, 19 defaults, 0 updaters...
22:10:45 [CE][RegisterBind] :: 0 classes binded...
22:10:45 [CE][RegisterConfig] :: 10093 config classes registered, 0 sub-counters...
22:10:45 [CE][Hive] :: Loading map data ... 
22:10:45 !!! [CE] :: Unknown category: 'vehicleparts'.
22:10:45 [CE][LoadPrototype] :: loaded 330 prototypes
22:10:45   702 containers, 9116 points
22:10:45   24 dispatches, 90 proxies
22:10:45 !!! [CE][LoadPrototype] 12 groups have no points...
22:10:45 !!![CE][LoadPrototype]  3 groups have wrong points...
22:10:45 [CE][LoadPrototype] :: last group name: Land_Lunapark_Autodrome...
22:10:45 [CE][LoadPrototype] :: loaded 0 prototypes
22:10:45   0 containers, 0 points
22:10:45   0 dispatches, 0 proxies
22:10:45 [CE][LoadPrototype] :: last group name: PathD_7100...
22:10:46 [CE][LoadMap] "Group" :: loaded 5086 groups, largest group range: 26.9
22:10:46 [CE][LoadMap] "Dirt" :: loaded 0 groups, largest group range: 26.9
22:10:46 [CE][LoadClusters] "Cluster" :: Loading files...
22:10:46 [CE][LoadClusters] :: file: "mapgroupcluster.xml", 4 types, 50000 instances
22:10:46 [CE][LoadClusters] :: file: "mapgroupcluster01", 4 types, 50000 instances
22:10:47 [CE][LoadClusters] :: file: "mapgroupcluster02", 4 types, 50000 instances
22:10:47 [CE][LoadClusters] :: file: "mapgroupcluster03", 4 types, 50000 instances
22:10:47 [CE][LoadClusters] :: file: "mapgroupcluster04", 4 types, 21297 instances
22:10:47 [CE][Storage] ver:21 stamp:36908, valid:yes, name:"mpmissions\TheCommunity.enoch\storage_666\data\types.bin"
22:10:47 [CE][Storage] ver:21 stamp:36908, valid:yes, name:"mpmissions\TheCommunity.enoch\storage_666\data\types.001"
22:10:47 [CE][Storage] ver:21 stamp:36906, valid:yes, name:"mpmissions\TheCommunity.enoch\storage_666\data\types.002"
22:10:47 [CE][Storage] Restoring file "mpmissions\TheCommunity.enoch\storage_666\data\types.bin".
22:10:47 [CE][offlineDB] :: Loaded 33 dynamic events 215 total types 0 total positions.
22:10:47 [CE][Storage] ver:21 stamp:36908, valid:yes, name:"mpmissions\TheCommunity.enoch\storage_666\data\events.bin"
22:10:47 [CE][Storage] ver:21 stamp:36908, valid:yes, name:"mpmissions\TheCommunity.enoch\storage_666\data\events.001"
22:10:47 [CE][Storage] ver:21 stamp:36906, valid:yes, name:"mpmissions\TheCommunity.enoch\storage_666\data\events.002"
22:10:47 [CE][Storage] Restoring file "mpmissions\TheCommunity.enoch\storage_666\data\events.bin".
22:10:47 [CE][DynamicEvent] Load  Events:[33] Primary spawners: 33 Secondary spawners: 1
22:10:47 [CE][Storage] ver:24 stamp:36908, valid:yes, name:"mpmissions\TheCommunity.enoch\storage_666\data\vehicles.bin"
22:10:47 [CE][Storage] ver:24 stamp:36908, valid:yes, name:"mpmissions\TheCommunity.enoch\storage_666\data\vehicles.001"
22:10:47 [CE][Storage] ver:24 stamp:36906, valid:yes, name:"mpmissions\TheCommunity.enoch\storage_666\data\vehicles.002"
22:10:47 [CE][Storage] Restoring file "mpmissions\TheCommunity.enoch\storage_666\data\vehicles.bin" 125 items.
22:10:48   125 items loaded.
22:10:48 [CE][Storage] ver:24 stamp:36908, valid:yes, name:"mpmissions\TheCommunity.enoch\storage_666\data\dynamic_000.bin"
22:10:48 [CE][Storage] ver:24 stamp:36908, valid:yes, name:"mpmissions\TheCommunity.enoch\storage_666\data\dynamic_000.001"
22:10:48 [CE][Storage] ver:24 stamp:36906, valid:yes, name:"mpmissions\TheCommunity.enoch\storage_666\data\dynamic_000.002"
22:10:48 [CE][Storage] Restoring file "mpmissions\TheCommunity.enoch\storage_666\data\dynamic_000.bin" 348 items.
22:10:48   348 items loaded.
22:10:48 [CE][Storage] ver:24 stamp:36908, valid:yes, name:"mpmissions\TheCommunity.enoch\storage_666\data\dynamic_001.bin"
22:10:48 [CE][Storage] ver:24 stamp:36908, valid:yes, name:"mpmissions\TheCommunity.enoch\storage_666\data\dynamic_001.001"
22:10:48 [CE][Storage] ver:24 stamp:36906, valid:yes, name:"mpmissions\TheCommunity.enoch\storage_666\data\dynamic_001.002"
22:10:48 [CE][Storage] Restoring file "mpmissions\TheCommunity.enoch\storage_666\data\dynamic_001.bin" 2096 items.
22:10:49   2096 items loaded.
22:10:49 [CE][Storage] ver:24 stamp:36908, valid:yes, name:"mpmissions\TheCommunity.enoch\storage_666\data\dynamic_002.bin"
22:10:49 [CE][Storage] ver:24 stamp:36908, valid:yes, name:"mpmissions\TheCommunity.enoch\storage_666\data\dynamic_002.001"
22:10:49 [CE][Storage] ver:24 stamp:36906, valid:yes, name:"mpmissions\TheCommunity.enoch\storage_666\data\dynamic_002.002"
22:10:49 [CE][Storage] Restoring file "mpmissions\TheCommunity.enoch\storage_666\data\dynamic_002.bin" 631 items.
22:10:49   631 items loaded.
22:10:49 [CE][Storage] ver:24 stamp:36908, valid:yes, name:"mpmissions\TheCommunity.enoch\storage_666\data\dynamic_003.bin"
22:10:49 [CE][Storage] ver:24 stamp:36908, valid:yes, name:"mpmissions\TheCommunity.enoch\storage_666\data\dynamic_003.001"
22:10:49 [CE][Storage] ver:24 stamp:36906, valid:yes, name:"mpmissions\TheCommunity.enoch\storage_666\data\dynamic_003.002"
22:10:49 [CE][Storage] Restoring file "mpmissions\TheCommunity.enoch\storage_666\data\dynamic_003.bin" 1190 items.
22:10:49   1190 items loaded.
22:10:49 [CE][Storage] ver:24 stamp:36908, valid:yes, name:"mpmissions\TheCommunity.enoch\storage_666\data\dynamic_004.bin"
22:10:49 [CE][Storage] ver:24 stamp:36908, valid:yes, name:"mpmissions\TheCommunity.enoch\storage_666\data\dynamic_004.001"
22:10:49 [CE][Storage] ver:24 stamp:36906, valid:yes, name:"mpmissions\TheCommunity.enoch\storage_666\data\dynamic_004.002"
22:10:49 [CE][Storage] Restoring file "mpmissions\TheCommunity.enoch\storage_666\data\dynamic_004.bin" 1531 items.
22:10:50   1531 items loaded.
22:10:50 [CE][Storage] ver:24 stamp:36908, valid:yes, name:"mpmissions\TheCommunity.enoch\storage_666\data\dynamic_005.bin"
22:10:50 [CE][Storage] ver:24 stamp:36908, valid:yes, name:"mpmissions\TheCommunity.enoch\storage_666\data\dynamic_005.001"
22:10:50 [CE][Storage] ver:24 stamp:36906, valid:yes, name:"mpmissions\TheCommunity.enoch\storage_666\data\dynamic_005.002"
22:10:50 [CE][Storage] Restoring file "mpmissions\TheCommunity.enoch\storage_666\data\dynamic_005.bin" 1902 items.
22:10:51   1902 items loaded.
22:10:51 [CE][Storage] ver:24 stamp:36908, valid:yes, name:"mpmissions\TheCommunity.enoch\storage_666\data\dynamic_006.bin"
22:10:51 [CE][Storage] ver:24 stamp:36908, valid:yes, name:"mpmissions\TheCommunity.enoch\storage_666\data\dynamic_006.001"
22:10:51 [CE][Storage] ver:24 stamp:36906, valid:yes, name:"mpmissions\TheCommunity.enoch\storage_666\data\dynamic_006.002"
22:10:51 [CE][Storage] Restoring file "mpmissions\TheCommunity.enoch\storage_666\data\dynamic_006.bin" 992 items.
22:10:51   992 items loaded.
22:10:51 [CE][Storage] ver:24 stamp:36908, valid:yes, name:"mpmissions\TheCommunity.enoch\storage_666\data\dynamic_007.bin"
22:10:51 [CE][Storage] ver:24 stamp:36908, valid:yes, name:"mpmissions\TheCommunity.enoch\storage_666\data\dynamic_007.001"
22:10:51 [CE][Storage] ver:24 stamp:36906, valid:yes, name:"mpmissions\TheCommunity.enoch\storage_666\data\dynamic_007.002"
22:10:51 [CE][Storage] Restoring file "mpmissions\TheCommunity.enoch\storage_666\data\dynamic_007.bin" 1301 items.
22:10:52   1301 items loaded.
22:10:52 [CE][Storage] ver:24 stamp:36908, valid:yes, name:"mpmissions\TheCommunity.enoch\storage_666\data\dynamic_008.bin"
22:10:52 [CE][Storage] ver:24 stamp:36908, valid:yes, name:"mpmissions\TheCommunity.enoch\storage_666\data\dynamic_008.001"
22:10:52 [CE][Storage] ver:24 stamp:36906, valid:yes, name:"mpmissions\TheCommunity.enoch\storage_666\data\dynamic_008.002"
22:10:52 [CE][Storage] Restoring file "mpmissions\TheCommunity.enoch\storage_666\data\dynamic_008.bin" 1101 items.
22:10:52   1101 items loaded.
22:10:52 [CE][Storage] ver:24 stamp:36908, valid:yes, name:"mpmissions\TheCommunity.enoch\storage_666\data\dynamic_009.bin"
22:10:52 [CE][Storage] ver:24 stamp:36908, valid:yes, name:"mpmissions\TheCommunity.enoch\storage_666\data\dynamic_009.001"
22:10:52 [CE][Storage] ver:24 stamp:36906, valid:yes, name:"mpmissions\TheCommunity.enoch\storage_666\data\dynamic_009.002"
22:10:52 [CE][Storage] Restoring file "mpmissions\TheCommunity.enoch\storage_666\data\dynamic_009.bin" 1125 items.
22:10:52   1125 items loaded.
22:10:52 [CE][Storage] ver:24 stamp:36908, valid:yes, name:"mpmissions\TheCommunity.enoch\storage_666\data\dynamic_010.bin"
22:10:52 [CE][Storage] ver:24 stamp:36908, valid:yes, name:"mpmissions\TheCommunity.enoch\storage_666\data\dynamic_010.001"
22:10:52 [CE][Storage] ver:24 stamp:36906, valid:yes, name:"mpmissions\TheCommunity.enoch\storage_666\data\dynamic_010.002"
22:10:52 [CE][Storage] Restoring file "mpmissions\TheCommunity.enoch\storage_666\data\dynamic_010.bin" 2611 items.
22:10:53   2611 items loaded.
22:10:53 [CE][Storage] ver:24 stamp:36908, valid:yes, name:"mpmissions\TheCommunity.enoch\storage_666\data\dynamic_011.bin"
22:10:53 [CE][Storage] ver:24 stamp:36908, valid:yes, name:"mpmissions\TheCommunity.enoch\storage_666\data\dynamic_011.001"
22:10:53 [CE][Storage] ver:24 stamp:36906, valid:yes, name:"mpmissions\TheCommunity.enoch\storage_666\data\dynamic_011.002"
22:10:53 [CE][Storage] Restoring file "mpmissions\TheCommunity.enoch\storage_666\data\dynamic_011.bin" 347 items.
22:10:53   347 items loaded.
22:10:53 [CE][Hive] :: Storage load took:5.99 seconds, recovery stamp:36908
22:10:53   entity: 16082, building: 0
22:10:53   no lifetime: 50
22:10:53 [CE][Hive] :: Initializing ... 
22:10:53 [CE][InitializeMap] :: initialized: 0
22:10:53 [CE][Hive] :: Initializing spawners ... 
22:10:55 [CE][LootRespawner] (PRIDummy) :: Item [0] causing search overtime: "MSFCKryptekRaidPlatePouches"
22:10:55 [CE][LootRespawner] (PRIDummy) :: Item [1] causing search overtime: "MSFCKryptekRaidPlatePouches"
22:10:55 [CE][LootRespawner] (PRIDummy) :: Item [2] causing search overtime: "MSFCKryptekRaidPlatePouches"
22:10:55 [CE][LootRespawner] (PRIDummy) :: Item [3] causing search overtime: "MSFCKryptekRaidPlatePouches"
22:10:55 [CE][LootRespawner] (PRIDummy) :: Item [4] causing search overtime: "PlateCarrierVest"
22:10:55 [CE][LootRespawner] (PRIDummy) :: Item [5] causing search overtime: "PlateCarrierVest"
22:10:55 [CE][LootRespawner] (PRIDummy) :: Item [6] causing search overtime: "PlateCarrierVest"
22:10:55 [CE][LootRespawner] (PRIDummy) :: Item [7] causing search overtime: "PlateCarrierVest"
22:10:55 [CE][LootRespawner] (PRIDummy) :: Item [8] causing search overtime: "PlateCarrierVest"
22:10:55 [CE][LootRespawner] (PRIDummy) :: Item [9] causing search overtime: "PlateCarrierVest"
22:10:55 [CE][LootRespawner] (PRIDummy) :: Item [10] causing search overtime: "PlateCarrierVest"
22:10:55 [CE][LootRespawner] (PRIDummy) :: Item [11] causing search overtime: "PlateCarrierVest"
22:10:55 [CE][LootRespawner] (PRIDummy) :: Item [12] causing search overtime: "PlateCarrierVest"
22:10:55 [CE][LootRespawner] (PRIDummy) :: Item [13] causing search overtime: "PlateCarrierVest"
22:10:55 [CE][LootRespawner] (PRIDummy) :: Item [14] causing search overtime: "PlateCarrierVest"
22:10:55 [CE][LootRespawner] (PRIDummy) :: Item [15] causing search overtime: "PlateCarrierVest"
22:10:55 [CE][LootRespawner] (PRIDummy) :: Item [16] causing search overtime: "PlateCarrierVest"
22:10:55 [CE][LootRespawner] (PRIDummy) :: Item [17] causing search overtime: "PlateCarrierVest"
22:10:55 [CE][LootRespawner] (PRIDummy) :: Item [18] causing search overtime: "PlateCarrierVest"
22:10:55 [CE][LootRespawner] (PRIDummy) :: Item [19] causing search overtime: "PlateCarrierVest"
22:10:56 [CE][LootRespawner] (PRIDummy) :: Item [0] is hard to place, performance drops: "Snipe_Mask_black"
22:10:56 [CE][LootRespawner] (PRIDummy) :: Item [1] is hard to place, performance drops: "Snipe_Mask_black"
22:10:56 [CE][LootRespawner] (PRIDummy) :: Item [2] is hard to place, performance drops: "BaseballCap_CMMG_Pink"
22:10:56 [CE][LootRespawner] (PRIDummy) :: Item [3] is hard to place, performance drops: "ShortJeans_Blue"
22:10:56 [CE][LootRespawner] (PRIDummy) :: Item [4] is hard to place, performance drops: "ShortJeans_Blue"
22:10:56 [CE][LootRespawner] (PRIDummy) :: Item [5] is hard to place, performance drops: "ShortJeans_Blue"
22:10:56 [CE][LootRespawner] (PRIDummy) :: Item [6] is hard to place, performance drops: "PressVest_Blue"
22:10:56 [CE][LootRespawner] (PRIDummy) :: Item [7] is hard to place, performance drops: "PressVest_Blue"
22:10:56 [CE][LootRespawner] (PRIDummy) :: Item [8] is hard to place, performance drops: "PressVest_Blue"
22:10:56 [CE][LootRespawner] (PRIDummy) :: Item [9] is hard to place, performance drops: "PressVest_Blue"
22:10:56 [CE][LootRespawner] (PRIDummy) :: Item [10] is hard to place, performance drops: "PressVest_Blue"
22:10:56 [CE][LootRespawner] (PRIDummy) :: Item [11] is hard to place, performance drops: "PressVest_Blue"
22:10:56 [CE][LootRespawner] (PRIDummy) :: Item [12] is hard to place, performance drops: "PressVest_Blue"
22:10:56 [CE][LootRespawner] (PRIDummy) :: Item [13] is hard to place, performance drops: "PressVest_Blue"
22:10:56 [CE][LootRespawner] (PRIDummy) :: Item [14] is hard to place, performance drops: "Lennon_glasses_yellow_mung"
22:10:56 [CE][LootRespawner] (PRIDummy) :: Item [15] is hard to place, performance drops: "Lennon_glasses_yellow_mung"
22:10:56 [CE][LootRespawner] (PRIDummy) :: Item [16] is hard to place, performance drops: "USMCPants_Woodland"
22:10:56 [CE][LootRespawner] (PRIDummy) :: Item [17] is hard to place, performance drops: "Bear_White"
22:10:56 [CE][LootRespawner] (PRIDummy) :: Item [18] is hard to place, performance drops: "Bear_White"
22:10:56 [CE][LootRespawner] (PRIDummy) :: Item [19] is hard to place, performance drops: "Bear_White"
22:10:56 !!! [CE][Point] Removing 11692.889648, 9677.417969 from Land_Shed_W1
22:10:56 !!! [CE][Point] Removing 4162.038574, 9023.292969 from Land_Boat_Small3
22:10:57 [CE][LootRespawner] (PRIDummy) :: Initially (re)spawned:869, Nominal:32677, Total in Map: 16216 at 1 (sec)
22:10:57   tests:937, repeats:0 fails:68, overtime:12841
22:10:57 [CE][DynEvent] :: 33 types
22:10:57 [00] AmbientHen
22:10:57   Primary Spawner: "Ambient", active: yes, repeat: 1
22:10:57 [01] AnimalBear
22:10:57   Primary Spawner: "Animal", active: yes, repeat: 1
22:10:57 [02] AnimalCow
22:10:57   Primary Spawner: "Animal", active: yes, repeat: 1
22:10:57 [03] AnimalDeer
22:10:57   Primary Spawner: "Animal", active: yes, repeat: 1
22:10:57 [04] AnimalGoat
22:10:57   Primary Spawner: "Animal", active: yes, repeat: 1
22:10:57 [05] AnimalPig
22:10:57   Primary Spawner: "Animal", active: yes, repeat: 1
22:10:57 [06] AnimalRoeDeer
22:10:57   Primary Spawner: "Animal", active: yes, repeat: 1
22:10:57 [07] AnimalSheep
22:10:57   Primary Spawner: "Animal", active: yes, repeat: 1
22:10:57 [08] AnimalWildBoar
22:10:57   Primary Spawner: "Animal", active: yes, repeat: 1
22:10:57 [09] AnimalWolf
22:10:57   Primary Spawner: "Animal", active: yes, repeat: 1
22:10:57 [10] InfectedArmy
22:10:57   Primary Spawner: "Infected", active: yes, repeat: 1
22:10:57 [11] InfectedCity
22:10:57   Primary Spawner: "Infected", active: yes, repeat: 1
22:10:57 [12] InfectedFirefighter
22:10:57   Primary Spawner: "Infected", active: yes, repeat: 1
22:10:57 [13] InfectedIndustrial
22:10:57   Primary Spawner: "Infected", active: yes, repeat: 1
22:10:57 [14] InfectedMedic
22:10:57   Primary Spawner: "Infected", active: yes, repeat: 1
22:10:57 [15] InfectedPolice
22:10:57   Primary Spawner: "Infected", active: yes, repeat: 1
22:10:57 [16] InfectedPrisoner
22:10:57   Primary Spawner: "Infected", active: yes, repeat: 1
22:10:57 [17] InfectedReligious
22:10:57   Primary Spawner: "Infected", active: yes, repeat: 1
22:10:57 [18] InfectedSolitude
22:10:57   Primary Spawner: "Infected", active: yes, repeat: 1
22:10:57 [19] InfectedVillage
22:10:57   Primary Spawner: "Infected", active: yes, repeat: 1
22:10:57 [20] ItemPlanks
22:10:57   Primary Spawner: "Item", active: yes, repeat: 1
22:10:57 [21] Loot
22:10:57   Primary Spawner: "Loot", active: yes, repeat: 2
22:10:57 [22] StaticHeliCrash
22:10:57   Primary Spawner: "Vehicle", active: yes, repeat: 1
22:10:57   Secondary Spawner: "Infected", active: yes, repeat: 1
22:10:57 [23] StaticPoliceCar
22:10:57   Primary Spawner: "Vehicle", active: yes, repeat: 1
22:10:57 [24] TrajectoryConiferous
22:10:57   Primary Spawner: "Trajectory", active: yes, repeat: 1
22:10:57 [25] TrajectoryDeciduous
22:10:57   Primary Spawner: "Trajectory", active: yes, repeat: 1
22:10:57 [26] TrajectoryHumus
22:10:57   Primary Spawner: "Trajectory", active: yes, repeat: 1
22:10:57 [27] TrajectoryStones
22:10:57   Primary Spawner: "Trajectory", active: yes, repeat: 1
22:10:57 [28] VehicleCivilianSedan
22:10:57   Primary Spawner: "Vehicle", active: yes, repeat: 1
22:10:57 [29] VehicleHatchback02
22:10:57   Primary Spawner: "Vehicle", active: yes, repeat: 1
22:10:57 [30] VehicleOffroadHatchback
22:10:57   Primary Spawner: "Vehicle", active: yes, repeat: 1
22:10:57 [31] VehicleSedan02
22:10:57   Primary Spawner: "Vehicle", active: yes, repeat: 1
22:10:57 [32] VehicleCrSk_Land_Rover_Defender_110
22:10:57   Primary Spawner: "Vehicle", active: yes, repeat: 1
22:10:57 [CE][Hive] :: Initializing of spawners done.
22:10:57 [CE][Hive] :: Init sequence finished.
22:10:58 BattlEye Server: RCon admin #0 (127.0.0.1:55481) logged in
22:11:27 Average server FPS: 1236.83 (measured interval: 30 s)
22:11:27 Used memory: 1574704 KB
22:11:27 Players: 0 in total
22:11:57 Average server FPS: 1941.99 (measured interval: 30 s)
22:11:57 Used memory: 1584839 KB
22:11:57 Players: 0 in total
22:12:27 Average server FPS: 2171.72 (measured interval: 30 s)
22:12:27 Used memory: 1589551 KB
22:12:27 Players: 0 in total
22:12:57 Average server FPS: 2316.30 (measured interval: 30 s)
22:12:57 Used memory: 1598088 KB
22:12:57 Players: 0 in total
22:13:27 Average server FPS: 2017.30 (measured interval: 30 s)
22:13:27 Used memory: 1609272 KB
22:13:27 Players: 0 in total
22:13:57 Average server FPS: 2147.93 (measured interval: 30 s)
22:13:57 Used memory: 1608145 KB
22:13:57 Players: 0 in total
22:14:27 Average server FPS: 2529.40 (measured interval: 30 s)
22:14:27 Used memory: 1608929 KB
22:14:27 Players: 0 in total
22:14:57 Average server FPS: 2349.35 (measured interval: 30 s)
22:14:57 Used memory: 1616492 KB
22:14:57 Players: 0 in total
22:15:27 Average server FPS: 2438.60 (measured interval: 30 s)
22:15:27 Used memory: 1616948 KB
22:15:27 Players: 0 in total
22:15:57 Average server FPS: 2390.77 (measured interval: 30 s)
22:15:57 Used memory: 1619470 KB
22:15:57 Players: 0 in total
22:15:58 BattlEye Server: RCon admin #0: (Global) Welcome to TheCommunity Test Server! This server restarts every 60 minutes
22:16:00 BattlEye Server: RCon admin #0: (Global) https://discord.gg/2W6YhGt -- If you need help join the discord and chime an admin
22:16:28 Average server FPS: 2291.79 (measured interval: 30 s)
22:16:28 Used memory: 1625276 KB
22:16:28 Players: 0 in total
22:16:58 Average server FPS: 2369.46 (measured interval: 30 s)
22:16:58 Used memory: 1628943 KB
22:16:58 Players: 0 in total
22:17:28 Average server FPS: 2374.53 (measured interval: 30 s)
22:17:28 Used memory: 1635138 KB
22:17:28 Players: 0 in total
22:17:58 Average server FPS: 2450.23 (measured interval: 30 s)
22:17:58 Used memory: 1642022 KB
22:17:58 Players: 0 in total
22:18:28 Average server FPS: 2735.12 (measured interval: 30 s)
22:18:28 Used memory: 1646410 KB
22:18:28 Players: 0 in total
22:18:58 Average server FPS: 2612.11 (measured interval: 30 s)
22:18:58 Used memory: 1651798 KB
22:18:58 Players: 0 in total
22:19:28 Average server FPS: 2388.24 (measured interval: 30 s)
22:19:28 Used memory: 1660128 KB
22:19:28 Players: 0 in total
22:19:58 Average server FPS: 2562.76 (measured interval: 30 s)
22:19:58 Used memory: 1665225 KB
22:19:58 Players: 0 in total
22:20:28 Average server FPS: 2486.95 (measured interval: 30 s)
22:20:28 Used memory: 1675763 KB
22:20:28 Players: 0 in total
22:20:58 Average server FPS: 2722.10 (measured interval: 30 s)
22:20:58 Used memory: 1683057 KB
22:20:58 Players: 0 in total
22:21:28 Average server FPS: 2673.07 (measured interval: 30 s)
22:21:28 Used memory: 1685238 KB
22:21:28 Players: 0 in total
22:21:58 Average server FPS: 2879.84 (measured inter