20:22:35 BattlEye Server: Initialized (v1.217)
20:22:35 SUCCESS: SteamGameServer_Init(0,8766,2442,28056,3,1.07.153006)
20:22:35 Roles assigned.
20:22:35 Reading mission ...
20:23:29 [CE][Hive] :: Initializing OFFLINE
20:23:29 [CE][Hive] :: Loading core data ... 
20:23:29 [CE][CoreData] :: 7 root classes, 19 defaults, 0 updaters...
20:23:42 [CE][RegisterBind] :: 0 classes binded...
20:23:42 [CE][RegisterConfig] :: 10088 config classes registered, 0 sub-counters...
20:23:42 [CE][Hive] :: Loading map data ... 
20:23:42 !!! [CE] :: Unknown category: 'vehicleparts'.
20:23:42 [CE][LoadPrototype] :: loaded 330 prototypes
20:23:42   702 containers, 9116 points
20:23:42   24 dispatches, 90 proxies
20:23:42 !!! [CE][LoadPrototype] 12 groups have no points...
20:23:42 !!![CE][LoadPrototype]  3 groups have wrong points...
20:23:42 [CE][LoadPrototype] :: last group name: Land_Lunapark_Autodrome...
20:23:42 [CE][LoadPrototype] :: loaded 0 prototypes
20:23:42   0 containers, 0 points
20:23:42   0 dispatches, 0 proxies
20:23:42 [CE][LoadPrototype] :: last group name: PathD_7100...
20:23:43 [CE][LoadMap] "Group" :: loaded 5086 groups, largest group range: 26.9
20:23:43 [CE][LoadMap] "Dirt" :: loaded 0 groups, largest group range: 26.9
20:23:43 [CE][LoadClusters] "Cluster" :: Loading files...
20:23:43 [CE][LoadClusters] :: file: "mapgroupcluster.xml", 4 types, 50000 instances
20:23:44 [CE][LoadClusters] :: file: "mapgroupcluster01", 4 types, 50000 instances
20:23:44 [CE][LoadClusters] :: file: "mapgroupcluster02", 4 types, 50000 instances
20:23:45 [CE][LoadClusters] :: file: "mapgroupcluster03", 4 types, 50000 instances
20:23:45 [CE][LoadClusters] :: file: "mapgroupcluster04", 4 types, 21297 instances
20:23:45 [CE][Storage] ver:21 stamp:34526, valid:yes, name:"mpmissions\TheCommunity.enoch\storage_666\data\types.bin"
20:23:45 [CE][Storage] ver:21 stamp:34525, valid:yes, name:"mpmissions\TheCommunity.enoch\storage_666\data\types.001"
20:23:45 [CE][Storage] ver:21 stamp:34526, valid:yes, name:"mpmissions\TheCommunity.enoch\storage_666\data\types.002"
20:23:45 [CE][Storage] Restoring file "mpmissions\TheCommunity.enoch\storage_666\data\types.bin".
20:23:45 [CE][offlineDB] :: Loaded 33 dynamic events 215 total types 0 total positions.
20:23:45 [CE][Storage] ver:21 stamp:34526, valid:yes, name:"mpmissions\TheCommunity.enoch\storage_666\data\events.bin"
20:23:45 [CE][Storage] ver:21 stamp:34525, valid:yes, name:"mpmissions\TheCommunity.enoch\storage_666\data\events.001"
20:23:45 [CE][Storage] ver:21 stamp:34526, valid:yes, name:"mpmissions\TheCommunity.enoch\storage_666\data\events.002"
20:23:45 [CE][Storage] Restoring file "mpmissions\TheCommunity.enoch\storage_666\data\events.bin".
20:23:45 [CE][DynamicEvent] Load  Events:[33] Primary spawners: 33 Secondary spawners: 1
20:23:45 [CE][Storage] ver:24 stamp:34526, valid:yes, name:"mpmissions\TheCommunity.enoch\storage_666\data\vehicles.bin"
20:23:45 [CE][Storage] ver:24 stamp:34525, valid:yes, name:"mpmissions\TheCommunity.enoch\storage_666\data\vehicles.001"
20:23:45 [CE][Storage] ver:24 stamp:34526, valid:yes, name:"mpmissions\TheCommunity.enoch\storage_666\data\vehicles.002"
20:23:45 [CE][Storage] Restoring file "mpmissions\TheCommunity.enoch\storage_666\data\vehicles.bin" 125 items.
20:23:45   125 items loaded.
20:23:45 [CE][Storage] ver:24 stamp:34526, valid:yes, name:"mpmissions\TheCommunity.enoch\storage_666\data\dynamic_000.bin"
20:23:45 [CE][Storage] ver:24 stamp:34525, valid:yes, name:"mpmissions\TheCommunity.enoch\storage_666\data\dynamic_000.001"
20:23:45 [CE][Storage] ver:24 stamp:34526, valid:yes, name:"mpmissions\TheCommunity.enoch\storage_666\data\dynamic_000.002"
20:23:45 [CE][Storage] Restoring file "mpmissions\TheCommunity.enoch\storage_666\data\dynamic_000.bin" 352 items.
20:23:46   352 items loaded.
20:23:46 [CE][Storage] ver:24 stamp:34526, valid:yes, name:"mpmissions\TheCommunity.enoch\storage_666\data\dynamic_001.bin"
20:23:46 [CE][Storage] ver:24 stamp:34525, valid:yes, name:"mpmissions\TheCommunity.enoch\storage_666\data\dynamic_001.001"
20:23:46 [CE][Storage] ver:24 stamp:34526, valid:yes, name:"mpmissions\TheCommunity.enoch\storage_666\data\dynamic_001.002"
20:23:46 [CE][Storage] Restoring file "mpmissions\TheCommunity.enoch\storage_666\data\dynamic_001.bin" 2159 items.
20:23:47   2159 items loaded.
20:23:47 [CE][Storage] ver:24 stamp:34526, valid:yes, name:"mpmissions\TheCommunity.enoch\storage_666\data\dynamic_002.bin"
20:23:47 [CE][Storage] ver:24 stamp:34525, valid:yes, name:"mpmissions\TheCommunity.enoch\storage_666\data\dynamic_002.001"
20:23:47 [CE][Storage] ver:24 stamp:34526, valid:yes, name:"mpmissions\TheCommunity.enoch\storage_666\data\dynamic_002.002"
20:23:47 [CE][Storage] Restoring file "mpmissions\TheCommunity.enoch\storage_666\data\dynamic_002.bin" 643 items.
20:23:47   643 items loaded.
20:23:47 [CE][Storage] ver:24 stamp:34526, valid:yes, name:"mpmissions\TheCommunity.enoch\storage_666\data\dynamic_003.bin"
20:23:47 [CE][Storage] ver:24 stamp:34525, valid:yes, name:"mpmissions\TheCommunity.enoch\storage_666\data\dynamic_003.001"
20:23:47 [CE][Storage] ver:24 stamp:34526, valid:yes, name:"mpmissions\TheCommunity.enoch\storage_666\data\dynamic_003.002"
20:23:47 [CE][Storage] Restoring file "mpmissions\TheCommunity.enoch\storage_666\data\dynamic_003.bin" 1217 items.
20:23:48   1217 items loaded.
20:23:48 [CE][Storage] ver:24 stamp:34526, valid:yes, name:"mpmissions\TheCommunity.enoch\storage_666\data\dynamic_004.bin"
20:23:48 [CE][Storage] ver:24 stamp:34525, valid:yes, name:"mpmissions\TheCommunity.enoch\storage_666\data\dynamic_004.001"
20:23:48 [CE][Storage] ver:24 stamp:34526, valid:yes, name:"mpmissions\TheCommunity.enoch\storage_666\data\dynamic_004.002"
20:23:48 [CE][Storage] Restoring file "mpmissions\TheCommunity.enoch\storage_666\data\dynamic_004.bin" 1578 items.
20:23:48   1578 items loaded.
20:23:48 [CE][Storage] ver:24 stamp:34526, valid:yes, name:"mpmissions\TheCommunity.enoch\storage_666\data\dynamic_005.bin"
20:23:48 [CE][Storage] ver:24 stamp:34525, valid:yes, name:"mpmissions\TheCommunity.enoch\storage_666\data\dynamic_005.001"
20:23:48 [CE][Storage] ver:24 stamp:34526, valid:yes, name:"mpmissions\TheCommunity.enoch\storage_666\data\dynamic_005.002"
20:23:48 [CE][Storage] Restoring file "mpmissions\TheCommunity.enoch\storage_666\data\dynamic_005.bin" 1944 items.
20:23:49   1944 items loaded.
20:23:49 [CE][Storage] ver:24 stamp:34526, valid:yes, name:"mpmissions\TheCommunity.enoch\storage_666\data\dynamic_006.bin"
20:23:49 [CE][Storage] ver:24 stamp:34525, valid:yes, name:"mpmissions\TheCommunity.enoch\storage_666\data\dynamic_006.001"
20:23:49 [CE][Storage] ver:24 stamp:34526, valid:yes, name:"mpmissions\TheCommunity.enoch\storage_666\data\dynamic_006.002"
20:23:49 [CE][Storage] Restoring file "mpmissions\TheCommunity.enoch\storage_666\data\dynamic_006.bin" 1063 items.
20:23:50   1063 items loaded.
20:23:50 [CE][Storage] ver:24 stamp:34526, valid:yes, name:"mpmissions\TheCommunity.enoch\storage_666\data\dynamic_007.bin"
20:23:50 [CE][Storage] ver:24 stamp:34525, valid:yes, name:"mpmissions\TheCommunity.enoch\storage_666\data\dynamic_007.001"
20:23:50 [CE][Storage] ver:24 stamp:34526, valid:yes, name:"mpmissions\TheCommunity.enoch\storage_666\data\dynamic_007.002"
20:23:50 [CE][Storage] Restoring file "mpmissions\TheCommunity.enoch\storage_666\data\dynamic_007.bin" 1344 items.
20:23:50   1344 items loaded.
20:23:50 [CE][Storage] ver:24 stamp:34526, valid:yes, name:"mpmissions\TheCommunity.enoch\storage_666\data\dynamic_008.bin"
20:23:50 [CE][Storage] ver:24 stamp:34525, valid:yes, name:"mpmissions\TheCommunity.enoch\storage_666\data\dynamic_008.001"
20:23:50 [CE][Storage] ver:24 stamp:34526, valid:yes, name:"mpmissions\TheCommunity.enoch\storage_666\data\dynamic_008.002"
20:23:50 [CE][Storage] Restoring file "mpmissions\TheCommunity.enoch\storage_666\data\dynamic_008.bin" 1144 items.
20:23:51   1144 items loaded.
20:23:51 [CE][Storage] ver:24 stamp:34526, valid:yes, name:"mpmissions\TheCommunity.enoch\storage_666\data\dynamic_009.bin"
20:23:51 [CE][Storage] ver:24 stamp:34525, valid:yes, name:"mpmissions\TheCommunity.enoch\storage_666\data\dynamic_009.001"
20:23:51 [CE][Storage] ver:24 stamp:34526, valid:yes, name:"mpmissions\TheCommunity.enoch\storage_666\data\dynamic_009.002"
20:23:51 [CE][Storage] Restoring file "mpmissions\TheCommunity.enoch\storage_666\data\dynamic_009.bin" 1053 items.
20:23:51   1053 items loaded.
20:23:51 [CE][Storage] ver:24 stamp:34526, valid:yes, name:"mpmissions\TheCommunity.enoch\storage_666\data\dynamic_010.bin"
20:23:51 [CE][Storage] ver:24 stamp:34525, valid:yes, name:"mpmissions\TheCommunity.enoch\storage_666\data\dynamic_010.001"
20:23:51 [CE][Storage] ver:24 stamp:34526, valid:yes, name:"mpmissions\TheCommunity.enoch\storage_666\data\dynamic_010.002"
20:23:51 [CE][Storage] Restoring file "mpmissions\TheCommunity.enoch\storage_666\data\dynamic_010.bin" 2564 items.
20:23:52   2564 items loaded.
20:23:52 [CE][Storage] ver:24 stamp:34526, valid:yes, name:"mpmissions\TheCommunity.enoch\storage_666\data\dynamic_011.bin"
20:23:52 [CE][Storage] ver:24 stamp:34525, valid:yes, name:"mpmissions\TheCommunity.enoch\storage_666\data\dynamic_011.001"
20:23:52 [CE][Storage] ver:24 stamp:34526, valid:yes, name:"mpmissions\TheCommunity.enoch\storage_666\data\dynamic_011.002"
20:23:52 [CE][Storage] Restoring file "mpmissions\TheCommunity.enoch\storage_666\data\dynamic_011.bin" 377 items.
20:23:52   377 items loaded.
20:23:52 [CE][Hive] :: Storage load took:7.41 seconds, recovery stamp:34526
20:23:52   entity: 16201, building: 0
20:23:52   no lifetime: 50
20:23:52 [CE][Hive] :: Initializing ... 
20:23:52 [CE][InitializeMap] :: initialized: 0
20:23:52 [CE][Hive] :: Initializing spawners ... 
20:23:54 [CE][LootRespawner] (PRIDummy) :: Item [0] causing search overtime: "MSFCGorkaPATACSFG"
20:23:54 [CE][LootRespawner] (PRIDummy) :: Item [1] causing search overtime: "MSFCGorkaPATACSFG"
20:23:54 [CE][LootRespawner] (PRIDummy) :: Item [2] causing search overtime: "MSFCGorkaPATACSFG"
20:23:54 [CE][LootRespawner] (PRIDummy) :: Item [3] causing search overtime: "MSFCGorkaPATACSFG"
20:23:54 [CE][LootRespawner] (PRIDummy) :: Item [4] causing search overtime: "MSFCKryptekRaidPlatePouches"
20:23:54 [CE][LootRespawner] (PRIDummy) :: Item [5] causing search overtime: "MSFCKryptekRaidPlatePouches"
20:23:54 [CE][LootRespawner] (PRIDummy) :: Item [6] causing search overtime: "MSFCKryptekRaidPlatePouches"
20:23:54 [CE][LootRespawner] (PRIDummy) :: Item [7] causing search overtime: "MSFCKryptekRaidPlatePouches"
20:23:54 [CE][LootRespawner] (PRIDummy) :: Item [8] causing search overtime: "MSFCKryptekRaidPlatePouches"
20:23:54 [CE][LootRespawner] (PRIDummy) :: Item [9] causing search overtime: "SWP_AWM_Mag"
20:23:54 [CE][LootRespawner] (PRIDummy) :: Item [10] causing search overtime: "SWP_AWM_Mag"
20:23:54 [CE][LootRespawner] (PRIDummy) :: Item [11] causing search overtime: "SWP_AWM_Mag"
20:23:54 [CE][LootRespawner] (PRIDummy) :: Item [12] causing search overtime: "SWP_AWM_Mag"
20:23:54 [CE][LootRespawner] (PRIDummy) :: Item [13] causing search overtime: "SWP_AWM_Mag"
20:23:54 [CE][LootRespawner] (PRIDummy) :: Item [14] causing search overtime: "SWP_AWM_Mag"
20:23:54 [CE][LootRespawner] (PRIDummy) :: Item [15] causing search overtime: "SWP_AWM_Mag"
20:23:54 [CE][LootRespawner] (PRIDummy) :: Item [16] causing search overtime: "SWP_AWM_Mag"
20:23:54 [CE][LootRespawner] (PRIDummy) :: Item [17] causing search overtime: "SWP_AWM_Mag"
20:23:54 [CE][LootRespawner] (PRIDummy) :: Item [18] causing search overtime: "SWP_AWM_Mag"
20:23:54 [CE][LootRespawner] (PRIDummy) :: Item [19] causing search overtime: "PlateCarrierVest"
20:23:55 [CE][LootRespawner] (PRIDummy) :: Item [0] is hard to place, performance drops: "TShirt_Black"
20:23:55 [CE][LootRespawner] (PRIDummy) :: Item [1] is hard to place, performance drops: "ShortJeans_Brown"
20:23:55 [CE][LootRespawner] (PRIDummy) :: Item [2] is hard to place, performance drops: "ShortJeans_Green"
20:23:55 [CE][LootRespawner] (PRIDummy) :: Item [3] is hard to place, performance drops: "ShortJeans_Green"
20:23:55 [CE][LootRespawner] (PRIDummy) :: Item [4] is hard to place, performance drops: "MSFCBeerZhigulevskoeBarnoe"
20:23:55 [CE][LootRespawner] (PRIDummy) :: Item [5] is hard to place, performance drops: "MSFCBeerZhigulevskoeBarnoe"
20:23:55 [CE][LootRespawner] (PRIDummy) :: Item [6] is hard to place, performance drops: "FP4_DrMask"
20:23:55 [CE][LootRespawner] (PRIDummy) :: Item [7] is hard to place, performance drops: "Breeches_Browncheck"
20:23:55 [CE][LootRespawner] (PRIDummy) :: Item [8] is hard to place, performance drops: "Defender110_dver_2_1_Red"
20:23:55 [CE][LootRespawner] (PRIDummy) :: Item [9] is hard to place, performance drops: "Bandana_RedPattern"
20:23:55 [CE][LootRespawner] (PRIDummy) :: Item [10] is hard to place, performance drops: "Breeches_Red"
20:23:56 [CE][LootRespawner] (PRIDummy) :: Item [11] is hard to place, performance drops: "ShortJeans_Red"
20:23:56 [CE][LootRespawner] (PRIDummy) :: Item [12] is hard to place, performance drops: "ShortJeans_Red"
20:23:56 [CE][LootRespawner] (PRIDummy) :: Item [13] is hard to place, performance drops: "MountainBag_Blue"
20:23:56 [CE][LootRespawner] (PRIDummy) :: Initially (re)spawned:773, Nominal:32677, Total in Map: 16386 at 1 (sec)
20:23:56   tests:791, repeats:4 fails:14, overtime:12744
20:23:56 [CE][DynEvent] :: 33 types
20:23:56 [00] AmbientHen
20:23:56   Primary Spawner: "Ambient", active: yes, repeat: 1
20:23:56 [01] AnimalBear
20:23:56   Primary Spawner: "Animal", active: yes, repeat: 1
20:23:56 [02] AnimalCow
20:23:56   Primary Spawner: "Animal", active: yes, repeat: 1
20:23:56 [03] AnimalDeer
20:23:56   Primary Spawner: "Animal", active: yes, repeat: 1
20:23:56 [04] AnimalGoat
20:23:56   Primary Spawner: "Animal", active: yes, repeat: 1
20:23:56 [05] AnimalPig
20:23:56   Primary Spawner: "Animal", active: yes, repeat: 1
20:23:56 [06] AnimalRoeDeer
20:23:56   Primary Spawner: "Animal", active: yes, repeat: 1
20:23:56 [07] AnimalSheep
20:23:56   Primary Spawner: "Animal", active: yes, repeat: 1
20:23:56 [08] AnimalWildBoar
20:23:56   Primary Spawner: "Animal", active: yes, repeat: 1
20:23:56 [09] AnimalWolf
20:23:56   Primary Spawner: "Animal", active: yes, repeat: 1
20:23:56 [10] InfectedArmy
20:23:56   Primary Spawner: "Infected", active: yes, repeat: 1
20:23:56 [11] InfectedCity
20:23:56   Primary Spawner: "Infected", active: yes, repeat: 1
20:23:56 [12] InfectedFirefighter
20:23:56   Primary Spawner: "Infected", active: yes, repeat: 1
20:23:56 [13] InfectedIndustrial
20:23:56   Primary Spawner: "Infected", active: yes, repeat: 1
20:23:56 [14] InfectedMedic
20:23:56   Primary Spawner: "Infected", active: yes, repeat: 1
20:23:56 [15] InfectedPolice
20:23:56   Primary Spawner: "Infected", active: yes, repeat: 1
20:23:56 [16] InfectedPrisoner
20:23:56   Primary Spawner: "Infected", active: yes, repeat: 1
20:23:56 [17] InfectedReligious
20:23:56   Primary Spawner: "Infected", active: yes, repeat: 1
20:23:56 [18] InfectedSolitude
20:23:56   Primary Spawner: "Infected", active: yes, repeat: 1
20:23:56 [19] InfectedVillage
20:23:56   Primary Spawner: "Infected", active: yes, repeat: 1
20:23:56 [20] ItemPlanks
20:23:56   Primary Spawner: "Item", active: yes, repeat: 1
20:23:56 [21] Loot
20:23:56   Primary Spawner: "Loot", active: yes, repeat: 2
20:23:56 [22] StaticHeliCrash
20:23:56   Primary Spawner: "Vehicle", active: yes, repeat: 1
20:23:56   Secondary Spawner: "Infected", active: yes, repeat: 1
20:23:56 [23] StaticPoliceCar
20:23:56   Primary Spawner: "Vehicle", active: yes, repeat: 1
20:23:56 [24] TrajectoryConiferous
20:23:56   Primary Spawner: "Trajectory", active: yes, repeat: 1
20:23:56 [25] TrajectoryDeciduous
20:23:56   Primary Spawner: "Trajectory", active: yes, repeat: 1
20:23:56 [26] TrajectoryHumus
20:23:56   Primary Spawner: "Trajectory", active: yes, repeat: 1
20:23:56 [27] TrajectoryStones
20:23:56   Primary Spawner: "Trajectory", active: yes, repeat: 1
20:23:56 [28] VehicleCivilianSedan
20:23:56   Primary Spawner: "Vehicle", active: yes, repeat: 1
20:23:56 [29] VehicleHatchback02
20:23:56   Primary Spawner: "Vehicle", active: yes, repeat: 1
20:23:56 [30] VehicleOffroadHatchback
20:23:56   Primary Spawner: "Vehicle", active: yes, repeat: 1
20:23:56 [31] VehicleSedan02
20: