 5:46:08 BattlEye Server: Initialized (v1.217)
 5:46:09 SUCCESS: SteamGameServer_Init(0,8766,2442,28056,3,1.07.153006)
 5:46:09 Roles assigned.
 5:46:09 Reading mission ...
 5:46:53 [CE][Hive] :: Initializing OFFLINE
 5:46:53 [CE][Hive] :: Loading core data ... 
 5:46:53 [CE][CoreData] :: 7 root classes, 19 defaults, 0 updaters...
 5:46:59 [CE][RegisterBind] :: 0 classes binded...
 5:46:59 [CE][RegisterConfig] :: 10056 config classes registered, 0 sub-counters...
 5:46:59 [CE][Hive] :: Loading map data ... 
 5:46:59 !!! [CE] :: Unknown category: 'vehicleparts'.
 5:46:59 [CE][LoadPrototype] :: loaded 330 prototypes
 5:46:59   702 containers, 9116 points
 5:46:59   24 dispatches, 90 proxies
 5:46:59 !!! [CE][LoadPrototype] 12 groups have no points...
 5:46:59 !!![CE][LoadPrototype]  3 groups have wrong points...
 5:46:59 [CE][LoadPrototype] :: last group name: Land_Lunapark_Autodrome...
 5:46:59 [CE][LoadPrototype] :: loaded 0 prototypes
 5:46:59   0 containers, 0 points
 5:46:59   0 dispatches, 0 proxies
 5:46:59 [CE][LoadPrototype] :: last group name: PathD_7100...
 5:46:59 [CE][LoadMap] "Group" :: loaded 5086 groups, largest group range: 26.9
 5:46:59 [CE][LoadMap] "Dirt" :: loaded 0 groups, largest group range: 26.9
 5:46:59 [CE][LoadClusters] "Cluster" :: Loading files...
 5:46:59 [CE][LoadClusters] :: file: "mapgroupcluster.xml", 4 types, 50000 instances
 5:47:00 [CE][LoadClusters] :: file: "mapgroupcluster01", 4 types, 50000 instances
 5:47:00 [CE][LoadClusters] :: file: "mapgroupcluster02", 4 types, 50000 instances
 5:47:00 [CE][LoadClusters] :: file: "mapgroupcluster03", 4 types, 50000 instances
 5:47:00 [CE][LoadClusters] :: file: "mapgroupcluster04", 4 types, 21297 instances
 5:47:00 [CE][Storage] ver:21 stamp:17265, valid:yes, name:"mpmissions\TheCommunity.enoch\storage_666\data\types.bin"
 5:47:00 [CE][Storage] ver:21 stamp:17263, valid:yes, name:"mpmissions\TheCommunity.enoch\storage_666\data\types.001"
 5:47:00 [CE][Storage] ver:21 stamp:17264, valid:yes, name:"mpmissions\TheCommunity.enoch\storage_666\data\types.002"
 5:47:00 [CE][Storage] Restoring file "mpmissions\TheCommunity.enoch\storage_666\data\types.bin".
 5:47:00 [CE][offlineDB] :: Loaded 33 dynamic events 215 total types 0 total positions.
 5:47:00 [CE][Storage] ver:21 stamp:17265, valid:yes, name:"mpmissions\TheCommunity.enoch\storage_666\data\events.bin"
 5:47:00 [CE][Storage] ver:21 stamp:17263, valid:yes, name:"mpmissions\TheCommunity.enoch\storage_666\data\events.001"
 5:47:00 [CE][Storage] ver:21 stamp:17264, valid:yes, name:"mpmissions\TheCommunity.enoch\storage_666\data\events.002"
 5:47:00 [CE][Storage] Restoring file "mpmissions\TheCommunity.enoch\storage_666\data\events.bin".
 5:47:00 [CE][DynamicEvent] Load  Events:[33] Primary spawners: 33 Secondary spawners: 1
 5:47:00 [CE][Storage] ver:24 stamp:17265, valid:yes, name:"mpmissions\TheCommunity.enoch\storage_666\data\vehicles.bin"
 5:47:00 [CE][Storage] ver:24 stamp:17263, valid:yes, name:"mpmissions\TheCommunity.enoch\storage_666\data\vehicles.001"
 5:47:00 [CE][Storage] ver:24 stamp:17264, valid:yes, name:"mpmissions\TheCommunity.enoch\storage_666\data\vehicles.002"
 5:47:00 [CE][Storage] Restoring file "mpmissions\TheCommunity.enoch\storage_666\data\vehicles.bin" 105 items.
 5:47:01   105 items loaded.
 5:47:01 [CE][Storage] ver:24 stamp:17265, valid:yes, name:"mpmissions\TheCommunity.enoch\storage_666\data\dynamic_000.bin"
 5:47:01 [CE][Storage] ver:24 stamp:17263, valid:yes, name:"mpmissions\TheCommunity.enoch\storage_666\data\dynamic_000.001"
 5:47:01 [CE][Storage] ver:24 stamp:17264, valid:yes, name:"mpmissions\TheCommunity.enoch\storage_666\data\dynamic_000.002"
 5:47:01 [CE][Storage] Restoring file "mpmissions\TheCommunity.enoch\storage_666\data\dynamic_000.bin" 338 items.
 5:47:01   338 items loaded.
 5:47:01 [CE][Storage] ver:24 stamp:17265, valid:yes, name:"mpmissions\TheCommunity.enoch\storage_666\data\dynamic_001.bin"
 5:47:01 [CE][Storage] ver:24 stamp:17263, valid:yes, name:"mpmissions\TheCommunity.enoch\storage_666\data\dynamic_001.001"
 5:47:01 [CE][Storage] ver:24 stamp:17264, valid:yes, name:"mpmissions\TheCommunity.enoch\storage_666\data\dynamic_001.002"
 5:47:01 [CE][Storage] Restoring file "mpmissions\TheCommunity.enoch\storage_666\data\dynamic_001.bin" 2271 items.
 5:47:02   2271 items loaded.
 5:47:02 [CE][Storage] ver:24 stamp:17265, valid:yes, name:"mpmissions\TheCommunity.enoch\storage_666\data\dynamic_002.bin"
 5:47:02 [CE][Storage] ver:24 stamp:17263, valid:yes, name:"mpmissions\TheCommunity.enoch\storage_666\data\dynamic_002.001"
 5:47:02 [CE][Storage] ver:24 stamp:17264, valid:yes, name:"mpmissions\TheCommunity.enoch\storage_666\data\dynamic_002.002"
 5:47:02 [CE][Storage] Restoring file "mpmissions\TheCommunity.enoch\storage_666\data\dynamic_002.bin" 607 items.
 5:47:02   607 items loaded.
 5:47:02 [CE][Storage] ver:24 stamp:17265, valid:yes, name:"mpmissions\TheCommunity.enoch\storage_666\data\dynamic_003.bin"
 5:47:02 [CE][Storage] ver:24 stamp:17263, valid:yes, name:"mpmissions\TheCommunity.enoch\storage_666\data\dynamic_003.001"
 5:47:02 [CE][Storage] ver:24 stamp:17264, valid:yes, name:"mpmissions\TheCommunity.enoch\storage_666\data\dynamic_003.002"
 5:47:02 [CE][Storage] Restoring file "mpmissions\TheCommunity.enoch\storage_666\data\dynamic_003.bin" 1257 items.
 5:47:02   1257 items loaded.
 5:47:02 [CE][Storage] ver:24 stamp:17265, valid:yes, name:"mpmissions\TheCommunity.enoch\storage_666\data\dynamic_004.bin"
 5:47:02 [CE][Storage] ver:24 stamp:17263, valid:yes, name:"mpmissions\TheCommunity.enoch\storage_666\data\dynamic_004.001"
 5:47:02 [CE][Storage] ver:24 stamp:17264, valid:yes, name:"mpmissions\TheCommunity.enoch\storage_666\data\dynamic_004.002"
 5:47:02 [CE][Storage] Restoring file "mpmissions\TheCommunity.enoch\storage_666\data\dynamic_004.bin" 1611 items.
 5:47:03   1611 items loaded.
 5:47:03 [CE][Storage] ver:24 stamp:17265, valid:yes, name:"mpmissions\TheCommunity.enoch\storage_666\data\dynamic_005.bin"
 5:47:03 [CE][Storage] ver:24 stamp:17263, valid:yes, name:"mpmissions\TheCommunity.enoch\storage_666\data\dynamic_005.001"
 5:47:03 [CE][Storage] ver:24 stamp:17264, valid:yes, name:"mpmissions\TheCommunity.enoch\storage_666\data\dynamic_005.002"
 5:47:03 [CE][Storage] Restoring file "mpmissions\TheCommunity.enoch\storage_666\data\dynamic_005.bin" 1981 items.
 5:47:03   1981 items loaded.
 5:47:03 [CE][Storage] ver:24 stamp:17265, valid:yes, name:"mpmissions\TheCommunity.enoch\storage_666\data\dynamic_006.bin"
 5:47:03 [CE][Storage] ver:24 stamp:17263, valid:yes, name:"mpmissions\TheCommunity.enoch\storage_666\data\dynamic_006.001"
 5:47:03 [CE][Storage] ver:24 stamp:17264, valid:yes, name:"mpmissions\TheCommunity.enoch\storage_666\data\dynamic_006.002"
 5:47:03 [CE][Storage] Restoring file "mpmissions\TheCommunity.enoch\storage_666\data\dynamic_006.bin" 1064 items.
 5:47:04   1064 items loaded.
 5:47:04 [CE][Storage] ver:24 stamp:17265, valid:yes, name:"mpmissions\TheCommunity.enoch\storage_666\data\dynamic_007.bin"
 5:47:04 [CE][Storage] ver:24 stamp:17263, valid:yes, name:"mpmissions\TheCommunity.enoch\storage_666\data\dynamic_007.001"
 5:47:04 [CE][Storage] ver:24 stamp:17264, valid:yes, name:"mpmissions\TheCommunity.enoch\storage_666\data\dynamic_007.002"
 5:47:04 [CE][Storage] Restoring file "mpmissions\TheCommunity.enoch\storage_666\data\dynamic_007.bin" 1330 items.
 5:47:04   1330 items loaded.
 5:47:04 [CE][Storage] ver:24 stamp:17265, valid:yes, name:"mpmissions\TheCommunity.enoch\storage_666\data\dynamic_008.bin"
 5:47:04 [CE][Storage] ver:24 stamp:17263, valid:yes, name:"mpmissions\TheCommunity.enoch\storage_666\data\dynamic_008.001"
 5:47:04 [CE][Storage] ver:24 stamp:17264, valid:yes, name:"mpmissions\TheCommunity.enoch\storage_666\data\dynamic_008.002"
 5:47:04 [CE][Storage] Restoring file "mpmissions\TheCommunity.enoch\storage_666\data\dynamic_008.bin" 1143 items.
 5:47:05   1143 items loaded.
 5:47:05 [CE][Storage] ver:24 stamp:17265, valid:yes, name:"mpmissions\TheCommunity.enoch\storage_666\data\dynamic_009.bin"
 5:47:05 [CE][Storage] ver:24 stamp:17263, valid:yes, name:"mpmissions\TheCommunity.enoch\storage_666\data\dynamic_009.001"
 5:47:05 [CE][Storage] ver:24 stamp:17264, valid:yes, name:"mpmissions\TheCommunity.enoch\storage_666\data\dynamic_009.002"
 5:47:05 [CE][Storage] Restoring file "mpmissions\TheCommunity.enoch\storage_666\data\dynamic_009.bin" 1109 items.
 5:47:05   1109 items loaded.
 5:47:05 [CE][Storage] ver:24 stamp:17265, valid:yes, name:"mpmissions\TheCommunity.enoch\storage_666\data\dynamic_010.bin"
 5:47:05 [CE][Storage] ver:24 stamp:17263, valid:yes, name:"mpmissions\TheCommunity.enoch\storage_666\data\dynamic_010.001"
 5:47:05 [CE][Storage] ver:24 stamp:17264, valid:yes, name:"mpmissions\TheCommunity.enoch\storage_666\data\dynamic_010.002"
 5:47:05 [CE][Storage] Restoring file "mpmissions\TheCommunity.enoch\storage_666\data\dynamic_010.bin" 2572 items.
 5:47:06   2572 items loaded.
 5:47:06 [CE][Storage] ver:24 stamp:17265, valid:yes, name:"mpmissions\TheCommunity.enoch\storage_666\data\dynamic_011.bin"
 5:47:06 [CE][Storage] ver:24 stamp:17263, valid:yes, name:"mpmissions\TheCommunity.enoch\storage_666\data\dynamic_011.001"
 5:47:06 [CE][Storage] ver:24 stamp:17264, valid:yes, name:"mpmissions\TheCommunity.enoch\storage_666\data\dynamic_011.002"
 5:47:06 [CE][Storage] Restoring file "mpmissions\TheCommunity.enoch\storage_666\data\dynamic_011.bin" 355 items.
 5:47:06   355 items loaded.
 5:47:06 [CE][Hive] :: Storage load took:5.27 seconds, recovery stamp:17265
 5:47:06   entity: 16251, building: 0
 5:47:06   no lifetime: 50
 5:47:06 [CE][Hive] :: Initializing ... 
 5:47:06 [CE][InitializeMap] :: initialized: 0
 5:47:06 [CE][Hive] :: Initializing spawners ... 
 5:47:07 [CE][LootRespawner] (PRIDummy) :: Item [0] causing search overtime: "MSFCKryptekRaidPlatePouches"
 5:47:07 [CE][LootRespawner] (PRIDummy) :: Item [1] causing search overtime: "MSFCKryptekRaidPlatePouches"
 5:47:07 [CE][LootRespawner] (PRIDummy) :: Item [2] causing search overtime: "MSFCKryptekRaidPlatePouches"
 5:47:07 [CE][LootRespawner] (PRIDummy) :: Item [3] causing search overtime: "PlateCarrierVest"
 5:47:07 [CE][LootRespawner] (PRIDummy) :: Item [4] causing search overtime: "PlateCarrierVest"
 5:47:07 [CE][LootRespawner] (PRIDummy) :: Item [5] causing search overtime: "PlateCarrierVest"
 5:47:07 [CE][LootRespawner] (PRIDummy) :: Item [6] causing search overtime: "PlateCarrierVest"
 5:47:07 [CE][LootRespawner] (PRIDummy) :: Item [7] causing search overtime: "PlateCarrierVest"
 5:47:07 [CE][LootRespawner] (PRIDummy) :: Item [8] causing search overtime: "PlateCarrierVest"
 5:47:07 [CE][LootRespawner] (PRIDummy) :: Item [9] causing search overtime: "PlateCarrierVest"
 5:47:07 [CE][LootRespawner] (PRIDummy) :: Item [10] causing search overtime: "PlateCarrierVest"
 5:47:07 [CE][LootRespawner] (PRIDummy) :: Item [11] causing search overtime: "PlateCarrierVest"
 5:47:07 [CE][LootRespawner] (PRIDummy) :: Item [12] causing search overtime: "PlateCarrierVest"
 5:47:07 [CE][LootRespawner] (PRIDummy) :: Item [13] causing search overtime: "PlateCarrierVest"
 5:47:07 [CE][LootRespawner] (PRIDummy) :: Item [14] causing search overtime: "PlateCarrierVest"
 5:47:07 [CE][LootRespawner] (PRIDummy) :: Item [15] causing search overtime: "PlateCarrierVest"
 5:47:07 [CE][LootRespawner] (PRIDummy) :: Item [16] causing search overtime: "PlateCarrierVest"
 5:47:07 [CE][LootRespawner] (PRIDummy) :: Item [17] causing search overtime: "PlateCarrierVest"
 5:47:07 [CE][LootRespawner] (PRIDummy) :: Item [18] causing search overtime: "PlateCarrierVest"
 5:47:07 [CE][LootRespawner] (PRIDummy) :: Item [19] causing search overtime: "PlateCarrierVest"
 5:47:07 [CE][LootRespawner] (PRIDummy) :: Item [0] is hard to place, performance drops: "HikingJacket_Green"
 5:47:08 [CE][LootRespawner] (PRIDummy) :: Item [1] is hard to place, performance drops: "ManSuit_DarkGrey"
 5:47:08 [CE][LootRespawner] (PRIDummy) :: Item [2] is hard to place, performance drops: "TrackSuitJacket_Black"
 5:47:08 [CE][LootRespawner] (PRIDummy) :: Item [3] is hard to place, performance drops: "TrackSuitJacket_Black"
 5:47:08 [CE][LootRespawner] (PRIDummy) :: Item [4] is hard to place, performance drops: "TrackSuitJacket_Black"
 5:47:08 [CE][LootRespawner] (PRIDummy) :: Item [5] is hard to place, performance drops: "BaseballCap_Red"
 5:47:08 [CE][LootRespawner] (PRIDummy) :: Item [6] is hard to place, performance drops: "Defender110_kapot_UN"
 5:47:08 [CE][LootRespawner] (PRIDummy) :: Item [7] is hard to place, performance drops: "FlatCap_Grey"
 5:47:08 [CE][LootRespawner] (PRIDummy) :: Item [8] is hard to place, performance drops: "Snipe_Mask_Jeans"
 5:47:08 [CE][LootRespawner] (PRIDummy) :: Item [9] is hard to place, performance drops: "Snipe_Mask_Jeans"
 5:47:08 [CE][LootRespawner] (PRIDummy) :: Item [10] is hard to place, performance drops: "ZmijovkaCap_Brown"
 5:47:08 [CE][LootRespawner] (PRIDummy) :: Item [11] is hard to place, performance drops: "RadarCap_Blue"
 5:47:08 [CE][LootRespawner] (PRIDummy) :: Item [12] is hard to place, performance drops: "MSFCBeerZhigulevskoeSoviet"
 5:47:08 [CE][LootRespawner] (PRIDummy) :: Item [13] is hard to place, performance drops: "MSFCBeerZhigulevskoeSoviet"
 5:47:08 [CE][LootRespawner] (PRIDummy) :: Item [14] is hard to place, performance drops: "Winchester70"
 5:47:08 [CE][LootRespawner] (PRIDummy) :: Item [15] is hard to place, performance drops: "Winchester70"
 5:47:08 [CE][LootRespawner] (PRIDummy) :: Item [16] is hard to place, performance drops: "Winchester70"
 5:47:08 [CE][LootRespawner] (PRIDummy) :: Item [17] is hard to place, performance drops: "Winchester70"
 5:47:08 [CE][LootRespawner] (PRIDummy) :: Item [18] is hard to place, performance drops: "Winchester70"
 5:47:08 [CE][LootRespawner] (PRIDummy) :: Item [19] is hard to place, performance drops: "Winchester70"
 5:47:09 [CE][LootRespawner] (PRIDummy) :: Initially (re)spawned:847, Nominal:32677, Total in Map: 16637 at 1 (sec)
 5:47:09   tests:877, repeats:0 fails:30, overtime:12629
 5:47:09 [CE][DynEvent] :: 33 types
 5:47:09 [00] AmbientHen
 5:47:09   Primary Spawner: "Ambient", active: yes, repeat: 1
 5:47:09 [01] AnimalBear
 5:47:09   Primary Spawner: "Animal", active: yes, repeat: 1
 5:47:09 [02] AnimalCow
 5:47:09   Primary Spawner: "Animal", active: yes, repeat: 1
 5:47:09 [03] AnimalDeer
 5:47:09   Primary Spawner: "Animal", active: yes, repeat: 1
 5:47:09 [04] AnimalGoat
 5:47:09   Primary Spawner: "Animal", active: yes, repeat: 1
 5:47:09 [05] AnimalPig
 5:47:09   Primary Spawner: "Animal", active: yes, repeat: 1
 5:47:09 [06] AnimalRoeDeer
 5:47:09   Primary Spawner: "Animal", active: yes, repeat: 1
 5:47:09 [07] AnimalSheep
 5:47:09   Primary Spawner: "Animal", active: yes, repeat: 1
 5:47:09 [08] AnimalWildBoar
 5:47:09   Primary Spawner: "Animal", active: yes, repeat: 1
 5:47:09 [09] AnimalWolf
 5:47:09   Primary Spawner: "Animal", active: yes, repeat: 1
 5:47:09 [10] InfectedArmy
 5:47:09   Primary Spawner: "Infected", active: yes, repeat: 1
 5:47:09 [11] InfectedCity
 5:47:09   Primary Spawner: "Infected", active: yes, repeat: 1
 5:47:09 [12] InfectedFirefighter
 5:47:09   Primary Spawner: "Infected", active: yes, repeat: 1
 5:47:09 [13] InfectedIndustrial
 5:47:09   Primary Spawner: "Infected", active: yes, repeat: 1
 5:47:09 [14] InfectedMedic
 5:47:09   Primary Spawner: "Infected", active: yes, repeat: 1
 5:47:09 [15] InfectedPolice
 5:47:09   Primary Spawner: "Infected", active: yes, repeat: 1
 5:47:09 [16] InfectedPrisoner
 5:47:09   Primary Spawner: "Infected", active: yes, repeat: 1
 5:47:09 [17] InfectedReligious
 5:47:09   Primary Spawner: "Infected", active: yes, repeat: 1
 5:47:09 [18] InfectedSolitude
 5:47:09   Primary Spawner: "Infected", active: yes, repeat: 1
 5:47:09 [19] InfectedVillage
 5:47:09   Primary Spawner: "Infected", active: yes, repeat: 1
 5:47:09 [20] ItemPlanks
 5:47:09   Primary Spawner: "Item", active: yes, repeat: 1
 5:47:09 [21] Loot
 5:47:09   Primary Spawner: "Loot", active: yes, repeat: 2
 5:47:09 [22] StaticHeliCrash
 5:47:09   Primary Spawner: "Vehicle", active: yes, repeat: 1
 5:47:09   Secondary Spawner: "Infected", active: yes, repeat: 1
 5:47:09 [23] StaticPoliceCar
 5:47:09   Primary Spawner: "Vehicle", active: yes, repeat: 1
 5:47:09 [24] TrajectoryConiferous
 5:47:09   Primary Spawner: "Trajectory", active: yes, repeat: 1
 5:47:09 [25] TrajectoryDeciduous
 5:47:09   Primary Spawner: "Trajectory", active: yes, repeat: 1
 5:47:09 [26] TrajectoryHumus
 5:47:09   Primary Spawner: "Trajectory", active: yes, repeat: 1
 5:47:09 [27] TrajectoryStones
 5:47:09   Primary Spawner: "Trajectory", active: yes, repeat: 1
 5:47:09 [28] VehicleCivilianSedan
 5:47:09   Primary Spawner: "Vehicle", active: yes, repeat: 1
 5:47:09 [29] VehicleHatchback02
 5:47:09   Primary Spawner: "Vehicle", active: yes, repeat: 1
 5:47:09 [30] VehicleOffroadHatchback
 5:47:09   Primary Spawner: "Vehicle", active: yes, repeat: 1
 5:47:09 [31] VehicleSedan02
 5:47:09   Primary Spawner: "Vehicle", active: yes, repeat: 1
 5:47:09 [32] VehicleCrSk_Land_Rover_Defender_110
 5:47:09   Primary Spawner: "Vehicle", active: yes, repeat: 1
 5:47:09 [CE][Hive] :: Initializing of spawners done.
 5:47:09 [CE][Hive] :: Init sequence finished.
 5:47:15 BattlEye Server: RCon admin #0 (127.0.0.1:49536) logged in
 5:47:39 Average server FPS: 2008.87 (measured interval: 30 s)
 5:47:39 Used memory: 1559471 KB
 5:47:39 Players: 0 in total
 5:48:09 Average server FPS: 2943.38 (measured interval: 30 s)
 5:48:09 Used memory: 1573060 KB
 5:48:09 Players: 0 in total
 5:48:39 Average server FPS: 2753.17 (measured interval: 30 s)
 5:48:39 Used memory: 1588316 KB
 5:48:39 Players: 0 in total
 5:49:09 Average server FPS: 2763.52 (measured interval: 30 s)
 5:49:09 Used memory: 1593996 KB
 5:49:09 Players: 0 in total
 5:49:39 Average server FPS: 2891.87 (measured interval: 30 s)
 5:49:39 Used memory: 1604762 KB
 5:49:39 Players: 0 in total
 5:50:09 Average server FPS: 2319.61 (measured interval: 30 s)
 5:50:09 Used memory: 1608458 KB
 5:50:09 Players: 0 in total
 5:50:39 Average server FPS: 2649.17 (measured interval: 30 s)
 5:50:39 Used memory: 1610084 KB
 5:50:39 Players: 0 in total
 5:51:09 Average server FPS: 2977.89 (measured interval: 30 s)
 5:51:09 Used memory: 1613918 KB
 5:51:09 Players: 0 in total
 5:51:39 Average server FPS: 2980.59 (measured interval: 30 s)
 5:51:39 Used memory: 1621494 KB
 5:51:39 Players: 0 in total
 5:52:09 Average server FPS: 2905.52 (measured interval: 30 s)
 5:52:09 Used memory: 1625942 KB
 5:52:09 Players: 0 in total
 5:52:15 BattlEye Server: RCon admin #0: (Global) Welcome to TheCommunity Test Server! This server restarts every 60 minutes
 5:52:17 BattlEye Server: RCon admin #0: (Global) https://discord.gg/2W6YhGt -- If you need help join the discord and chime an admin
 5:52:39 Average server FPS: 2918.07 (measured interval: 30 s)
 5:52:39 Used memory: 1633705 KB
 5:52:39 Players: 0 in total
 5:53:09 Average server FPS: 2942.17 (measured interval: 30 s)
 5:53:09 Used memory: 1637384 KB
 5:53:09 Players: 0 in total
 5:53:40 Average server FPS: 2924.39 (measured interval: 30 s)
 5:53:40 Used memory: 1637569 KB
 5:53:40 Players: 0 in total
 5:54:10 Average server FPS: 2697.75 (measured interval: 30 s)
 5:54:10 Used memory: 1648531 KB
 5:54:10 Players: 0 in total
 5:54:40 Average server FPS: 2882.78 (measured interval: 30 s)
 5:54:40 Used memory: 1654246 KB
 5:54:40 Players: 0 in total
 5:55:10 Average server FPS: 2813.37 (measured interval: 30 s)
 5:55:10 Used memory: 1658432 KB
 5:55:10 Players: 0 in total
 5:55:16 [CE][SpawnRandomLoot] (StaticPoliceCar) :: ChildType: Land_Wreck_Volha_Police, lootmin: 3, lootmax: 5, wanted: 3
 5:55:16 [CE][SpawnRandomLoot] (StaticPoliceCar) :: ChildType: Land_Wreck_Volha_Police, lootmin: 3, lootmax: 5, wanted: 4
 5:55:16 [CE][SpawnRandomLoot] (StaticPoliceCar) :: ChildType: Land_Wreck_Volha_Police, lootmin: 3, lootmax: 5, wanted: 4
 5:55:16 [CE][SpawnRandomLoot] (StaticPoliceCar) :: ChildType: Land_Wreck_Volha_Police, lootmin: 3, lootmax: 5, wanted: 4
 5:55:16 [CE][SpawnRandomLoot] (StaticPoliceCar) :: ChildType: Land_Wreck_Volha_Police, lootmin: 3, lootmax: 5, wanted: 3
 5:55:16 [CE][SpawnRandomLoot] (StaticPoliceCar) :: ChildType: Land_Wreck_Volha_Police, lootmin: 3, lootmax: 5, wanted: 3
 5:55:16 [CE][SpawnRandomLoot] (StaticPoliceCar) :: ChildType: Land_Wreck_Volha_Police, lootmin: 3, lootmax: 5, wanted: 4
 5:55:16 [CE][SpawnRandomLoot] (StaticPoliceCar) :: ChildType: Land_Wreck_Volha_Police, lootmin: 3, lootmax: 5, wanted: 4
 5:55:16 [CE][SpawnRandomLoot] (StaticPoliceCar) :: ChildType: Land_Wreck_Volha_Police, lootmin: 3, lootmax: 5, wanted: 3
 5:55:16 [CE][SpawnRandomLoot] (StaticPoliceCar) :: ChildType: Land_Wreck_Volha_Police, lootmin: 3, lootmax: 5, wanted: 4
 5:55:40 Average server FPS: 2740.47 (measured interval: 30 s)
 5:55:40 Used memory: 1664686 KB
 5:55:40 Players: 0 in total
 5:56:10 Average server FPS: 2724.20 (measured interval: 30 s)
 5:56:10 Used memory: 1674416 KB
 5:56:10 Players: 0 in total
 5:56:40 Average server FPS: 2526.97 (measured interval: 30 s)
 5:56:40 Used memory: 1679278 KB
 5:56:40 Players: 0 in total
 5:57:10 Average server FPS: 2458.62 (measured interval: 30 s)
 5:57:10 Used memory: 1682133 KB
 5:57:10 Players: 0 in total
 5:57:40 Average server FPS: 2423.53 (measured interval: 30 s)
 5:57:40 Used memory: 1688451 KB
 5:57:40 Players: 0 in total
 5:58:10 Average server FPS: 2412.53 (measured interval: 30 s)
 5:58:10 Used memory: 1695265 KB
 5:58:10 Players: 0 in total
 5:58:40 Average server FPS: 2365.80 (measured interval: 30 s)
 5:58:40 Used memory: 1700262 KB
 5:58:40 Players: 0 in total
 5:59:10 Average server FPS: 2459.83 (measured interval: 30 s)
 5:59:10 Used memory: 1707467 KB
 5:59:10 Players: 0 in total
 5:59:40 Average server FPS: 2277.73 (measured interval: 30 s)
 5:59:40 Used memory: 1713239 KB
 5:59:40 Players: 0 in total
 6:00:10 Average server FPS: 2351.80 (measured interval: 30 s)
 6:00:10 Used memory: 1715484 KB
 6:00:10 Players: 0 in total
 6:00:40 Average server FPS: 2454.33 (measured interval: 30 s)
 6:00:40 Used memory: 1718746 KB
 6:00:40 Players: 0 in total
 6:01:10 Average server FPS: 2371.87 (measured interval: 30 s)
 6:01:10 Used memory: 1722326 KB
 6:01:10 Players: 0 in total
 6:01:40 Average server FPS: 2426.60 (measured interval: 30 s)
 6:01:40 Used memory: 1726128 KB
 6:01:40 Players: 0 in total
 6:02:10 Average server FPS: 3462.30 (measured interval: 30 s)
 6:02:10 Used memory: 1728918 KB
 6:02:10 Players: 0 in total
 6:02:40 Average server FPS: 6018.70 (measured interval: 30 s)
 6:02:40 Used memory: 1729098 KB
 6:02:40 Players: 0 in total
 6:03:10 Average server FPS: 7169.67 (measured interval: 30 s)
 6:03:10 Used memory: 1729350 KB
 6:03:10 Players: 0 in total
 6:03:40 Average server FPS: 7229.53 (measured interval: 30 s)
 6:03:40 Used memory: 1729031 KB
 6:03:40 Players: 0 in total
 6:04:10 Average server FPS: 7222.30 (measured interval: 30 s)
 6:04:10 Used memory: 1728866 KB
 6:04:10 Players: 0 in total
 6:04:40 Average server FPS: 7209.23 (measured interval: 30 s)
 6:04:40 Used memory: 1729739 KB
 6:04:40 Players: 0 in total
 6:05:10 Average server FPS: 5892.90 (measured interval: 30 s)
 6:05:10 Used memory: 1730551 KB
 6:05:10 Players: 0 in total
 6:05:40 Average server FPS: 6932.63 (measured interval: 30 s)
 6:05:40 Used memory: 1730674 KB
 6:05:40 Players: 0 in total
 6:06:10 Average server FPS: 7229.37 (measured interval: 30 s)
 6:06:10 Used memory: 1730339 KB
 6:06:10 Players: 0 in total
 6:06:40 Average server FPS: 7232.47 (measured interval: 30 s)
 6:06:40 Used memory: 1730025 KB
 6:06:40 Players: 0 in total
 6:07:10 Average server FPS: 7220.70 (measured interval: 30 s)
 6:07:10 Used memory: 1729723 KB
 6:07:10 Players: 0 in total
 6:07:40 Average server FPS: 7072.70 (measured interval: 30 s)
 6:07:40 Used memory: 1730122 KB
 6:07:40 Players: 0 in total
 6:08:10 Average server FPS: 7156.77 (measured interval: 30 s)
 6:08:10 Used memory: 1730038 KB
 6:08:10 Players: 0 in total
 6:08:40 Average server FPS: 7194.40 (measured interval: 30 s)
 6:08:40 Used memory: 1730016 KB
 6:08:40 Players: 0 in total
 6:09:10 Average server FPS: 7207.67 (measured interval: 30 s)
 6:09:10 Used memory: 1729875 KB
 6:09:10 Players: 0 in total
 6:09:40 Average server FPS: 7207.03 (measured interval: 30 s)
 6:09:40 Used memory: 1729866 KB
 6:09:40 Players: 0 in total
 6:10:10 Average server FPS: 6908.20 (measured interval: 30 s)
 6:10:10 Used memory: 1729760 KB
 6:10:10 Players: 0 in total
 6:10:40 Average server FPS: 7117.60 (measured interval: 30 s)
 6:10:40 Used memory: 1729704 KB
 6:10:40 Players: 0 in total
 6:11:10 Average server FPS: 7099.97 (measured interval: 30 s)
 6:11:10 Used memory: 1729491 KB
 6:11:10 Players: 0 in total
 6:11:40 Average server FPS: 7165.20 (measured interval: 30 s)
 6:11:40 Used memory: 1729022 KB
 6:11:40 Players: 0 in total
 6:12:10 Average server FPS: 7048.10 (measured interval: 30 s)
 6:12:10 Used memory: 1729226 KB
 6:12:10 Players: 0 in total
 6:12:40 Average server FPS: 6940.37 (measured interval: 30 s)
 6:12:40 Used memory: 1728868 KB
 6:12:40 Players: 0 in total
 6:13:10 Average server FPS: 6936.53 (measured interval: 30 s)
 6:13:10 Used memory: 1728759 KB
 6:13:10 Players: 0 in total
 6:13:40 Average server FPS: 6914.50 (measured interval: 30 s)
 6:13:40 Used memory: 1728642 KB
 6:13:40 Players: 0 in total
 6:14:10 Average server FPS: 6862.23 (measured interval: 30 s)
 6:14:10 Used memory: 1728805 KB
 6:14:10 Players: 0 in total
 6:14:40 Average server FPS: 6801.97 (measured interval: 30 s)
 6:14:40 Used memory: 1728809 KB
 6:14:40 Players: 0 in total
 6:15:10 Average server FPS: 6853.03 (measured interval: 30 s)
 6:15:10 Used memory: 1728874 KB
 6:15:10 Players: 0 in total
 6:15:30 !!! [CE][Point] Removing 11478.268555, 10158.290039 from Land_Boat_Small2
 6:15:40 Average server FPS: 6744.23 (measured interval: 30 s)
 6:15:40 Used memory: 1728668 KB
 6:15:40 Players: 0 in total
 6:16:10 Average server FPS: 6938.37 (measured interval: 30 s)
 6:16:10 Used memory: 1728009 KB
 6:16:10 Players: 0 in total
 6:16:29 [CE][SpawnRandomLoot] (StaticHeliCrash) :: ChildType: Wreck_UH1Y, lootmin: 10, lootmax: 20, wanted: 19
 6:16:40 Average server FPS: 6928.03 (measured interval: 30 s)
 6:16:40 Used memory: 1728023 KB
 6:16:40 Players: 0 in total
 6:17:10 Average server FPS: 7050.50 (measured interval: 30 s)
 6:17:10 Used memory: 1728106 KB
 6:17:10 Players: 0 in total
 6:17:15 BattlEye Server: RCon admin #0: (Global) Server Restart in about 30 minutes
 6:17:40 Average server FPS: 7067.40 (measured interval: 30 s)
 6:17:40 Used memory: 1727950 KB
 6:17:40 Players: 0 in total
 6:18:10 Average server FPS: 7058.37 (measured interval: 30 s)
 6:18:10 Used memory: 1727789 KB
 6:18:10 Players: 0 in total
 6:18:40 Average server FPS: 6979.93 (measured interval: 30 s)
 6:18:40 Used memory: 1727848 KB
 6:18:40 Players: 0 in total
 6:19:10 Average server FPS: 7011.83 (measured interval: 30 s)
 6:19:10 Used memory: 1727651 KB
 6:19:10 Players: 0 in total
 6:19:40 Average server FPS: 7056.67 (measured interval: 30 s)
 6:19:40 Used memory: 1727628 KB
 6:19:40 Players: 0 in total
 6:20:10 Average server FPS: 5745.60 (measured interval: 30 s)
 6:20:10 Used memory: 1727423 KB
 6:20:10 Players: 0 in total
 6:20:40 Average server FPS: 6601.73 (measured interval: 30 s)
 6:20:40 Used memory: 1726986 KB
 6:20:40 Players: 0 in total
 6:21:10 Average server FPS: 7074.17 (measured interval: 30 s)
 6:21:10 Used memory: 1726906 KB
 6:21:10 Players: 0 in total
 6:21:26 [CE][SpawnRandomLoot] (StaticHeliCrash) :: ChildType: Wreck_Mi8, lootmin: 10, lootmax: 20, wanted: 19
 6:21:40 Average server FPS: 6841.30 (measured interval: 30 s)
 6:21:40 Used memory: 1726904 KB
 6:21:40 Players: 0 in total
 6:22:10 Average server FPS: 6931.23 (measured interval: 30 s)
 6:22:10 Used memory: 1726856 KB
 6:22:10 Players: 0 in total
 6:22:15 BattlEye Server: RCon admin #0: (Global) Welcome to TheCommunity Test Server! This server restarts every 60 minutes
 6:22:17 BattlEye Server: RCon admin #0: (Global) https://discord.gg/2W6YhGt -- If you need help join the discord and chime an admin
 6:22:40 Average server FPS: 7036.73 (measured interval: 30 s)
 6:22:40 Used memory: 1726722 KB
 6:22:40 Players: 0 in total
 6:23:10 Average server FPS: 7036.57 (measured interval: 30 s)
 6:23:10 Used memory: 1726674 KB
 6:23:10 Players: 0 in total
 6:23:40 Average server FPS: 6909.50 (measured interval: 30 s)
 6:23:40 Used memory: 1726419 KB
 6:23:40 Players: 0 in total
 6:24:10 Average server