11:20:50 BattlEye Server: Initialized (v1.217)
11:20:50 SUCCESS: SteamGameServer_Init(0,8766,2442,28056,3,1.07.153006)
11:20:50 Roles assigned.
11:20:50 Reading mission ...
11:21:32 [CE][Hive] :: Initializing OFFLINE
11:21:32 [CE][Hive] :: Loading core data ... 
11:21:32 [CE][CoreData] :: 7 root classes, 19 defaults, 0 updaters...
11:21:38 [CE][RegisterBind] :: 0 classes binded...
11:21:38 [CE][RegisterConfig] :: 10213 config classes registered, 0 sub-counters...
11:21:38 [CE][Hive] :: Loading map data ... 
11:21:38 !!! [CE] :: Unknown category: 'vehicleparts'.
11:21:38 [CE][LoadPrototype] :: loaded 330 prototypes
11:21:38   702 containers, 9116 points
11:21:38   24 dispatches, 90 proxies
11:21:38 !!! [CE][LoadPrototype] 12 groups have no points...
11:21:38 !!![CE][LoadPrototype]  3 groups have wrong points...
11:21:38 [CE][LoadPrototype] :: last group name: Land_Lunapark_Autodrome...
11:21:38 [CE][LoadPrototype] :: loaded 0 prototypes
11:21:38   0 containers, 0 points
11:21:38   0 dispatches, 0 proxies
11:21:38 [CE][LoadPrototype] :: last group name: PathD_7100...
11:21:38 [CE][LoadMap] "Group" :: loaded 5086 groups, largest group range: 26.9
11:21:38 [CE][LoadMap] "Dirt" :: loaded 0 groups, largest group range: 26.9
11:21:38 [CE][LoadClusters] "Cluster" :: Loading files...
11:21:39 [CE][LoadClusters] :: file: "mapgroupcluster.xml", 4 types, 50000 instances
11:21:39 [CE][LoadClusters] :: file: "mapgroupcluster01", 4 types, 50000 instances
11:21:39 [CE][LoadClusters] :: file: "mapgroupcluster02", 4 types, 50000 instances
11:21:39 [CE][LoadClusters] :: file: "mapgroupcluster03", 4 types, 50000 instances
11:21:39 [CE][LoadClusters] :: file: "mapgroupcluster04", 4 types, 21297 instances
11:21:39 [CE][Storage] ver:21 stamp:52941, valid:yes, name:"mpmissions\TheCommunity.enoch\storage_666\data\types.bin"
11:21:39 [CE][Storage] ver:21 stamp:52938, valid:yes, name:"mpmissions\TheCommunity.enoch\storage_666\data\types.001"
11:21:39 [CE][Storage] ver:21 stamp:52939, valid:yes, name:"mpmissions\TheCommunity.enoch\storage_666\data\types.002"
11:21:39 [CE][Storage] Restoring file "mpmissions\TheCommunity.enoch\storage_666\data\types.bin".
11:21:40 [CE][offlineDB] :: Loaded 33 dynamic events 215 total types 0 total positions.
11:21:40 [CE][Storage] ver:21 stamp:52941, valid:yes, name:"mpmissions\TheCommunity.enoch\storage_666\data\events.bin"
11:21:40 [CE][Storage] ver:21 stamp:52938, valid:yes, name:"mpmissions\TheCommunity.enoch\storage_666\data\events.001"
11:21:40 [CE][Storage] ver:21 stamp:52939, valid:yes, name:"mpmissions\TheCommunity.enoch\storage_666\data\events.002"
11:21:40 [CE][Storage] Restoring file "mpmissions\TheCommunity.enoch\storage_666\data\events.bin".
11:21:40 [CE][DynamicEvent] Load  Events:[33] Primary spawners: 33 Secondary spawners: 1
11:21:40 [CE][Storage] ver:24 stamp:52941, valid:yes, name:"mpmissions\TheCommunity.enoch\storage_666\data\vehicles.bin"
11:21:40 [CE][Storage] ver:24 stamp:52938, valid:yes, name:"mpmissions\TheCommunity.enoch\storage_666\data\vehicles.001"
11:21:40 [CE][Storage] ver:24 stamp:52939, valid:yes, name:"mpmissions\TheCommunity.enoch\storage_666\data\vehicles.002"
11:21:40 [CE][Storage] Restoring file "mpmissions\TheCommunity.enoch\storage_666\data\vehicles.bin" 120 items.
11:21:40   120 items loaded.
11:21:40 [CE][Storage] ver:24 stamp:52941, valid:yes, name:"mpmissions\TheCommunity.enoch\storage_666\data\dynamic_000.bin"
11:21:40 [CE][Storage] ver:24 stamp:52938, valid:yes, name:"mpmissions\TheCommunity.enoch\storage_666\data\dynamic_000.001"
11:21:40 [CE][Storage] ver:24 stamp:52939, valid:yes, name:"mpmissions\TheCommunity.enoch\storage_666\data\dynamic_000.002"
11:21:40 [CE][Storage] Restoring file "mpmissions\TheCommunity.enoch\storage_666\data\dynamic_000.bin" 325 items.
11:21:40   325 items loaded.
11:21:40 [CE][Storage] ver:24 stamp:52941, valid:yes, name:"mpmissions\TheCommunity.enoch\storage_666\data\dynamic_001.bin"
11:21:40 [CE][Storage] ver:24 stamp:52938, valid:yes, name:"mpmissions\TheCommunity.enoch\storage_666\data\dynamic_001.001"
11:21:40 [CE][Storage] ver:24 stamp:52939, valid:yes, name:"mpmissions\TheCommunity.enoch\storage_666\data\dynamic_001.002"
11:21:40 [CE][Storage] Restoring file "mpmissions\TheCommunity.enoch\storage_666\data\dynamic_001.bin" 2008 items.
11:21:41   2008 items loaded.
11:21:41 [CE][Storage] ver:24 stamp:52941, valid:yes, name:"mpmissions\TheCommunity.enoch\storage_666\data\dynamic_002.bin"
11:21:41 [CE][Storage] ver:24 stamp:52938, valid:yes, name:"mpmissions\TheCommunity.enoch\storage_666\data\dynamic_002.001"
11:21:41 [CE][Storage] ver:24 stamp:52939, valid:yes, name:"mpmissions\TheCommunity.enoch\storage_666\data\dynamic_002.002"
11:21:41 [CE][Storage] Restoring file "mpmissions\TheCommunity.enoch\storage_666\data\dynamic_002.bin" 580 items.
11:21:41   580 items loaded.
11:21:41 [CE][Storage] ver:24 stamp:52941, valid:yes, name:"mpmissions\TheCommunity.enoch\storage_666\data\dynamic_003.bin"
11:21:41 [CE][Storage] ver:24 stamp:52938, valid:yes, name:"mpmissions\TheCommunity.enoch\storage_666\data\dynamic_003.001"
11:21:41 [CE][Storage] ver:24 stamp:52939, valid:yes, name:"mpmissions\TheCommunity.enoch\storage_666\data\dynamic_003.002"
11:21:41 [CE][Storage] Restoring file "mpmissions\TheCommunity.enoch\storage_666\data\dynamic_003.bin" 1126 items.
11:21:41   1126 items loaded.
11:21:41 [CE][Storage] ver:24 stamp:52941, valid:yes, name:"mpmissions\TheCommunity.enoch\storage_666\data\dynamic_004.bin"
11:21:41 [CE][Storage] ver:24 stamp:52938, valid:yes, name:"mpmissions\TheCommunity.enoch\storage_666\data\dynamic_004.001"
11:21:41 [CE][Storage] ver:24 stamp:52939, valid:yes, name:"mpmissions\TheCommunity.enoch\storage_666\data\dynamic_004.002"
11:21:41 [CE][Storage] Restoring file "mpmissions\TheCommunity.enoch\storage_666\data\dynamic_004.bin" 1541 items.
11:21:42   1541 items loaded.
11:21:42 [CE][Storage] ver:24 stamp:52941, valid:yes, name:"mpmissions\TheCommunity.enoch\storage_666\data\dynamic_005.bin"
11:21:42 [CE][Storage] ver:24 stamp:52938, valid:yes, name:"mpmissions\TheCommunity.enoch\storage_666\data\dynamic_005.001"
11:21:42 [CE][Storage] ver:24 stamp:52939, valid:yes, name:"mpmissions\TheCommunity.enoch\storage_666\data\dynamic_005.002"
11:21:42 [CE][Storage] Restoring file "mpmissions\TheCommunity.enoch\storage_666\data\dynamic_005.bin" 2000 items.
11:21:43   2000 items loaded.
11:21:43 [CE][Storage] ver:24 stamp:52941, valid:yes, name:"mpmissions\TheCommunity.enoch\storage_666\data\dynamic_006.bin"
11:21:43 [CE][Storage] ver:24 stamp:52938, valid:yes, name:"mpmissions\TheCommunity.enoch\storage_666\data\dynamic_006.001"
11:21:43 [CE][Storage] ver:24 stamp:52939, valid:yes, name:"mpmissions\TheCommunity.enoch\storage_666\data\dynamic_006.002"
11:21:43 [CE][Storage] Restoring file "mpmissions\TheCommunity.enoch\storage_666\data\dynamic_006.bin" 1007 items.
11:21:43   1007 items loaded.
11:21:43 [CE][Storage] ver:24 stamp:52941, valid:yes, name:"mpmissions\TheCommunity.enoch\storage_666\data\dynamic_007.bin"
11:21:43 [CE][Storage] ver:24 stamp:52938, valid:yes, name:"mpmissions\TheCommunity.enoch\storage_666\data\dynamic_007.001"
11:21:43 [CE][Storage] ver:24 stamp:52939, valid:yes, name:"mpmissions\TheCommunity.enoch\storage_666\data\dynamic_007.002"
11:21:43 [CE][Storage] Restoring file "mpmissions\TheCommunity.enoch\storage_666\data\dynamic_007.bin" 1321 items.
11:21:44   1321 items loaded.
11:21:44 [CE][Storage] ver:24 stamp:52941, valid:yes, name:"mpmissions\TheCommunity.enoch\storage_666\data\dynamic_008.bin"
11:21:44 [CE][Storage] ver:24 stamp:52938, valid:yes, name:"mpmissions\TheCommunity.enoch\storage_666\data\dynamic_008.001"
11:21:44 [CE][Storage] ver:24 stamp:52939, valid:yes, name:"mpmissions\TheCommunity.enoch\storage_666\data\dynamic_008.002"
11:21:44 [CE][Storage] Restoring file "mpmissions\TheCommunity.enoch\storage_666\data\dynamic_008.bin" 1130 items.
11:21:45   1130 items loaded.
11:21:45 [CE][Storage] ver:24 stamp:52941, valid:yes, name:"mpmissions\TheCommunity.enoch\storage_666\data\dynamic_009.bin"
11:21:45 [CE][Storage] ver:24 stamp:52938, valid:yes, name:"mpmissions\TheCommunity.enoch\storage_666\data\dynamic_009.001"
11:21:45 [CE][Storage] ver:24 stamp:52939, valid:yes, name:"mpmissions\TheCommunity.enoch\storage_666\data\dynamic_009.002"
11:21:45 [CE][Storage] Restoring file "mpmissions\TheCommunity.enoch\storage_666\data\dynamic_009.bin" 1061 items.
11:21:45   1061 items loaded.
11:21:45 [CE][Storage] ver:24 stamp:52941, valid:yes, name:"mpmissions\TheCommunity.enoch\storage_666\data\dynamic_010.bin"
11:21:45 [CE][Storage] ver:24 stamp:52938, valid:yes, name:"mpmissions\TheCommunity.enoch\storage_666\data\dynamic_010.001"
11:21:45 [CE][Storage] ver:24 stamp:52939, valid:yes, name:"mpmissions\TheCommunity.enoch\storage_666\data\dynamic_010.002"
11:21:45 [CE][Storage] Restoring file "mpmissions\TheCommunity.enoch\storage_666\data\dynamic_010.bin" 2473 items.
11:21:46   2473 items loaded.
11:21:46 [CE][Storage] ver:24 stamp:52941, valid:yes, name:"mpmissions\TheCommunity.enoch\storage_666\data\dynamic_011.bin"
11:21:46 [CE][Storage] ver:24 stamp:52938, valid:yes, name:"mpmissions\TheCommunity.enoch\storage_666\data\dynamic_011.001"
11:21:46 [CE][Storage] ver:24 stamp:52939, valid:yes, name:"mpmissions\TheCommunity.enoch\storage_666\data\dynamic_011.002"
11:21:46 [CE][Storage] Restoring file "mpmissions\TheCommunity.enoch\storage_666\data\dynamic_011.bin" 343 items.
11:21:46   343 items loaded.
11:21:46 [CE][Hive] :: Storage load took:6.45 seconds, recovery stamp:52941
11:21:46   entity: 15731, building: 0
11:21:46   no lifetime: 50
11:21:46 [CE][Hive] :: Initializing ... 
11:21:46 [CE][InitializeMap] :: initialized: 0
11:21:46 [CE][Hive] :: Initializing spawners ... 
11:21:48 [CE][LootRespawner] (PRIDummy) :: Item [0] causing search overtime: "MSFCGorkaPATACSFG"
11:21:48 [CE][LootRespawner] (PRIDummy) :: Item [1] causing search overtime: "MSFCGorkaPATACSFG"
11:21:48 [CE][LootRespawner] (PRIDummy) :: Item [2] causing search overtime: "MSFCGorkaPATACSFG"
11:21:48 [CE][LootRespawner] (PRIDummy) :: Item [3] causing search overtime: "MSFCKryptekRaidPlatePouches"
11:21:48 [CE][LootRespawner] (PRIDummy) :: Item [4] causing search overtime: "MSFCKryptekRaidPlatePouches"
11:21:48 [CE][LootRespawner] (PRIDummy) :: Item [5] causing search overtime: "MSFCKryptekRaidPlatePouches"
11:21:48 [CE][LootRespawner] (PRIDummy) :: Item [6] causing search overtime: "MSFCKryptekRaidPlatePouches"
11:21:48 [CE][LootRespawner] (PRIDummy) :: Item [7] causing search overtime: "MSFCKryptekRaidPlatePouches"
11:21:48 [CE][LootRespawner] (PRIDummy) :: Item [8] causing search overtime: "PlateCarrierVest"
11:21:48 [CE][LootRespawner] (PRIDummy) :: Item [9] causing search overtime: "PlateCarrierVest"
11:21:48 [CE][LootRespawner] (PRIDummy) :: Item [10] causing search overtime: "PlateCarrierVest"
11:21:48 [CE][LootRespawner] (PRIDummy) :: Item [11] causing search overtime: "PlateCarrierVest"
11:21:48 [CE][LootRespawner] (PRIDummy) :: Item [12] causing search overtime: "PlateCarrierVest"
11:21:48 [CE][LootRespawner] (PRIDummy) :: Item [13] causing search overtime: "PlateCarrierVest"
11:21:48 [CE][LootRespawner] (PRIDummy) :: Item [14] causing search overtime: "PlateCarrierVest"
11:21:48 [CE][LootRespawner] (PRIDummy) :: Item [15] causing search overtime: "PlateCarrierVest"
11:21:48 [CE][LootRespawner] (PRIDummy) :: Item [16] causing search overtime: "PlateCarrierVest"
11:21:48 [CE][LootRespawner] (PRIDummy) :: Item [17] causing search overtime: "PlateCarrierVest"
11:21:48 [CE][LootRespawner] (PRIDummy) :: Item [18] causing search overtime: "PlateCarrierVest"
11:21:48 [CE][LootRespawner] (PRIDummy) :: Item [19] causing search overtime: "PlateCarrierVest"
11:21:48 [CE][LootRespawner] (PRIDummy) :: Item [0] is hard to place, performance drops: "M65Jacket_M90"
11:21:48 [CE][LootRespawner] (PRIDummy) :: Item [1] is hard to place, performance drops: "M65Jacket_M90"
11:21:48 [CE][LootRespawner] (PRIDummy) :: Item [2] is hard to place, performance drops: "M65Jacket_M90"
11:21:48 [CE][LootRespawner] (PRIDummy) :: Item [3] is hard to place, performance drops: "M65Jacket_M90"
11:21:48 [CE][LootRespawner] (PRIDummy) :: Item [4] is hard to place, performance drops: "M65Jacket_M90"
11:21:48 [CE][LootRespawner] (PRIDummy) :: Item [5] is hard to place, performance drops: "M65Jacket_M90"
11:21:48 [CE][LootRespawner] (PRIDummy) :: Item [6] is hard to place, performance drops: "M65Jacket_M90"
11:21:48 [CE][LootRespawner] (PRIDummy) :: Item [7] is hard to place, performance drops: "M65Jacket_M90"
11:21:48 [CE][LootRespawner] (PRIDummy) :: Item [8] is hard to place, performance drops: "M65Jacket_M90"
11:21:48 [CE][LootRespawner] (PRIDummy) :: Item [9] is hard to place, performance drops: "M65Jacket_M90"
11:21:49 [CE][LootRespawner] (PRIDummy) :: Item [10] is hard to place, performance drops: "LeatherSewingKit"
11:21:49 [CE][LootRespawner] (PRIDummy) :: Item [11] is hard to place, performance drops: "LeatherSewingKit"
11:21:49 [CE][LootRespawner] (PRIDummy) :: Item [12] is hard to place, performance drops: "PressVest_Blue"
11:21:49 [CE][LootRespawner] (PRIDummy) :: Item [13] is hard to place, performance drops: "baseballbatsaw_mung"
11:21:49 [CE][LootRespawner] (PRIDummy) :: Item [14] is hard to place, performance drops: "MSFCBeerZhigulevskoe"
11:21:49 [CE][LootRespawner] (PRIDummy) :: Item [15] is hard to place, performance drops: "MSFCBeerZhigulevskoe"
11:21:49 [CE][LootRespawner] (PRIDummy) :: Item [16] is hard to place, performance drops: "TacticalShirt_Grey"
11:21:49 [CE][LootRespawner] (PRIDummy) :: Item [17] is hard to place, performance drops: "TacticalShirt_Grey"
11:21:49 [CE][LootRespawner] (PRIDummy) :: Item [18] is hard to place, performance drops: "zeroy_tacklebox"
11:21:49 [CE][LootRespawner] (PRIDummy) :: Item [19] is hard to place, performance drops: "Flashlight"
11:21:50 [CE][LootRespawner] (PRIDummy) :: Initially (re)spawned:671, Nominal:32677, Total in Map: 15759 at 1 (sec)
11:21:50   tests:708, repeats:0 fails:37, overtime:12692
11:21:50 [CE][DynEvent] :: 33 types
11:21:50 [00] AmbientHen
11:21:50   Primary Spawner: "Ambient", active: yes, repeat: 1
11:21:50 [01] AnimalBear
11:21:50   Primary Spawner: "Animal", active: yes, repeat: 1
11:21:50 [02] AnimalCow
11:21:50   Primary Spawner: "Animal", active: yes, repeat: 1
11:21:50 [03] AnimalDeer
11:21:50   Primary Spawner: "Animal", active: yes, repeat: 1
11:21:50 [04] AnimalGoat
11:21:50   Primary Spawner: "Animal", active: yes, repeat: 1
11:21:50 [05] AnimalPig
11:21:50   Primary Spawner: "Animal", active: yes, repeat: 1
11:21:50 [06] AnimalRoeDeer
11:21:50   Primary Spawner: "Animal", active: yes, repeat: 1
11:21:50 [07] AnimalSheep
11:21:50   Primary Spawner: "Animal", active: yes, repeat: 1
11:21:50 [08] AnimalWildBoar
11:21:50   Primary Spawner: "Animal", active: yes, repeat: 1
11:21:50 [09] AnimalWolf
11:21:50   Primary Spawner: "Animal", active: yes, repeat: 1
11:21:50 [10] InfectedArmy
11:21:50   Primary Spawner: "Infected", active: yes, repeat: 1
11:21:50 [11] InfectedCity
11:21:50   Primary Spawner: "Infected", active: yes, repeat: 1
11:21:50 [12] InfectedFirefighter
11:21:50   Primary Spawner: "Infected", active: yes, repeat: 1
11:21:50 [13] InfectedIndustrial
11:21:50   Primary Spawner: "Infected", active: yes, repeat: 1
11:21:50 [14] InfectedMedic
11:21:50   Primary Spawner: "Infected", active: yes, repeat: 1
11:21:50 [15] InfectedPolice
11:21:50   Primary Spawner: "Infected", active: yes, repeat: 1
11:21:50 [16] InfectedPrisoner
11:21:50   Primary Spawner: "Infected", active: yes, repeat: 1
11:21:50 [17] InfectedReligious
11:21:50   Primary Spawner: "Infected", active: yes, repeat: 1
11:21:50 [18] InfectedSolitude
11:21:50   Primary Spawner: "Infected", active: yes, repeat: 1
11:21:50 [19] InfectedVillage
11:21:50   Primary Spawner: "Infected", active: yes, repeat: 1
11:21:50 [20] ItemPlanks
11:21:50   Primary Spawner: "Item", active: yes, repeat: 1
11:21:50 [21] Loot
11:21:50   Primary Spawner: "Loot", active: yes, repeat: 2
11:21:50 [22] StaticHeliCrash
11:21:50   Primary Spawner: "Vehicle", active: yes, repeat: 1
11:21:50   Secondary Spawner: "Infected", active: yes, repeat: 1
11:21:50 [23] StaticPoliceCar
11:21:50   Primary Spawner: "Vehicle", active: yes, repeat: 1
11:21:50 [24] TrajectoryConiferous
11:21:50   Primary Spawner: "Trajectory", active: yes, repeat: 1
11:21:50 [25] TrajectoryDeciduous
11:21:50   Primary Spawner: "Trajectory", active: yes, repeat: 1
11:21:50 [26] TrajectoryHumus
11:21:50   Primary Spawner: "Trajectory", active: yes, repeat: 1
11:21:50 [27] TrajectoryStones
11:21:50   Primary Spawner: "Trajectory", active: yes, repeat: 1
11:21:50 [28] VehicleCivilianSedan
11:21:50   Primary Spawner: "Vehicle", active: yes, repeat: 1
11:21:50 [29] VehicleHatchback02
11:21:50   Primary Spawner: "Vehicle", active: yes, repeat: 1
11:21:50 [30] VehicleOffroadHatchback
11:21:50   Primary Spawner: "Vehicle", active: yes, repeat: 1
11:21:50 [31] VehicleSedan02
11:21:50   Primary Spawner: "Vehicle", active: yes, repeat: 1
11:21:50 [32] VehicleCrSk_Land_Rover_Defender_110
11:21:50   Primary Spawner: "Vehicle", active: yes, repeat: 1
11:21:50 [CE][Hive] :: Initializing of spawners done.
11:21:50 [CE][Hive] :: Init sequence finished.
11:21:55 BattlEye Server: RCon admin #0 (127.0.0.1:56754) logged in
11:22:20 Average server FPS: 2100.97 (measured interval: 30 s)
11:22:20 Used memory: 1569919 KB
11:22:20 Players: 0 in total
11:22:50 Average server FPS: 707.14 (measured interval: 30 s)
11:22:50 Used memory: 1578485 KB
11:22:50 Players: 0 in total
11:23:20 Average server FPS: 654.13 (measured interval: 30 s)
11:23:20 Used memory: 1584944 KB
11:23:20 Players: 0 in total
11:23:50 Average server FPS: 677.84 (measured interval: 30 s)
11:23:50 Used memory: 1584425 KB
11:23:50 Players: 0 in total
11:24:20 Average server FPS: 822.80 (measured interval: 30 s)
11:24:20 Used memory: 1588949 KB
11:24:20 Players: 0 in total
11:24:50 Average server FPS: 1283.11 (measured interval: 30 s)
11:24:50 Used memory: 1595313 KB
11:24:50 Players: 0 in total
11:25:20 Average server FPS: 1606.53 (measured interval: 30 s)
11:25:20 Used memory: 1597609 KB
11:25:20 Players: 0 in total
11:25:50 Average server FPS: 1824.53 (measured interval: 30 s)
11:25:50 Used memory: 1600576 KB
11:25:50 Players: 0 in total
11:26:20 Average server FPS: 1890.09 (measured interval: 30 s)
11:26:20 Used memory: 1601240 KB
11:26:20 Players: 0 in total
11:26:50 Average server FPS: 1956.54 (measured interval: 30 s)
11:26:50 Used memory: 1603247 KB
11:26:50 Players: 0 in total
11:26:55 BattlEye Server: RCon admin #0: (Global) Welcome to TheCommunity Test Server! This server restarts every 60 minutes
11:26:57 BattlEye Server: RCon admin #0: (Global) https://discord.gg/2W6YhGt -- If you need help join the discord and chime an admin
11:27:20 Average server FPS: 2005.77 (measured interval: 30 s)
11:27:20 Used memory: 1603932 KB
11:27:20 Players: 0 in total
11:27:50 Average server FPS: 1990.92 (measured interval: 30 s)
11:27:50 Used memory: 1603934 KB
11:27:50 Players: 0 in total
11:28:09 [CE][SpawnRandomLoot] (StaticHeliCrash) :: ChildType: Wreck_Mi8, lootmin: 10, lootmax: 20, wanted: 15
11:28:09 [CE][SpawnRandomLoot] (StaticHeliCrash) :: ChildType: Wreck_Mi8, lootmin: 10, lootmax: 20, wanted: 18
11:28:20 Average server FPS: 1912.73 (measured interval: 30 s)
11:28:20 Used memory: 1607005 KB
11:28:20 Players: 0 in total
11:28:51 Average server FPS: 2169.60 (measured interval: 30 s)
11:28:51 Used memory: 1613452 KB
11:28:51 Players: 0 in total
11:29:21 Average server FPS: 2016.17 (measured interval: 30 s)
11:29:21 Used memory: 1617239 KB
11:29:21 Players: 0 in total
11:29:51 Average server FPS: 2111.00 (measured interval: 30 s)
11:29:51 Used memory: 1627394 KB
11:29:51 Players: 0 in total
11:30:21 Average server FPS: 2161.43 (measured interval: 30 s)
11:30:21 Used memory: 1631043 KB
11:30:21 Players: 0 in total
11:30:51 Average server FPS: 2280.00 (measured interval: 30 s)
11:30:51 Used memory: 1637951 KB
11:30:51 Players: 0 in total
11:31:21 Average server FPS: 2668.02 (measured interval: 30 s)
11:31:21 Used memory: 1643332 KB
11:31:21 Players: 0 in total
11:31:51 Average server FPS: 2768.77 (measured interval: 30 s)
11:31:51 Used memory: 1654087 KB
11:31:51 Players: 0 in total
11:32:21 Average server FPS: 2733.91 (measured interval: 30 s)
11:32:21 Used memory: 1658550 KB
11:32:21 Players: 0 in total
11:32:51 Average server FPS: 2701.60 (measured interval: 30 s)
11:32:51 Used memory: 1661519 KB
11:32:51 Players: 0 in total
11:33:21 Average server FPS: 2626.90 (measured interval: 30 s)
11:33:21 Used memory: 1665919 KB
11:33:21 Players: 0 in total
11:33:51 Average server FPS: 2691.00 (measured interval: 30 s)
11:33:51 Used memory: 1672280 KB
11:33:51 Players: 0 in total
11:34:21 Average server FPS: 2590.87 (measured interval: 30 s)
11:34:21 Used memory: 1673748 KB
11:34:21 Players: 0 in total
11:34:51 Average server FPS: 2701.50 (measured interval: 30 s)
11:34:51 Used memory: 1679068 KB
11:34:51 Players: 0 in total
11:35:21 Average server FPS: 2634.27 (measured interval: 30 s)
11:35:21 Used memory: 1683061 KB
11:35:21 Players: 0 in total
11:35:51 Average server FPS: 2793.67 (measured interval: 30 s)
11:35:51 Used memory: 1689560 KB
11:35:51 Players: 0 in total
11:36:21 Average server FPS: 2595.67 (measured interval: 30 s)
11:36:21 Used memory: 1692441 KB
11:36:21 Players: 0 in total
11:36:51 Average server FPS: 2685.81 (measured interval: 30 s)
11:36:51 Used memory: 1697473 KB
11:36:51 Players: 0 in total
11:37:21 Average server FPS: 2689.17 (measured interval: 30 s)
11:37:21 Used memory: 1701763 KB
11:37:21 Players: 0 in total
11:37:51 Average server FPS: 747.70 (measured interval: 30 s)
11:37:51 Used memory: 1703659 KB
11:37:51 Players: 0 in total
11:38:21 Average server FPS: 882.17 (measured interval: 30 s)
11:38:21 Used memory: 1704733 KB
11:38:21 Players: 0 in total
11:38:51 Average server FPS: 1674.70 (measured interval: 30 s)
11:38:51 Used memory: 1704732 KB
11:38:51 Players: 0 in total
11:39:21 Average server FPS: 4785.50 (measured interval: 30 s)
11:39:21 Used memory: 1705042 KB
11:39:21 Players: 0 in total
11:39:51 Average server FPS: 7270.63 (measured interval: 30 s)
11:39:51 Used memory: 1704827 KB
11:39:51 Players: 0 in total
11:40:21 Average server FPS: 7154.07 (measured interval: 30 s)
11:40:21 Used memory: 1705265 KB
11:40:21 Players: 0 in total
11:40:51 Average server FPS: 7309.03 (measured interval: 30 s)
11:40:51 Used memory: 1705181 KB
11:40:51 Players: 0 in total
11:41:21 Average server FPS: 7412.90 (measured interval: 30 s)
11:41:21 Used memory: 1705193 KB
11:41:21 Players: 0 in total
11:41:51 Average server FPS: 7185.97 (measured interval: 30 s)
11:41:51 Used memory: 1705261 KB
11:41:51 Players: 0 in total
11:42:21 Average server FPS: 7648.93 (measured interval: 30 s)
11:42:21 Used memory: 1705398 KB
11:42:21 Players: 0 in total
11:42:51 Average server FPS: 7726.57 (measured interval: 30 s)
11:42:51 Used memory: 1705362 KB
11:42:51 Players: 0 in total
11:43:21 Average server FPS: 7712.80 (measured interval: 30 s)
11:43:21 Used memory: 1705249 KB
11:43:21 Players: 0 in total
11:43:51 Average server FPS: 7690.13 (measured interval: 30 s)
11:43:51 Used memory: 1705983 KB
11:43:51 Players: 0 in total
11:44:21 Average server FPS: 7696.77 (measured interval: 30 s)
11:44:21 Used memory: 1706260 KB
11:44:21 Players: 0 in total
11:44:51 Average server FPS: 7659.07 (measured interval: 30 s)
11:44:51 Used memory: 1705874 KB
11:44:51 Players: 0 in total
11:45:21 Average server FPS: 7558.93 (measured interval: 30 s)
11:45:21 Used memory: 1705740 KB
11:45:21 Players: 0 in total
11:45:51 Average server FPS: 7519.77 (measured interval: 30 s)
11:45:51 Used memory: 1705206 KB
11:45:51 Players: 0 in total
11:46:21 Average server FPS: 7556.20 (measured interval: 30 s)
11:46:21 Used memory: 1705683 KB
11:46:21 Players: 0 in total
11:46:51 Average server FPS: 7598.47 (measured interval: 30 s)
11:46:51 Used memory: 1705247 KB
11:46:51 Players: 0 in total
11:47:21 Average server FPS: 7629.97 (measured interval: 30 s)
11:47:21 Used memory: 1705198 KB
11:47:21 Players: 0 in total
11:47:30 [CE][SpawnRandomLoot] (StaticHeliCrash) :: ChildType: Wreck_UH1Y, lootmin: 10, lootmax: 20, wanted: 13
11:47:51 Average server FPS: 7355.43 (measured interval: 30 s)
11:47:51 Used memory: 1705696 KB
11:47:51 Players: 0 in total
11:48:21 Average server FPS: 7747.37 (measured interval: 30 s)
11:48:21 Used memory: 1705349 KB
11:48:21 Players: 0 in total
11:48:51 Average server FPS: 7691.80 (measured interval: 30 s)
11:48:51 Used memory: 1705879 KB
11:48:51 Players: 0 in total
11:49:21 Average server FPS: 7667.97 (measured interval: 30 s)
11:49:21 Used memory: 1706050 KB
11:49:21 Players: 0 in total
11:49:51 Average server FPS: 7755.40 (measured interval: 30 s)
11:49:51 Used memory: 1705239 KB
11:49:51 Players: 0 in total
11:50:21 Average server FPS: 7623.00 (measured interval: 30 s)
11:50:21 Used memory: 1705309 KB
11:50:21 Players: 0 in total
11:50:51 Average server FPS: 7708.00 (measured interval: 30 s)
11:50:51 Used memory: 1705440 KB
11:50:51 Players: 0 in total
11:51:21 Average server FPS: 7752.83 (measured interval: 30 s)
11:51:21 Used memory: 1705170 KB
11:51:21 Players: 0 in total
11:51:51 Average server FPS: 7668.57 (measured interval: 30 s)
11:51:51 Used memory: 1705583 KB
11:51:51 Players: 0 in total
11:51:55 BattlEye Server: RCon admin #0: (Global) Server Restart in about 30 minutes
11:52:21 Average server FPS: 7566.90 (measured interval: 30 s)
11:52:21 Used memory: 1705205 KB
11:52:21 Players: 0 in total
11:52:51 Average server FPS: 6747.49 (measured interval: 30 s)
11:52:51 Used memory: 1705551 KB
11:52:51 Players: 0 in total
11:53:21 Average server FPS: 2867.87 (measured interval: 30 s)
11:53:21 Used memory: 1705279 KB
11:53:21 Players: 0 in total
11:53:51 Average server FPS: 2857.97 (measured interval: 30 s)
11:53:51 Used memory: 1705230 KB
11:53:51 Players: 0 in total
11:54:21 Average server FPS: 2623.78 (measured interval: 30 s)
11:54:21 Used memory: 1705120 KB
11:54:21 Players: 0 in total
11:54:51 Average server FPS: 3237.07 (measured interval: 30 s)
11:54:51 Used memory: 1704831 KB
11:54:51 Players: 0 in total
11:55:02 [CE][SpawnRandomLoot] (StaticPoliceCar) :: ChildType: Land_Wreck_Volha_Police, lootmin: 3, lootmax: 5, wanted: 3
11:55:02 [CE][SpawnRandomLoot] (StaticPoliceCar) :: ChildType: Land_Wreck_Volha_Police, lootmin: 3, lootmax: 5, wanted: 4
11:55:02 [CE][SpawnRandomLoot] (StaticPoliceCar) :: ChildType: Land_Wreck_Volha_Police, lootmin: 3, lootmax: 5, wanted: 3
11:55:02 [CE][SpawnRandomLoot] (StaticPoliceCar) :: ChildType: Land_Wreck_Volha_Police, lootmin: 3, lootmax: 5, wanted: 4
11:55:02 [CE][SpawnRandomLoot] (StaticPoliceCar) :: ChildType: Land_Wreck_Volha_Police, lootmin: 3, lootmax: 5, wanted: 4
11:55:02 [CE][SpawnRandomLoot] (StaticPoliceCar) :: ChildType: Land_Wreck_Volha_Police, lootmin: 3, lootmax: 5, wanted: 4
11:55:02 [CE][SpawnRandomLoot] (StaticPoliceCar) :: ChildType: Land_Wreck_Volha_Police, lootmin: 3, lootmax: 5, wanted: 4
11:55:02 [CE][SpawnRandomLoot] (StaticPoliceCar) :: ChildType: Land_Wreck_Volha_Police, lootmin: 3, lootmax: 5, wanted: 3
11:55:02 [CE][SpawnRandomLoot] (StaticPoliceCar) :: ChildType: Land_Wreck_Volha_Police, lootmin: 3, lootmax: 5, wanted: 4
11:55:02 [CE][SpawnRandomLoot] (StaticPoliceCar) :: ChildType: Land_Wreck_Volha_Police, lootmin: 3, lootmax: 5, wanted: 4
11:55:21 Average server FPS: 3974.40 (measured interval: 30 s)
11:55:21 Used memory: 1706591 KB
11:55:21 Players: 0 in total
11:55:51 Average server FPS: 5582.43 (measured interval: 30 s)
11:55:51 Used memory: 1706341 KB
11:55:51 Players: 0 in total
11:55:58 !!! [CE][Point] Removing 9200.760742, 4407.120605 from Land_Shed_W1
11:56:21 Average server FPS: 5675.40 (measured interval: 30 s)
11:56:21 Used memory: 1706193 KB
11:56:21 Players: 0 in total
11:56:51 Average server FPS: 5663.20 (measured interval: 30 s)
11:56:51 Used memory: 1706232 KB
11:56:51 Players: 0 in total
11:56:55 BattlEye Server: RCon admin #0: (Global) Welcome to TheCommunity Test Server! This server restarts every 60 minutes
11:56:57 BattlEye Server: RCon admin #0: (Global) https://discord.gg/2W6YhGt -- If you need help join the discord and chime an admin
11:57:21 Average server FPS: 5781.73 (measured interval: 30 s)
11:57:21 Used memory: 1706004 KB
11:57:21 Players: 0 in total
11:57:51 Average server FPS: 5788.50 (measured interval: 30 s)
11:57:51 Used memory: 1706021 KB
11:57:51 Players: 0 in total
11:58:21 Average server FPS: 5972.80 (measured interval: 30 s)
11:58:21 Used memory: 1705797 KB
11:58:21 Players: 0 in total
11:58:51 Average server FPS: 6613.30 (measured interval: 30 s)
11:58:51 Used memory: 1705830 KB
11:58:51 Players: 0 in total
11:59:21 Average server FPS: 7033.03 (measured interval: 30 s)
11:59:21 Used memory: 1705591 KB
11:59:21 Players: 0 in total
11:59:51 Average server FPS: 6991.40 (measured interval: 30 s)
11:59:51 Used memory: 1705418 KB
11:59:51 Players: 0 in total
12:00:21 Average server FPS: 7625.30 (measured interval: 30 s)
12:00:21 Used memory: 1705232 KB
12:00:21 Players: 0 in total
12:00:51 Average server FPS: 7768.70 (measured interval: 30 s)
12:00:51 Used memory: 1705170 KB
12:00:51 Players: 0 in total
12:01:21 Average server FPS: 7786.83 (measured interval: 30 s)
12:01:21 Used memory: 1705377 KB
12:01:21 Players: 0 in total
12:01:51 Average server FPS: 6687.00 (measured interval: 30 s)
12:01:51 Used memory: 1705693 KB
12:01:51 Players: 0 in total
12:02:21 Average server FPS: 7208.03 (measured interval: 30 s)
12:02:21 Used memory: 1706539 KB
12:02:21 Players: 0 in total
12:02:51 Average server FPS: 7771.30 (measured interval: 30 s)
12:02:51 Used memory: 1707001 KB
12:02:51 Players: 0 in total
12:03:21 Average server FPS: 7460.50 (measured interval: 30 s)
12:03:21 Used memory: 1706914 KB
12:03:21 Players: 0 in total
12:03:51 Average server FPS: 6543.30 (measured interval: 30 s)
12:03:51 Used memory: 1706774 KB
12:03:51 Players: 0 in total
12:04:21 Average server FPS: 6666.33 (measured interval: 30 s)
12:04:21 Used memory: 1706514 KB
12:04:21 Players: 0 in total
12:04:51 Average server FPS: 6813.13 (measured interval: 30 s)
12:04:51 Used memory: 1707118 KB
12:04:51 Players: 0 in total
12:05:21 Average server FPS: 6806.90 (measured interval: 30 s)
12:05:21 Used memory: 1706828 KB
12:05:21 Players: 0 in total
12:05:51 Average server FPS: 6742.53 (measured interval: 30 s)
12:05:51 Used memory: 1706888 KB
12:05:51 Players: 0 in total
12:06:21 Average server FPS: 7261.20 (measured interval: 30 s)
12:06:21 Used memory: 1706927 KB
12:06:21 Players: 0 in total
12:06:51 Average server FPS: 7073.77 (measured interval: 30 s)
12:06:51 Used memory: 1706950 KB
12:06:51 Players: 0 in total
12:06:55 BattlEye Server: RCon admin #0: (Global) Server Restart in about 15 minutes
12:07:22 Average server FPS: 5401.84 (measured interval: 30 s)
12:07:22 Used memory: 1706583 KB
12:07:22 Players: 0 in total
12:07:52 Average server FPS: 2193.27 (measured interval: 30 s)
12:07:52 Used memory: 1706450 KB
12:07:52 Players: 0 in total
12:08:22 Average server FPS: 2548.93 (measured interval: 30 s)
12:08:22 Used memory: 1706362 KB
12:08:22 Players: 0 in total
12:08:53 Average server FPS: 1954.42 (measured interval: 30 s)
12:08:53 Used memory: 1706458 KB
12:08:53 Players: 0 in total
12:09:23 Average server FPS: 2911.20 (measured interval: 30 s)
12:09:23 Used memory: 1706034 KB
12:09:23 Players: 0 in total
12:09:53 Average server FPS: 2670.00 (measured interval: 30 s)
12:09:53 Used memory: 1706053 KB
12:09:53 Players: 0 in total
12:10:23 Average server FPS: 3764.27 (measured interval: 30 s)
12:10:23 Used memory: 1705870 KB
12:10:23 Players: 0 in total
12:10:53 Average server FPS: 4115.66 (measured interval: 30 s)
12:10:53 Used memory: 1705569 KB
12:10:53 Players: 0 in total
12:11:23 Average server FPS: 4032.49 (measured interval: 30 s)
12:11:23 Used memory: 1705600 KB
12:11:23 Players: 0 in total
12:11:53 Average server FPS: 3718.63 (measured interval: 30 s)
12:11:53 Used memory: 1705502 KB
12:11:53 Players: 0 in total
12:11:56 BattlEye Server: RCon admin #0: (Global) Server Restart in 10 minutes
12:12:23 Average server FPS: 3699.95 (measured interval: 30 s)
12:12:23 Used memory: 1705289 KB
12:12:23 Players: 0 in total
12:12:53 Average server FPS: 4567.93 (measured interval: 30 s)
12:12:53 Used memory: 1705251 KB
12:12:53 Players: 0 in total
12:13:23 Average server FPS: 5918.17 (measured interval: 30 s)
12:13:23 Used memory: 1706106 KB
12:13:23 Players: 0 in total
12:13:53 Average server FPS: 6231.33 (measured interval: 30 s)
12:13:53 Used memory: 1706289 KB
12:13:53 Players: 0 in total
12:14:23 Average server FPS: 6461.17 (measured interval: 30 s)
12:14:23 Used memory: 1706180 KB
12:14:23 Players: 0 in total
12:14:53 Average server FPS: 6693.67 (measured interval: 30 s)
12:14:53 Used memory: 1706322 KB
12:14:53 Players: 0 in total
12:15:23 Average server FPS: 6763.00 (measured interval: 30 s)
12:15:23 Used memory: 1706363 KB
12:15:23 Players: 0 in total
12:15:53 Average server FPS: 7008.73 (measured interval: 30 s)
12:15:53 Used memory: 1706333 KB
12:15:53 Players: 0 in total
12:16:23 Average server FPS: 7068.63 (measured interval: 30 s)
12:16:23 Used memory: 1706136 KB
12:16:23 Players: 0 in total
12:16:53 Average server FPS: 6923.20 (measured interval: 30 s)
12:16:53 Used memory: 1706160 KB
12:16:53 Players: 0 in total
12:16:55 BattlEye Server: RCon admin #0: (Global) Server Restart in 5 minutes
12:17:10 [CE][SpawnRandomLoot] (StaticHeliCrash) :: ChildType: Wreck_UH1Y, lootmin: 10, lootmax: 20, wanted: 12
12:17:10 [CE][SpawnRandomLoot] (StaticHeliCrash) :: ChildType: Wreck_UH1Y, lootmin: 10, lootmax: 20, wanted: 19
12:17:23 Average server FPS: 6577.33 (measured interval: 30 s)
12:17:23 Used memory: 1706532 KB
12:17:23 Players: 0 in total
12:17:53 Average server FPS: 7108.47 (measured interval: 30 s)
12:17:53 Used memory: 1706556 KB
12:17:53 Players: 0 in total
12:18:23 Average server FPS: 7143.90 (measured interval: 30 s)
12:18:23 Used memory: 1706281 KB
12:18:23 Players: 0 in total
12:18:53 Average server FPS: 7193.90 (measured interval: 30 s)
12:18:53 Used memory: 1706172 KB
12:18:53 Players: 0 in total
12:19:23 Average server FPS: 6952.03 (measured interval: 30 s)
12:19:23 Used memory: 1706479 KB
12:19:23 Players: 0 in total
12:19:53 Average server FPS: 7091.70 (measured interval: 30 s)
12:19:53 Used memory: 1706840 KB
12:19:53 Players: 0 in total
12:19:55 BattlEye Server: RCon admin #0: (Global) Server Restart in 2 minutes
12:20:23 Average server FPS: 7348.60 (measured interval: 30 s)
12:20:23 Used memory: 1707038 KB
12:20:23 Players: 0 in total
12:20:53 Average server FPS: 7130.50 (measured interval: 30 s)
12:20:53 Used memory: 1707138 KB
12:20:53 Players: 0 in total
12:21:15 BattlEye Server: RCon admin #0: (Global) SERVER RESTART LOGOUT NOW!
12:21:23 Average server FPS: 7330.83 (measured interval: 30 s)
12:21:23 Used memory: 1706458 KB
12:21:23 Players: 0 in total
12:21:53 Average server FPS: 7426.70 (measured interval: 30 s)
12:21:53 Used memory: 1706443 KB
12:21:53 Players: 0 in total
